Using pre-set license
Built from '2021.3/staging' branch; Version is '2021.3.16f1 (4016570cf34f) revision 4200023'; Using compiler version '192829333'; Build Type 'Release'
OS: 'Windows 10  (10.0.19045) 64bit Core' Language: 'en' Physical Memory: 16299 MB
BatchMode: 1, IsHumanControllingUs: 0, StartBugReporterOnCrash: 0, Is64bit: 1, IsPro: 1

COMMAND LINE ARGUMENTS:
C:\Program Files\Unity\Hub\Editor\2021.3.16f1\Editor\Unity.exe
-adb2
-batchMode
-noUpm
-name
AssetImportWorker8
-projectPath
V:/RJT-A-Parkour-Experience/RJT-A-Parkour-Experience/RJT APE
-logFile
Logs/AssetImportWorker8.log
-srvPort
57154
Successfully changed project path to: V:/RJT-A-Parkour-Experience/RJT-A-Parkour-Experience/RJT APE
V:/RJT-A-Parkour-Experience/RJT-A-Parkour-Experience/RJT APE
[UnityMemory] Configuration Parameters - Can be set up in boot.config
    "memorysetup-bucket-allocator-granularity=16"
    "memorysetup-bucket-allocator-bucket-count=8"
    "memorysetup-bucket-allocator-block-size=33554432"
    "memorysetup-bucket-allocator-block-count=8"
    "memorysetup-main-allocator-block-size=16777216"
    "memorysetup-thread-allocator-block-size=16777216"
    "memorysetup-gfx-main-allocator-block-size=16777216"
    "memorysetup-gfx-thread-allocator-block-size=16777216"
    "memorysetup-cache-allocator-block-size=4194304"
    "memorysetup-typetree-allocator-block-size=2097152"
    "memorysetup-profiler-bucket-allocator-granularity=16"
    "memorysetup-profiler-bucket-allocator-bucket-count=8"
    "memorysetup-profiler-bucket-allocator-block-size=33554432"
    "memorysetup-profiler-bucket-allocator-block-count=8"
    "memorysetup-profiler-allocator-block-size=16777216"
    "memorysetup-profiler-editor-allocator-block-size=1048576"
    "memorysetup-temp-allocator-size-main=16777216"
    "memorysetup-job-temp-allocator-block-size=2097152"
    "memorysetup-job-temp-allocator-block-size-background=1048576"
    "memorysetup-job-temp-allocator-reduction-small-platforms=262144"
    "memorysetup-temp-allocator-size-background-worker=32768"
    "memorysetup-temp-allocator-size-job-worker=262144"
    "memorysetup-temp-allocator-size-preload-manager=33554432"
    "memorysetup-temp-allocator-size-nav-mesh-worker=65536"
    "memorysetup-temp-allocator-size-audio-worker=65536"
    "memorysetup-temp-allocator-size-cloud-worker=32768"
    "memorysetup-temp-allocator-size-gi-baking-worker=262144"
    "memorysetup-temp-allocator-size-gfx=262144"
Player connection [17236] Host "[IP] 172.18.10.51 [Port] 0 [Flags] 2 [Guid] 3591901662 [EditorId] 3591901662 [Version] 1048832 [Id] WindowsEditor(7,DESKTOP-C8QNRHO) [Debug] 1 [PackageName] WindowsEditor [ProjectName] Editor" joined multi-casting on [225.0.0.222:54997]...

Player connection [17236] Host "[IP] 172.18.10.51 [Port] 0 [Flags] 2 [Guid] 3591901662 [EditorId] 3591901662 [Version] 1048832 [Id] WindowsEditor(7,DESKTOP-C8QNRHO) [Debug] 1 [PackageName] WindowsEditor [ProjectName] Editor" joined alternative multi-casting on [225.0.0.222:34997]...

Refreshing native plugins compatible for Editor in 116.89 ms, found 3 plugins.
Preloading 0 native plugins for Editor in 0.00 ms.
Initialize engine version: 2021.3.16f1 (4016570cf34f)
[Subsystems] Discovering subsystems at path C:/Program Files/Unity/Hub/Editor/2021.3.16f1/Editor/Data/Resources/UnitySubsystems
[Subsystems] Discovering subsystems at path V:/RJT-A-Parkour-Experience/RJT-A-Parkour-Experience/RJT APE/Assets
GfxDevice: creating device client; threaded=0; jobified=0
Direct3D:
    Version:  Direct3D 11.0 [level 11.1]
    Renderer: NVIDIA GeForce RTX 3070 (ID=0x2484)
    Vendor:   NVIDIA
    VRAM:     8018 MB
    Driver:   31.0.15.5123
Initialize mono
Mono path[0] = 'C:/Program Files/Unity/Hub/Editor/2021.3.16f1/Editor/Data/Managed'
Mono path[1] = 'C:/Program Files/Unity/Hub/Editor/2021.3.16f1/Editor/Data/MonoBleedingEdge/lib/mono/unityjit-win32'
Mono config path = 'C:/Program Files/Unity/Hub/Editor/2021.3.16f1/Editor/Data/MonoBleedingEdge/etc'
Using monoOptions --debugger-agent=transport=dt_socket,embedding=1,server=y,suspend=n,address=127.0.0.1:56112
Begin MonoManager ReloadAssembly
Registering precompiled unity dll's ...
Register platform support module: C:/Program Files/Unity/Hub/Editor/2021.3.16f1/Editor/Data/PlaybackEngines/WebGLSupport/UnityEditor.WebGL.Extensions.dll
Register platform support module: C:/Program Files/Unity/Hub/Editor/2021.3.16f1/Editor/Data/PlaybackEngines/WindowsStandaloneSupport/UnityEditor.WindowsStandalone.Extensions.dll
Registered in 0.010085 seconds.
Native extension for WindowsStandalone target not found
Native extension for WebGL target not found
Refreshing native plugins compatible for Editor in 105.32 ms, found 3 plugins.
Preloading 0 native plugins for Editor in 0.00 ms.
Mono: successfully reloaded assembly
- Completed reload, in  0.607 seconds
Domain Reload Profiling:
	ReloadAssembly (608ms)
		BeginReloadAssembly (71ms)
			ExecutionOrderSort (0ms)
			DisableScriptedObjects (0ms)
			BackupInstance (0ms)
			ReleaseScriptingObjects (0ms)
			CreateAndSetChildDomain (1ms)
		EndReloadAssembly (427ms)
			LoadAssemblies (68ms)
			RebuildTransferFunctionScriptingTraits (0ms)
			SetupTypeCache (94ms)
			ReleaseScriptCaches (0ms)
			RebuildScriptCaches (28ms)
			SetupLoadedEditorAssemblies (261ms)
				LogAssemblyErrors (0ms)
				InitializePlatformSupportModulesInManaged (9ms)
				SetLoadedEditorAssemblies (0ms)
				RefreshPlugins (105ms)
				BeforeProcessingInitializeOnLoad (1ms)
				ProcessInitializeOnLoadAttributes (111ms)
				ProcessInitializeOnLoadMethodAttributes (35ms)
				AfterProcessingInitializeOnLoad (0ms)
				EditorAssembliesLoaded (0ms)
			ExecutionOrderSort2 (0ms)
			AwakeInstancesAfterBackupRestoration (0ms)
Platform modules already initialized, skipping
Registering precompiled user dll's ...
Registered in 0.006872 seconds.
Begin MonoManager ReloadAssembly
Symbol file LoadedFromMemory doesn't match image V:\RJT-A-Parkour-Experience\RJT-A-Parkour-Experience\RJT APE\Library\PackageCache\com.unity.visualscripting@1.7.8\Editor\VisualScripting.Core\Dependencies\YamlDotNet\Unity.VisualScripting.YamlDotNet.dll
Symbol file LoadedFromMemory doesn't match image V:\RJT-A-Parkour-Experience\RJT-A-Parkour-Experience\RJT APE\Library\PackageCache\com.unity.visualscripting@1.7.8\Editor\VisualScripting.Core\Dependencies\DotNetZip\Unity.VisualScripting.IonicZip.dll
Native extension for WindowsStandalone target not found
Native extension for WebGL target not found
Refreshing native plugins compatible for Editor in 119.83 ms, found 3 plugins.
Preloading 0 native plugins for Editor in 0.00 ms.
Mono: successfully reloaded assembly
- Completed reload, in  1.290 seconds
Domain Reload Profiling:
	ReloadAssembly (1291ms)
		BeginReloadAssembly (113ms)
			ExecutionOrderSort (0ms)
			DisableScriptedObjects (5ms)
			BackupInstance (0ms)
			ReleaseScriptingObjects (0ms)
			CreateAndSetChildDomain (18ms)
		EndReloadAssembly (1071ms)
			LoadAssemblies (89ms)
			RebuildTransferFunctionScriptingTraits (0ms)
			SetupTypeCache (278ms)
			ReleaseScriptCaches (1ms)
			RebuildScriptCaches (57ms)
			SetupLoadedEditorAssemblies (623ms)
				LogAssemblyErrors (0ms)
				InitializePlatformSupportModulesInManaged (6ms)
				SetLoadedEditorAssemblies (0ms)
				RefreshPlugins (120ms)
				BeforeProcessingInitializeOnLoad (121ms)
				ProcessInitializeOnLoadAttributes (297ms)
				ProcessInitializeOnLoadMethodAttributes (69ms)
				AfterProcessingInitializeOnLoad (10ms)
				EditorAssembliesLoaded (0ms)
			ExecutionOrderSort2 (0ms)
			AwakeInstancesAfterBackupRestoration (5ms)
Platform modules already initialized, skipping
========================================================================
Worker process is ready to serve import requests
Launched and connected shader compiler UnityShaderCompiler.exe after 0.03 seconds
Refreshing native plugins compatible for Editor in 1.13 ms, found 3 plugins.
Preloading 0 native plugins for Editor in 0.00 ms.
Unloading 5719 Unused Serialized files (Serialized files now loaded: 0)
Unloading 61 unused Assets / (1.2 MB). Loaded Objects now: 6159.
Memory consumption went from 226.9 MB to 225.7 MB.
Total: 4.019200 ms (FindLiveObjects: 0.481600 ms CreateObjectMapping: 0.183500 ms MarkObjects: 2.870700 ms  DeleteObjects: 0.482500 ms)

AssetImportParameters requested are different than current active one (requested -> active):
  custom:video-decoder-ogg-theora: a1e56fd34408186e4bbccfd4996cb3dc -> 
  custom:container-muxer-webm: aa71ff27fc2769a1b78a27578f13a17b -> 
  custom:container-demuxer-webm: 4f35f7cbe854078d1ac9338744f61a02 -> 
  custom:video-encoder-webm-vp8: eb34c28f22e8b96e1ab97ce403110664 -> 
  custom:audio-encoder-webm-vorbis: bf7c407c2cedff20999df2af8eb42d56 -> 
  custom:framework-win-MediaFoundation: 216162199b28c13a410421893ffa2e32 -> 
  custom:container-demuxer-ogg: 62fdf1f143b41e24485cea50d1cbac27 -> 
  custom:video-decoder-webm-vp8: 9c59270c3fd7afecdb556c50c9e8de78 -> 
  custom:audio-decoder-ogg-vorbis: bf7c407c2cedff20999df2af8eb42d56 -> 
========================================================================
Received Import Request.
  Time since last request: 774310.917753 seconds.
  path: Assets/Vinh/iPoly3D/Prototype Textures/Materials/Grey/Grey_1.mat
  artifactKey: Guid(85cddc73664e22c4b8910f1aa0a99914) Importer(815301076,1909f56bfc062723c751e8b465ee728b)
Start importing Assets/Vinh/iPoly3D/Prototype Textures/Materials/Grey/Grey_1.mat using Guid(85cddc73664e22c4b8910f1aa0a99914) Importer(815301076,1909f56bfc062723c751e8b465ee728b)  -> (artifact id: '884309a384e5f48784fed8070943895d') in 0.243076 seconds 
========================================================================
Received Import Request.
  Time since last request: 11.826498 seconds.
  path: Assets/Vinh/iPoly3D/Prototype Textures/Materials/Orange/Orange_1.mat
  artifactKey: Guid(4464563e826a4d04a890ea6835019aea) Importer(815301076,1909f56bfc062723c751e8b465ee728b)
Start importing Assets/Vinh/iPoly3D/Prototype Textures/Materials/Orange/Orange_1.mat using Guid(4464563e826a4d04a890ea6835019aea) Importer(815301076,1909f56bfc062723c751e8b465ee728b)  -> (artifact id: '969dd83879f023d4cd3973250c4e0741') in 0.020193 seconds 
========================================================================
Received Import Request.
  Time since last request: 0.000023 seconds.
  path: Assets/Vinh/iPoly3D/Prototype Textures/Materials/Orange/Orange_7.mat
  artifactKey: Guid(b5c538bb0be68cd4188d521dc6e1b43c) Importer(815301076,1909f56bfc062723c751e8b465ee728b)
Start importing Assets/Vinh/iPoly3D/Prototype Textures/Materials/Orange/Orange_7.mat using Guid(b5c538bb0be68cd4188d521dc6e1b43c) Importer(815301076,1909f56bfc062723c751e8b465ee728b)  -> (artifact id: '1dff4ebdc124fa80a8ef782c37eb9f39') in 0.022081 seconds 
========================================================================
Received Import Request.
  Time since last request: 0.000027 seconds.
  path: Assets/Vinh/iPoly3D/Prototype Textures/Materials/Orange/Orange_5.mat
  artifactKey: Guid(66540bd7b72fbfb43a532a03ffb6130b) Importer(815301076,1909f56bfc062723c751e8b465ee728b)
Start importing Assets/Vinh/iPoly3D/Prototype Textures/Materials/Orange/Orange_5.mat using Guid(66540bd7b72fbfb43a532a03ffb6130b) Importer(815301076,1909f56bfc062723c751e8b465ee728b)  -> (artifact id: 'c2ed43759f495514f1c745a9f745ffea') in 0.014599 seconds 
========================================================================
Received Import Request.
  Time since last request: 40.450150 seconds.
  path: Assets/Vinh/iPoly3D/Prototype Textures/Materials/Pink/Pink_1.mat
  artifactKey: Guid(1f9f8c9de9509294ca6949b681b7491e) Importer(815301076,1909f56bfc062723c751e8b465ee728b)
Start importing Assets/Vinh/iPoly3D/Prototype Textures/Materials/Pink/Pink_1.mat using Guid(1f9f8c9de9509294ca6949b681b7491e) Importer(815301076,1909f56bfc062723c751e8b465ee728b)  -> (artifact id: 'f5c27cf0a4812c5826e9c3faa270ba37') in 0.015097 seconds 
========================================================================
Received Import Request.
  Time since last request: 0.000030 seconds.
  path: Assets/Vinh/iPoly3D/Prototype Textures/Materials/Pink/Pink_9.mat
  artifactKey: Guid(5e53fc77043a3094a8ef5ee0e58db88d) Importer(815301076,1909f56bfc062723c751e8b465ee728b)
Start importing Assets/Vinh/iPoly3D/Prototype Textures/Materials/Pink/Pink_9.mat using Guid(5e53fc77043a3094a8ef5ee0e58db88d) Importer(815301076,1909f56bfc062723c751e8b465ee728b)  -> (artifact id: 'bc4f40c42fd77d38484c5e2bc28522e2') in 0.016915 seconds 
========================================================================
Received Import Request.
  Time since last request: 0.000036 seconds.
  path: Assets/Vinh/iPoly3D/Prototype Textures/Materials/Pink/Pink_10.mat
  artifactKey: Guid(bf4489aaaa5411845ab21ac60fa54501) Importer(815301076,1909f56bfc062723c751e8b465ee728b)
Start importing Assets/Vinh/iPoly3D/Prototype Textures/Materials/Pink/Pink_10.mat using Guid(bf4489aaaa5411845ab21ac60fa54501) Importer(815301076,1909f56bfc062723c751e8b465ee728b)  -> (artifact id: '9bcb348b6fb40efc0fa15f7e9e5823ff') in 0.025158 seconds 
========================================================================
Received Import Request.
  Time since last request: 10.907744 seconds.
  path: Assets/Vinh/iPoly3D/Prototype Textures/Materials/Red/Red_1.mat
  artifactKey: Guid(1bef6174832ce994987824718f0207c6) Importer(815301076,1909f56bfc062723c751e8b465ee728b)
Start importing Assets/Vinh/iPoly3D/Prototype Textures/Materials/Red/Red_1.mat using Guid(1bef6174832ce994987824718f0207c6) Importer(815301076,1909f56bfc062723c751e8b465ee728b)  -> (artifact id: '72e1b5d57f783a91a498faf6c95934ac') in 0.017579 seconds 
========================================================================
Received Import Request.
  Time since last request: 0.000023 seconds.
  path: Assets/Vinh/iPoly3D/Prototype Textures/Materials/Red/Red_5.mat
  artifactKey: Guid(4a8ad5290f2411842b9e416e7b89b2a8) Importer(815301076,1909f56bfc062723c751e8b465ee728b)
Start importing Assets/Vinh/iPoly3D/Prototype Textures/Materials/Red/Red_5.mat using Guid(4a8ad5290f2411842b9e416e7b89b2a8) Importer(815301076,1909f56bfc062723c751e8b465ee728b)  -> (artifact id: '0b5fd3e5422d4b52ebbb4ac21389be00') in 0.017231 seconds 
========================================================================
Received Import Request.
  Time since last request: 0.000025 seconds.
  path: Assets/Vinh/iPoly3D/Prototype Textures/Materials/Red/Red_8.mat
  artifactKey: Guid(6c372b6b919bc2240b465dc11fc79988) Importer(815301076,1909f56bfc062723c751e8b465ee728b)
Start importing Assets/Vinh/iPoly3D/Prototype Textures/Materials/Red/Red_8.mat using Guid(6c372b6b919bc2240b465dc11fc79988) Importer(815301076,1909f56bfc062723c751e8b465ee728b)  -> (artifact id: '6ab4eb4d541394ca4f59bb6ad0340f71') in 0.014810 seconds 
========================================================================
Received Import Request.
  Time since last request: 6.733397 seconds.
  path: Assets/Vinh/iPoly3D/Prototype Textures/Materials/Yellow/Yellow_1.mat
  artifactKey: Guid(f413c646e1dd98e4b9c613bae5e2c599) Importer(815301076,1909f56bfc062723c751e8b465ee728b)
Start importing Assets/Vinh/iPoly3D/Prototype Textures/Materials/Yellow/Yellow_1.mat using Guid(f413c646e1dd98e4b9c613bae5e2c599) Importer(815301076,1909f56bfc062723c751e8b465ee728b)  -> (artifact id: '7106d8082f5ff7a3ea2b4d4ad5d16472') in 0.016577 seconds 
========================================================================
Received Import Request.
  Time since last request: 0.000024 seconds.
  path: Assets/Vinh/iPoly3D/Prototype Textures/Materials/Yellow/Yellow_5.mat
  artifactKey: Guid(ade049448e544d94498ad03a121ea152) Importer(815301076,1909f56bfc062723c751e8b465ee728b)
Start importing Assets/Vinh/iPoly3D/Prototype Textures/Materials/Yellow/Yellow_5.mat using Guid(ade049448e544d94498ad03a121ea152) Importer(815301076,1909f56bfc062723c751e8b465ee728b)  -> (artifact id: 'f5d7296fd358c97dafad50eb462ec6ef') in 0.015789 seconds 
========================================================================
Received Import Request.
  Time since last request: 0.000045 seconds.
  path: Assets/Vinh/iPoly3D/Prototype Textures/Materials/Yellow/Yellow_6.mat
  artifactKey: Guid(5e83eac897ce17d4ab2ac374c8d6f941) Importer(815301076,1909f56bfc062723c751e8b465ee728b)
Start importing Assets/Vinh/iPoly3D/Prototype Textures/Materials/Yellow/Yellow_6.mat using Guid(5e83eac897ce17d4ab2ac374c8d6f941) Importer(815301076,1909f56bfc062723c751e8b465ee728b)  -> (artifact id: 'd50d5aa73b88b010c22425ebd93de78e') in 0.025545 seconds 
========================================================================
Received Import Request.
  Time since last request: 47.248033 seconds.
  path: Assets/Vinh/iPoly3D/Prototype Textures/Materials/Blue/Blue_1.mat
  artifactKey: Guid(880bf59141236224d8a8d9d3fd430708) Importer(815301076,1909f56bfc062723c751e8b465ee728b)
Start importing Assets/Vinh/iPoly3D/Prototype Textures/Materials/Blue/Blue_1.mat using Guid(880bf59141236224d8a8d9d3fd430708) Importer(815301076,1909f56bfc062723c751e8b465ee728b)  -> (artifact id: 'd3bab29021ddc565a8504725590c6644') in 0.020623 seconds 
========================================================================
Received Import Request.
  Time since last request: 0.000031 seconds.
  path: Assets/Vinh/iPoly3D/Prototype Textures/Materials/Blue/Blue_9.mat
  artifactKey: Guid(9f80c72a7bf0eff4aab3ccbd3d1ab38d) Importer(815301076,1909f56bfc062723c751e8b465ee728b)
Start importing Assets/Vinh/iPoly3D/Prototype Textures/Materials/Blue/Blue_9.mat using Guid(9f80c72a7bf0eff4aab3ccbd3d1ab38d) Importer(815301076,1909f56bfc062723c751e8b465ee728b)  -> (artifact id: 'ac9dfd871f4778918ed457fe00016623') in 0.015309 seconds 
========================================================================
Received Import Request.
  Time since last request: 12.000711 seconds.
  path: Assets/Vinh/iPoly3D/Prototype Textures/Materials/Blue/Blue_3.mat
  artifactKey: Guid(1d1dbf679a83bcb4a85b9af7c0dee44e) Importer(815301076,1909f56bfc062723c751e8b465ee728b)
Start importing Assets/Vinh/iPoly3D/Prototype Textures/Materials/Blue/Blue_3.mat using Guid(1d1dbf679a83bcb4a85b9af7c0dee44e) Importer(815301076,1909f56bfc062723c751e8b465ee728b)  -> (artifact id: '5c7496a515425880593693375b201cbb') in 0.014028 seconds 
========================================================================
Received Import Request.
  Time since last request: 331.378071 seconds.
  path: Assets/Template Files/Scenes/Playground.unity
  artifactKey: Guid(e9017d5f96b9f09489b4b37e1d6eb914) Importer(815301076,1909f56bfc062723c751e8b465ee728b)
Start importing Assets/Template Files/Scenes/Playground.unity using Guid(e9017d5f96b9f09489b4b37e1d6eb914) Importer(815301076,1909f56bfc062723c751e8b465ee728b)  -> (artifact id: 'f3315ba28e14f445b6187ff6126564a4') in 0.009035 seconds 
========================================================================
Received Import Request.
  Time since last request: 64.602145 seconds.
  path: Assets/Template Files/Character/Materials/M_Armature_Arms.mat
  artifactKey: Guid(766fd3ff04aab4745a764d33daac86fa) Importer(815301076,1909f56bfc062723c751e8b465ee728b)
Start importing Assets/Template Files/Character/Materials/M_Armature_Arms.mat using Guid(766fd3ff04aab4745a764d33daac86fa) Importer(815301076,1909f56bfc062723c751e8b465ee728b)  -> (artifact id: 'a0195286052449c516d293a76190b86d') in 0.040709 seconds 
========================================================================
Received Import Request.
  Time since last request: 0.000024 seconds.
  path: Assets/Template Files/Character/Materials/M_Armature_Legs.mat
  artifactKey: Guid(8b25e99361ac31d4e9ae83c46aee69ea) Importer(815301076,1909f56bfc062723c751e8b465ee728b)
Start importing Assets/Template Files/Character/Materials/M_Armature_Legs.mat using Guid(8b25e99361ac31d4e9ae83c46aee69ea) Importer(815301076,1909f56bfc062723c751e8b465ee728b)  -> (artifact id: '2c45b7c3f7469516baa6eb5ac4d61379') in 0.026418 seconds 
========================================================================
Received Import Request.
  Time since last request: 0.496556 seconds.
  path: Assets/Template Files/Character/Models/Armature.fbx
  artifactKey: Guid(36078ab0369161e49a29d349ae3e0739) Importer(815301076,1909f56bfc062723c751e8b465ee728b)
Start importing Assets/Template Files/Character/Models/Armature.fbx using Guid(36078ab0369161e49a29d349ae3e0739) Importer(815301076,1909f56bfc062723c751e8b465ee728b)  -> (artifact id: 'be077f09e187ca12e8c740031186d092') in 0.068089 seconds 
========================================================================
Received Import Request.
  Time since last request: 1.639151 seconds.
  path: Assets/Template Files/Character/Textures/Armature_Arms_AlbedoTransparency.tif
  artifactKey: Guid(c6dc62700fa06274b9608a9fce8ed21b) Importer(815301076,1909f56bfc062723c751e8b465ee728b)
Start importing Assets/Template Files/Character/Textures/Armature_Arms_AlbedoTransparency.tif using Guid(c6dc62700fa06274b9608a9fce8ed21b) Importer(815301076,1909f56bfc062723c751e8b465ee728b)  -> (artifact id: '836ab4854c8b688a55d69663ec9c48f9') in 0.027736 seconds 
========================================================================
Received Import Request.
  Time since last request: 0.000036 seconds.
  path: Assets/Template Files/Character/Textures/Armature_Legs_RGB.tif
  artifactKey: Guid(64d6bedfd9838e14fb51c78c8e947042) Importer(815301076,1909f56bfc062723c751e8b465ee728b)
Start importing Assets/Template Files/Character/Textures/Armature_Legs_RGB.tif using Guid(64d6bedfd9838e14fb51c78c8e947042) Importer(815301076,1909f56bfc062723c751e8b465ee728b)  -> (artifact id: 'aa0ff15882bc4416efdee13b4cdb90d2') in 0.034625 seconds 
========================================================================
Received Import Request.
  Time since last request: 0.000031 seconds.
  path: Assets/Template Files/Character/Textures/Armature_Legs_Normal.tif
  artifactKey: Guid(b2c5d9c39850da946ae135dcb57faaea) Importer(815301076,1909f56bfc062723c751e8b465ee728b)
Start importing Assets/Template Files/Character/Textures/Armature_Legs_Normal.tif using Guid(b2c5d9c39850da946ae135dcb57faaea) Importer(815301076,1909f56bfc062723c751e8b465ee728b)  -> (artifact id: 'ee49e697084bc64e9d4dc48b60202ae0') in 0.019449 seconds 
========================================================================
Received Import Request.
  Time since last request: 0.000024 seconds.
  path: Assets/Template Files/Character/Textures/Armature_Body_AlbedoTransparency.tif
  artifactKey: Guid(28d78c5517421f047b88352f3b18e8e7) Importer(815301076,1909f56bfc062723c751e8b465ee728b)
Start importing Assets/Template Files/Character/Textures/Armature_Body_AlbedoTransparency.tif using Guid(28d78c5517421f047b88352f3b18e8e7) Importer(815301076,1909f56bfc062723c751e8b465ee728b)  -> (artifact id: 'aa57fa97c0ad7dd9237b8f1afd367d07') in 0.021942 seconds 
========================================================================
Received Import Request.
  Time since last request: 0.000023 seconds.
  path: Assets/Template Files/Character/Textures/Armature_Body_Normal.tif
  artifactKey: Guid(2a3daea46c599324e873f935ab08000a) Importer(815301076,1909f56bfc062723c751e8b465ee728b)
Start importing Assets/Template Files/Character/Textures/Armature_Body_Normal.tif using Guid(2a3daea46c599324e873f935ab08000a) Importer(815301076,1909f56bfc062723c751e8b465ee728b)  -> (artifact id: '8d04545eb231f6f9674e5e288bb5d345') in 0.022835 seconds 
========================================================================
Received Import Request.
  Time since last request: 0.000023 seconds.
  path: Assets/Template Files/Character/Textures/Armature_Legs_AlbedoTransparency.tif
  artifactKey: Guid(c444e3d02d2fcff4d9fe5211d67652a0) Importer(815301076,1909f56bfc062723c751e8b465ee728b)
Start importing Assets/Template Files/Character/Textures/Armature_Legs_AlbedoTransparency.tif using Guid(c444e3d02d2fcff4d9fe5211d67652a0) Importer(815301076,1909f56bfc062723c751e8b465ee728b)  -> (artifact id: 'f2ec5c5282665fe3d759d9c552fc4919') in 0.016045 seconds 
========================================================================
Received Import Request.
  Time since last request: 50.177477 seconds.
  path: Assets/UI Files/Prefabs/LevelProps/Climbable_Object_1.prefab
  artifactKey: Guid(0a5807f5434a5ca4da01a5b9df474c9f) Importer(815301076,1909f56bfc062723c751e8b465ee728b)
Start importing Assets/UI Files/Prefabs/LevelProps/Climbable_Object_1.prefab using Guid(0a5807f5434a5ca4da01a5b9df474c9f) Importer(815301076,1909f56bfc062723c751e8b465ee728b)  -> (artifact id: '1a8dfe71d22693ec62485d193ceb4d05') in 0.019880 seconds 
========================================================================
Received Import Request.
  Time since last request: 0.000022 seconds.
  path: Packages/com.unity.render-pipelines.core/Runtime/Debugging/Prefabs/Widgets/DebugUIButton.prefab
  artifactKey: Guid(f6ce33b91f6ffe54cadacbf4bb112440) Importer(815301076,1909f56bfc062723c751e8b465ee728b)
Start importing Packages/com.unity.render-pipelines.core/Runtime/Debugging/Prefabs/Widgets/DebugUIButton.prefab using Guid(f6ce33b91f6ffe54cadacbf4bb112440) Importer(815301076,1909f56bfc062723c751e8b465ee728b)  -> (artifact id: '84fc5716e700b6f5c96b06676e42c6bd') in 0.018481 seconds 
========================================================================
Received Import Request.
  Time since last request: 0.000031 seconds.
  path: Packages/com.unity.render-pipelines.core/Runtime/Debugging/Prefabs/Widgets/DebugUIFoldout.prefab
  artifactKey: Guid(1c87ab2ce8b8b304d98fbe9a734b1f74) Importer(815301076,1909f56bfc062723c751e8b465ee728b)
Start importing Packages/com.unity.render-pipelines.core/Runtime/Debugging/Prefabs/Widgets/DebugUIFoldout.prefab using Guid(1c87ab2ce8b8b304d98fbe9a734b1f74) Importer(815301076,1909f56bfc062723c751e8b465ee728b)  -> (artifact id: 'ef3d7b4a5d84a1905b32f0eb0d5eb027') in 0.063847 seconds 
========================================================================
Received Import Request.
  Time since last request: 0.000022 seconds.
  path: Packages/com.unity.render-pipelines.core/Runtime/Debugging/Prefabs/Widgets/DebugUIRow.prefab
  artifactKey: Guid(2d019437ff89b8d44949727731cd9357) Importer(815301076,1909f56bfc062723c751e8b465ee728b)
Start importing Packages/com.unity.render-pipelines.core/Runtime/Debugging/Prefabs/Widgets/DebugUIRow.prefab using Guid(2d019437ff89b8d44949727731cd9357) Importer(815301076,1909f56bfc062723c751e8b465ee728b)  -> (artifact id: '2efb387a088150f096b8a926eac27a3f') in 0.009734 seconds 
========================================================================
Received Import Request.
  Time since last request: 0.000022 seconds.
  path: Assets/UI Files/Prefabs/LevelProps/Leapable_Object_1.prefab
  artifactKey: Guid(aba1382a599b9de4c9427a451856870a) Importer(815301076,1909f56bfc062723c751e8b465ee728b)
Start importing Assets/UI Files/Prefabs/LevelProps/Leapable_Object_1.prefab using Guid(aba1382a599b9de4c9427a451856870a) Importer(815301076,1909f56bfc062723c751e8b465ee728b)  -> (artifact id: '5ae67b16048992137e474c24c394ab6a') in 0.016495 seconds 
========================================================================
Received Import Request.
  Time since last request: 0.000028 seconds.
  path: Packages/com.unity.render-pipelines.core/Runtime/Debugging/Prefabs/Widgets/DebugUIHBox.prefab
  artifactKey: Guid(f7f5e36797cf0c1408561665c67b179b) Importer(815301076,1909f56bfc062723c751e8b465ee728b)
Start importing Packages/com.unity.render-pipelines.core/Runtime/Debugging/Prefabs/Widgets/DebugUIHBox.prefab using Guid(f7f5e36797cf0c1408561665c67b179b) Importer(815301076,1909f56bfc062723c751e8b465ee728b)  -> (artifact id: '14724cc803f7e5a10d6183b8c171f91a') in 0.010313 seconds 
========================================================================
Received Import Request.
  Time since last request: 0.000042 seconds.
  path: Assets/UI Files/Prefabs/LevelProps/Emergency_Climb_Detector.prefab
  artifactKey: Guid(e7c30f3c2ad8f754cbae7edafe7487f9) Importer(815301076,1909f56bfc062723c751e8b465ee728b)
Start importing Assets/UI Files/Prefabs/LevelProps/Emergency_Climb_Detector.prefab using Guid(e7c30f3c2ad8f754cbae7edafe7487f9) Importer(815301076,1909f56bfc062723c751e8b465ee728b)  -> (artifact id: 'a06c1e5e8b1a98454c29af3a454a5154') in 0.021920 seconds 
========================================================================
Received Import Request.
  Time since last request: 0.000022 seconds.
  path: Packages/com.unity.render-pipelines.core/Runtime/Debugging/Prefabs/Widgets/DebugUIFloatField.prefab
  artifactKey: Guid(d8c744701b43c864b88e7f8144e19bc5) Importer(815301076,1909f56bfc062723c751e8b465ee728b)
Start importing Packages/com.unity.render-pipelines.core/Runtime/Debugging/Prefabs/Widgets/DebugUIFloatField.prefab using Guid(d8c744701b43c864b88e7f8144e19bc5) Importer(815301076,1909f56bfc062723c751e8b465ee728b)  -> (artifact id: '53ae3749d6ce754cc474aaff0bc8d7d2') in 0.013915 seconds 
========================================================================
Received Import Request.
  Time since last request: 0.000022 seconds.
  path: Packages/com.unity.render-pipelines.core/Runtime/Debugging/Prefabs/Widgets/DebugUIVector4.prefab
  artifactKey: Guid(d47f009476100f545971a81ede14c750) Importer(815301076,1909f56bfc062723c751e8b465ee728b)
Start importing Packages/com.unity.render-pipelines.core/Runtime/Debugging/Prefabs/Widgets/DebugUIVector4.prefab using Guid(d47f009476100f545971a81ede14c750) Importer(815301076,1909f56bfc062723c751e8b465ee728b)  -> (artifact id: '1a651f9b167bc35d6333c64b13f2b3bb') in 0.012657 seconds 
========================================================================
Received Import Request.
  Time since last request: 0.000024 seconds.
  path: Packages/com.unity.render-pipelines.core/Runtime/Debugging/Prefabs/Widgets/DebugUIEnumField.prefab
  artifactKey: Guid(988db55689193434fb0b3b89538f978f) Importer(815301076,1909f56bfc062723c751e8b465ee728b)
Start importing Packages/com.unity.render-pipelines.core/Runtime/Debugging/Prefabs/Widgets/DebugUIEnumField.prefab using Guid(988db55689193434fb0b3b89538f978f) Importer(815301076,1909f56bfc062723c751e8b465ee728b)  -> (artifact id: '968a114338f40ebd8c02c460ff2152c1') in 0.011389 seconds 
========================================================================
Received Import Request.
  Time since last request: 0.000027 seconds.
  path: Packages/com.unity.render-pipelines.core/Runtime/Debugging/Prefabs/Widgets/DebugUIVBox.prefab
  artifactKey: Guid(ca3e294656861a64b8aeeb9f916da0a9) Importer(815301076,1909f56bfc062723c751e8b465ee728b)
Start importing Packages/com.unity.render-pipelines.core/Runtime/Debugging/Prefabs/Widgets/DebugUIVBox.prefab using Guid(ca3e294656861a64b8aeeb9f916da0a9) Importer(815301076,1909f56bfc062723c751e8b465ee728b)  -> (artifact id: 'a6325df21eef7ca9ea902b360c5a8bb3') in 0.010979 seconds 
Editor requested this worker to shutdown with reason: Scaling down because of idle timeout
AssetImportWorker is now disconnected from the server
Process exiting
Exiting without the bug reporter. Application will terminate with return code 0