Using pre-set license
Built from '2021.3/evg/staging/82bb020e-b03b1330/draft-0' branch; Version is '2021.3.16f1 (4016570cf34f) revision 4200023'; Using compiler version '192829333'; Build Type 'Release'
OS: 'Windows 11  (10.0.22631) 64bit Core' Language: 'en' Physical Memory: 15587 MB
BatchMode: 1, IsHumanControllingUs: 0, StartBugReporterOnCrash: 0, Is64bit: 1, IsPro: 1

COMMAND LINE ARGUMENTS:
C:\Program Files\Unity\Hub\Editor\2021.3.16f1\Editor\Unity.exe
-adb2
-batchMode
-noUpm
-name
AssetImportWorker11
-projectPath
C:/Users/nicho/iCloudDrive/Spring 2024/MI 846/Runs Jumps and Tricks/RJT-A-Parkour-Experience/RJT APE
-logFile
Logs/AssetImportWorker11.log
-srvPort
53726
Successfully changed project path to: C:/Users/nicho/iCloudDrive/Spring 2024/MI 846/Runs Jumps and Tricks/RJT-A-Parkour-Experience/RJT APE
C:/Users/nicho/iCloudDrive/Spring 2024/MI 846/Runs Jumps and Tricks/RJT-A-Parkour-Experience/RJT APE
[UnityMemory] Configuration Parameters - Can be set up in boot.config
    "memorysetup-bucket-allocator-granularity=16"
    "memorysetup-bucket-allocator-bucket-count=8"
    "memorysetup-bucket-allocator-block-size=33554432"
    "memorysetup-bucket-allocator-block-count=8"
    "memorysetup-main-allocator-block-size=16777216"
    "memorysetup-thread-allocator-block-size=16777216"
    "memorysetup-gfx-main-allocator-block-size=16777216"
    "memorysetup-gfx-thread-allocator-block-size=16777216"
    "memorysetup-cache-allocator-block-size=4194304"
    "memorysetup-typetree-allocator-block-size=2097152"
    "memorysetup-profiler-bucket-allocator-granularity=16"
    "memorysetup-profiler-bucket-allocator-bucket-count=8"
    "memorysetup-profiler-bucket-allocator-block-size=33554432"
    "memorysetup-profiler-bucket-allocator-block-count=8"
    "memorysetup-profiler-allocator-block-size=16777216"
    "memorysetup-profiler-editor-allocator-block-size=1048576"
    "memorysetup-temp-allocator-size-main=16777216"
    "memorysetup-job-temp-allocator-block-size=2097152"
    "memorysetup-job-temp-allocator-block-size-background=1048576"
    "memorysetup-job-temp-allocator-reduction-small-platforms=262144"
    "memorysetup-temp-allocator-size-background-worker=32768"
    "memorysetup-temp-allocator-size-job-worker=262144"
    "memorysetup-temp-allocator-size-preload-manager=33554432"
    "memorysetup-temp-allocator-size-nav-mesh-worker=65536"
    "memorysetup-temp-allocator-size-audio-worker=65536"
    "memorysetup-temp-allocator-size-cloud-worker=32768"
    "memorysetup-temp-allocator-size-gi-baking-worker=262144"
    "memorysetup-temp-allocator-size-gfx=262144"
Player connection [39352] Host "[IP] 192.168.0.35 [Port] 0 [Flags] 2 [Guid] 1017130869 [EditorId] 1017130869 [Version] 1048832 [Id] WindowsEditor(7,NGxKD) [Debug] 1 [PackageName] WindowsEditor [ProjectName] Editor" joined multi-casting on [225.0.0.222:54997]...

Player connection [39352] Host "[IP] 192.168.0.35 [Port] 0 [Flags] 2 [Guid] 1017130869 [EditorId] 1017130869 [Version] 1048832 [Id] WindowsEditor(7,NGxKD) [Debug] 1 [PackageName] WindowsEditor [ProjectName] Editor" joined alternative multi-casting on [225.0.0.222:34997]...

Refreshing native plugins compatible for Editor in 133.96 ms, found 6 plugins.
Preloading 0 native plugins for Editor in 0.00 ms.
Initialize engine version: 2021.3.16f1 (4016570cf34f)
[Subsystems] Discovering subsystems at path C:/Program Files/Unity/Hub/Editor/2021.3.16f1/Editor/Data/Resources/UnitySubsystems
[Subsystems] Discovering subsystems at path C:/Users/nicho/iCloudDrive/Spring 2024/MI 846/Runs Jumps and Tricks/RJT-A-Parkour-Experience/RJT APE/Assets
GfxDevice: creating device client; threaded=0; jobified=0
Direct3D:
    Version:  Direct3D 11.0 [level 11.1]
    Renderer: NVIDIA GeForce RTX 4060 Laptop GPU (ID=0x28e0)
    Vendor:   NVIDIA
    VRAM:     7972 MB
    Driver:   31.0.15.4633
Initialize mono
Mono path[0] = 'C:/Program Files/Unity/Hub/Editor/2021.3.16f1/Editor/Data/Managed'
Mono path[1] = 'C:/Program Files/Unity/Hub/Editor/2021.3.16f1/Editor/Data/MonoBleedingEdge/lib/mono/unityjit-win32'
Mono config path = 'C:/Program Files/Unity/Hub/Editor/2021.3.16f1/Editor/Data/MonoBleedingEdge/etc'
Using monoOptions --debugger-agent=transport=dt_socket,embedding=1,server=y,suspend=n,address=127.0.0.1:56412
Begin MonoManager ReloadAssembly
Registering precompiled unity dll's ...
Register platform support module: C:/Program Files/Unity/Hub/Editor/2021.3.16f1/Editor/Data/PlaybackEngines/WindowsStandaloneSupport/UnityEditor.WindowsStandalone.Extensions.dll
Registered in 0.008770 seconds.
Native extension for WindowsStandalone target not found
Refreshing native plugins compatible for Editor in 118.64 ms, found 6 plugins.
Preloading 0 native plugins for Editor in 0.00 ms.
Mono: successfully reloaded assembly
- Completed reload, in  0.669 seconds
Domain Reload Profiling:
	ReloadAssembly (670ms)
		BeginReloadAssembly (80ms)
			ExecutionOrderSort (0ms)
			DisableScriptedObjects (0ms)
			BackupInstance (0ms)
			ReleaseScriptingObjects (0ms)
			CreateAndSetChildDomain (0ms)
		EndReloadAssembly (464ms)
			LoadAssemblies (78ms)
			RebuildTransferFunctionScriptingTraits (0ms)
			SetupTypeCache (106ms)
			ReleaseScriptCaches (0ms)
			RebuildScriptCaches (19ms)
			SetupLoadedEditorAssemblies (290ms)
				LogAssemblyErrors (0ms)
				InitializePlatformSupportModulesInManaged (6ms)
				SetLoadedEditorAssemblies (0ms)
				RefreshPlugins (119ms)
				BeforeProcessingInitializeOnLoad (1ms)
				ProcessInitializeOnLoadAttributes (118ms)
				ProcessInitializeOnLoadMethodAttributes (45ms)
				AfterProcessingInitializeOnLoad (0ms)
				EditorAssembliesLoaded (0ms)
			ExecutionOrderSort2 (0ms)
			AwakeInstancesAfterBackupRestoration (0ms)
Platform modules already initialized, skipping
Registering precompiled user dll's ...
Registered in 0.010431 seconds.
Begin MonoManager ReloadAssembly
Symbol file LoadedFromMemory doesn't match image C:\Users\nicho\iCloudDrive\Spring 2024\MI 846\Runs Jumps and Tricks\RJT-A-Parkour-Experience\RJT APE\Library\PackageCache\com.unity.visualscripting@1.7.8\Editor\VisualScripting.Core\Dependencies\DotNetZip\Unity.VisualScripting.IonicZip.dll
Symbol file LoadedFromMemory doesn't match image C:\Users\nicho\iCloudDrive\Spring 2024\MI 846\Runs Jumps and Tricks\RJT-A-Parkour-Experience\RJT APE\Library\PackageCache\com.unity.visualscripting@1.7.8\Editor\VisualScripting.Core\Dependencies\YamlDotNet\Unity.VisualScripting.YamlDotNet.dll
Native extension for WindowsStandalone target not found
Refreshing native plugins compatible for Editor in 131.15 ms, found 6 plugins.
Preloading 0 native plugins for Editor in 0.00 ms.
Mono: successfully reloaded assembly
- Completed reload, in  1.563 seconds
Domain Reload Profiling:
	ReloadAssembly (1564ms)
		BeginReloadAssembly (112ms)
			ExecutionOrderSort (0ms)
			DisableScriptedObjects (6ms)
			BackupInstance (0ms)
			ReleaseScriptingObjects (0ms)
			CreateAndSetChildDomain (20ms)
		EndReloadAssembly (1348ms)
			LoadAssemblies (97ms)
			RebuildTransferFunctionScriptingTraits (0ms)
			SetupTypeCache (292ms)
			ReleaseScriptCaches (1ms)
			RebuildScriptCaches (75ms)
			SetupLoadedEditorAssemblies (844ms)
				LogAssemblyErrors (0ms)
				InitializePlatformSupportModulesInManaged (3ms)
				SetLoadedEditorAssemblies (0ms)
				RefreshPlugins (131ms)
				BeforeProcessingInitializeOnLoad (113ms)
				ProcessInitializeOnLoadAttributes (529ms)
				ProcessInitializeOnLoadMethodAttributes (61ms)
				AfterProcessingInitializeOnLoad (5ms)
				EditorAssembliesLoaded (0ms)
			ExecutionOrderSort2 (0ms)
			AwakeInstancesAfterBackupRestoration (5ms)
Platform modules already initialized, skipping
========================================================================
Worker process is ready to serve import requests
Launched and connected shader compiler UnityShaderCompiler.exe after 0.06 seconds
Refreshing native plugins compatible for Editor in 1.54 ms, found 6 plugins.
Preloading 0 native plugins for Editor in 0.00 ms.
Unloading 6314 Unused Serialized files (Serialized files now loaded: 0)
Unloading 100 unused Assets / (0.8 MB). Loaded Objects now: 6718.
Memory consumption went from 246.8 MB to 246.0 MB.
Total: 4.215800 ms (FindLiveObjects: 0.480800 ms CreateObjectMapping: 0.211300 ms MarkObjects: 3.190100 ms  DeleteObjects: 0.332600 ms)

AssetImportParameters requested are different than current active one (requested -> active):
  custom:video-decoder-ogg-theora: a1e56fd34408186e4bbccfd4996cb3dc -> 
  custom:container-muxer-webm: aa71ff27fc2769a1b78a27578f13a17b -> 
  custom:container-demuxer-webm: 4f35f7cbe854078d1ac9338744f61a02 -> 
  custom:video-encoder-webm-vp8: eb34c28f22e8b96e1ab97ce403110664 -> 
  custom:video-codec-MediaFoundation-h265: 746d11721c4dcdbdad8f713fa42b33f4 -> 
  custom:audio-encoder-webm-vorbis: bf7c407c2cedff20999df2af8eb42d56 -> 
  custom:framework-win-MediaFoundation: 216162199b28c13a410421893ffa2e32 -> 
  custom:container-demuxer-ogg: 62fdf1f143b41e24485cea50d1cbac27 -> 
  custom:video-decoder-webm-vp8: 9c59270c3fd7afecdb556c50c9e8de78 -> 
  custom:audio-decoder-ogg-vorbis: bf7c407c2cedff20999df2af8eb42d56 -> 
========================================================================
Received Import Request.
  Time since last request: 24102.149940 seconds.
  path: Assets/RPG_FPS_game_assets_industrial/Barrels
  artifactKey: Guid(5e08619e167fbc04ea4c8c676ef68107) Importer(815301076,1909f56bfc062723c751e8b465ee728b)
Start importing Assets/RPG_FPS_game_assets_industrial/Barrels using Guid(5e08619e167fbc04ea4c8c676ef68107) Importer(815301076,1909f56bfc062723c751e8b465ee728b)  -> (artifact id: 'd3589e8560472f759f3f13d6d848c417') in 0.030507 seconds 
========================================================================
Received Import Request.
  Time since last request: 0.838044 seconds.
  path: Assets/RPG_FPS_game_assets_industrial/Barrels/Barrel_v1/Barrel_v1_LD1.prefab
  artifactKey: Guid(a22c0c7e17126fa4f89534dc98bcac8f) Importer(815301076,1909f56bfc062723c751e8b465ee728b)
Start importing Assets/RPG_FPS_game_assets_industrial/Barrels/Barrel_v1/Barrel_v1_LD1.prefab using Guid(a22c0c7e17126fa4f89534dc98bcac8f) Importer(815301076,1909f56bfc062723c751e8b465ee728b)  -> (artifact id: '3ef8c9fbb3f854cd92cf492277776092') in 0.251217 seconds 
========================================================================
Received Import Request.
  Time since last request: 0.593722 seconds.
  path: Assets/RPG_FPS_game_assets_industrial/Barrels/Barrel_v1/Source/Barrel_v1.mat
  artifactKey: Guid(db7eb35339cc6e249a3b76684d621373) Importer(815301076,1909f56bfc062723c751e8b465ee728b)
Start importing Assets/RPG_FPS_game_assets_industrial/Barrels/Barrel_v1/Source/Barrel_v1.mat using Guid(db7eb35339cc6e249a3b76684d621373) Importer(815301076,1909f56bfc062723c751e8b465ee728b)  -> (artifact id: 'ede3c5c47e6a07a4181fd5e01ab0f0a7') in 0.035326 seconds 
========================================================================
Received Import Request.
  Time since last request: 14.527384 seconds.
  path: Assets/RPG_FPS_game_assets_industrial/Barrels/Barrel_v1/Barrel_v1_LD1.prefab
  artifactKey: Guid(a22c0c7e17126fa4f89534dc98bcac8f) Importer(815301076,1909f56bfc062723c751e8b465ee728b)
Start importing Assets/RPG_FPS_game_assets_industrial/Barrels/Barrel_v1/Barrel_v1_LD1.prefab using Guid(a22c0c7e17126fa4f89534dc98bcac8f) Importer(815301076,1909f56bfc062723c751e8b465ee728b)  -> (artifact id: '8344b132db5cc2df01af1d541613852e') in 0.012863 seconds 
========================================================================
Received Import Request.
  Time since last request: 2.819588 seconds.
  path: Assets/RPG_FPS_game_assets_industrial/Barrels/Barrel_v1/Barrel_v1_LD1.prefab
  artifactKey: Guid(a22c0c7e17126fa4f89534dc98bcac8f) Importer(815301076,1909f56bfc062723c751e8b465ee728b)
Start importing Assets/RPG_FPS_game_assets_industrial/Barrels/Barrel_v1/Barrel_v1_LD1.prefab using Guid(a22c0c7e17126fa4f89534dc98bcac8f) Importer(815301076,1909f56bfc062723c751e8b465ee728b)  -> (artifact id: '811b47a22243a8f83b9bffd206e027fd') in 0.018292 seconds 
========================================================================
Received Import Request.
  Time since last request: 6.691159 seconds.
  path: Assets/RPG_FPS_game_assets_industrial/Barrels/Barrel_v1/Barrel_v1_LD2.prefab
  artifactKey: Guid(17002e90aebb00b40a69cf6fe9083dfc) Importer(815301076,1909f56bfc062723c751e8b465ee728b)
Start importing Assets/RPG_FPS_game_assets_industrial/Barrels/Barrel_v1/Barrel_v1_LD2.prefab using Guid(17002e90aebb00b40a69cf6fe9083dfc) Importer(815301076,1909f56bfc062723c751e8b465ee728b)  -> (artifact id: '42bc5fc71e537afd2594b43839c382e1') in 0.015932 seconds 
========================================================================
Received Import Request.
  Time since last request: 1.318247 seconds.
  path: Assets/RPG_FPS_game_assets_industrial/Barrels/Barrel_v1/Barrel_v1_LD2.prefab
  artifactKey: Guid(17002e90aebb00b40a69cf6fe9083dfc) Importer(815301076,1909f56bfc062723c751e8b465ee728b)
Start importing Assets/RPG_FPS_game_assets_industrial/Barrels/Barrel_v1/Barrel_v1_LD2.prefab using Guid(17002e90aebb00b40a69cf6fe9083dfc) Importer(815301076,1909f56bfc062723c751e8b465ee728b)  -> (artifact id: 'cb2c43340d1843ef3554de09720c7baf') in 0.021095 seconds 
========================================================================
Received Import Request.
  Time since last request: 2.978816 seconds.
  path: Assets/RPG_FPS_game_assets_industrial/Barrels/Barrel_v1/Barrel_v1_LD3.prefab
  artifactKey: Guid(85a8f6f8dca77df4e9c05f21b5e8ed87) Importer(815301076,1909f56bfc062723c751e8b465ee728b)
Start importing Assets/RPG_FPS_game_assets_industrial/Barrels/Barrel_v1/Barrel_v1_LD3.prefab using Guid(85a8f6f8dca77df4e9c05f21b5e8ed87) Importer(815301076,1909f56bfc062723c751e8b465ee728b)  -> (artifact id: '9a8e7a29d1dd2d2a518a0cb365943489') in 0.060752 seconds 
========================================================================
Received Import Request.
  Time since last request: 1.415843 seconds.
  path: Assets/RPG_FPS_game_assets_industrial/Barrels/Barrel_v1/Barrel_v1_LD3.prefab
  artifactKey: Guid(85a8f6f8dca77df4e9c05f21b5e8ed87) Importer(815301076,1909f56bfc062723c751e8b465ee728b)
Start importing Assets/RPG_FPS_game_assets_industrial/Barrels/Barrel_v1/Barrel_v1_LD3.prefab using Guid(85a8f6f8dca77df4e9c05f21b5e8ed87) Importer(815301076,1909f56bfc062723c751e8b465ee728b)  -> (artifact id: '598652c3bea3677eca165316fe0f3447') in 0.018603 seconds 
========================================================================
Received Import Request.
  Time since last request: 5.321045 seconds.
  path: Assets/RPG_FPS_game_assets_industrial/Boxes/Wooden_box_v1/Wooden_box_v1_LD1.prefab
  artifactKey: Guid(9d1bb44d500a3ad489d3cb3a6900199f) Importer(815301076,1909f56bfc062723c751e8b465ee728b)
Start importing Assets/RPG_FPS_game_assets_industrial/Boxes/Wooden_box_v1/Wooden_box_v1_LD1.prefab using Guid(9d1bb44d500a3ad489d3cb3a6900199f) Importer(815301076,1909f56bfc062723c751e8b465ee728b)  -> (artifact id: '8293744c55a5327ee550eca255291ac5') in 0.021515 seconds 
========================================================================
Received Import Request.
  Time since last request: 30.176895 seconds.
  path: Assets/RPG_FPS_game_assets_industrial/Buildings/Industrial/Hangars/Hangar_v1/Hangar_v1_full.prefab
  artifactKey: Guid(95c00f442e3cf3643b2062e8e0d0bbd6) Importer(815301076,1909f56bfc062723c751e8b465ee728b)
Start importing Assets/RPG_FPS_game_assets_industrial/Buildings/Industrial/Hangars/Hangar_v1/Hangar_v1_full.prefab using Guid(95c00f442e3cf3643b2062e8e0d0bbd6) Importer(815301076,1909f56bfc062723c751e8b465ee728b)  -> (artifact id: 'bed0970ea64cbb262c32f4f451388b87') in 0.032684 seconds 
========================================================================
Received Import Request.
  Time since last request: 5.084206 seconds.
  path: Assets/RPG_FPS_game_assets_industrial/Buildings/Industrial/Hangars/Hangar_v1/Hangar_v1_full.prefab
  artifactKey: Guid(95c00f442e3cf3643b2062e8e0d0bbd6) Importer(815301076,1909f56bfc062723c751e8b465ee728b)
Start importing Assets/RPG_FPS_game_assets_industrial/Buildings/Industrial/Hangars/Hangar_v1/Hangar_v1_full.prefab using Guid(95c00f442e3cf3643b2062e8e0d0bbd6) Importer(815301076,1909f56bfc062723c751e8b465ee728b)  -> (artifact id: 'f50d25e2acfc3960aba235bb83ccfa1c') in 0.015737 seconds 
========================================================================
Received Import Request.
  Time since last request: 1.799684 seconds.
  path: Assets/RPG_FPS_game_assets_industrial/Buildings/Industrial/Hangars/Hangar_v1/Hangar_v1_full.prefab
  artifactKey: Guid(95c00f442e3cf3643b2062e8e0d0bbd6) Importer(815301076,1909f56bfc062723c751e8b465ee728b)
Start importing Assets/RPG_FPS_game_assets_industrial/Buildings/Industrial/Hangars/Hangar_v1/Hangar_v1_full.prefab using Guid(95c00f442e3cf3643b2062e8e0d0bbd6) Importer(815301076,1909f56bfc062723c751e8b465ee728b)  -> (artifact id: '06e99562ccb45dee659a23b785858f12') in 0.099777 seconds 
========================================================================
Received Import Request.
  Time since last request: 19.456182 seconds.
  path: Assets/RPG_FPS_game_assets_industrial/Buildings/Industrial/Hangars/Hangar_v1/Source/Hangar_v1.mat
  artifactKey: Guid(aca7f32c011a3e44cb877ccaa92fa086) Importer(815301076,1909f56bfc062723c751e8b465ee728b)
Start importing Assets/RPG_FPS_game_assets_industrial/Buildings/Industrial/Hangars/Hangar_v1/Source/Hangar_v1.mat using Guid(aca7f32c011a3e44cb877ccaa92fa086) Importer(815301076,1909f56bfc062723c751e8b465ee728b)  -> (artifact id: '49c5573d2cbceac242fb38633d2a9b32') in 0.050845 seconds 
========================================================================
Received Import Request.
  Time since last request: 4.523433 seconds.
  path: Assets/RPG_FPS_game_assets_industrial/Buildings/Industrial/Hangars/Hangar_v2/Hangar_v2.prefab
  artifactKey: Guid(dfec00be6c7c5b944991547485554901) Importer(815301076,1909f56bfc062723c751e8b465ee728b)
Start importing Assets/RPG_FPS_game_assets_industrial/Buildings/Industrial/Hangars/Hangar_v2/Hangar_v2.prefab using Guid(dfec00be6c7c5b944991547485554901) Importer(815301076,1909f56bfc062723c751e8b465ee728b)  -> (artifact id: 'b9076e438665cbfab9962b1e3663512d') in 0.060476 seconds 
========================================================================
Received Import Request.
  Time since last request: 0.000027 seconds.
  path: Assets/RPG_FPS_game_assets_industrial/Buildings/Industrial/Hangars/Hangar_v2/Hangar_v2_5.prefab
  artifactKey: Guid(b3faa789917d5c74cb7bc3765ff6950c) Importer(815301076,1909f56bfc062723c751e8b465ee728b)
Start importing Assets/RPG_FPS_game_assets_industrial/Buildings/Industrial/Hangars/Hangar_v2/Hangar_v2_5.prefab using Guid(b3faa789917d5c74cb7bc3765ff6950c) Importer(815301076,1909f56bfc062723c751e8b465ee728b)  -> (artifact id: '88089c66ff2a566f60e925e8d3cfdcf6') in 0.059730 seconds 
========================================================================
Received Import Request.
  Time since last request: 0.000177 seconds.
  path: Assets/RPG_FPS_game_assets_industrial/Buildings/Industrial/Hangars/Hangar_v2/Hangar_v2_outbuilding2.prefab
  artifactKey: Guid(d4f156acee3c5774e84366f3db534889) Importer(815301076,1909f56bfc062723c751e8b465ee728b)
Start importing Assets/RPG_FPS_game_assets_industrial/Buildings/Industrial/Hangars/Hangar_v2/Hangar_v2_outbuilding2.prefab using Guid(d4f156acee3c5774e84366f3db534889) Importer(815301076,1909f56bfc062723c751e8b465ee728b)  -> (artifact id: '9c2452e02e28d1d0f56dcd8a06453c5b') in 0.064198 seconds 
========================================================================
Received Import Request.
  Time since last request: 0.000042 seconds.
  path: Assets/RPG_FPS_game_assets_industrial/Buildings/Industrial/Hangars/Hangar_v2/Hangar_v2_7.prefab
  artifactKey: Guid(d885e290456a887418a2fd556c1b1517) Importer(815301076,1909f56bfc062723c751e8b465ee728b)
Start importing Assets/RPG_FPS_game_assets_industrial/Buildings/Industrial/Hangars/Hangar_v2/Hangar_v2_7.prefab using Guid(d885e290456a887418a2fd556c1b1517) Importer(815301076,1909f56bfc062723c751e8b465ee728b)  -> (artifact id: '5683ad2ded8a0a535c2ef52c34b399d5') in 0.030969 seconds 
========================================================================
Received Import Request.
  Time since last request: 0.449860 seconds.
  path: Assets/RPG_FPS_game_assets_industrial/Buildings/Industrial/Hangars/Hangar_v2/Source/Hangar_v2.mat
  artifactKey: Guid(8d81f9b16a9135446b5451caa37570ee) Importer(815301076,1909f56bfc062723c751e8b465ee728b)
Start importing Assets/RPG_FPS_game_assets_industrial/Buildings/Industrial/Hangars/Hangar_v2/Source/Hangar_v2.mat using Guid(8d81f9b16a9135446b5451caa37570ee) Importer(815301076,1909f56bfc062723c751e8b465ee728b)  -> (artifact id: '7118f4e43180d86c4fa77c15a7411246') in 0.015714 seconds 
========================================================================
Received Import Request.
  Time since last request: 7.260718 seconds.
  path: Assets/RPG_FPS_game_assets_industrial/Buildings/Industrial/Hangars/Hangar_v2/Hangar_v2.prefab
  artifactKey: Guid(dfec00be6c7c5b944991547485554901) Importer(815301076,1909f56bfc062723c751e8b465ee728b)
Start importing Assets/RPG_FPS_game_assets_industrial/Buildings/Industrial/Hangars/Hangar_v2/Hangar_v2.prefab using Guid(dfec00be6c7c5b944991547485554901) Importer(815301076,1909f56bfc062723c751e8b465ee728b)  -> (artifact id: 'f534751719e59a5b16c292729c53fd11') in 0.022625 seconds 
========================================================================
Received Import Request.
  Time since last request: 4.531152 seconds.
  path: Assets/RPG_FPS_game_assets_industrial/Buildings/Industrial/Hangars/Hangar_v2/Hangar_v2_1.prefab
  artifactKey: Guid(8391a5c4218b2f243849f1998c1c41e2) Importer(815301076,1909f56bfc062723c751e8b465ee728b)
Start importing Assets/RPG_FPS_game_assets_industrial/Buildings/Industrial/Hangars/Hangar_v2/Hangar_v2_1.prefab using Guid(8391a5c4218b2f243849f1998c1c41e2) Importer(815301076,1909f56bfc062723c751e8b465ee728b)  -> (artifact id: 'a37adcf073718cd0b3f0d9f73d39cab9') in 0.020095 seconds 
========================================================================
Received Import Request.
  Time since last request: 3.462335 seconds.
  path: Assets/RPG_FPS_game_assets_industrial/Buildings/Industrial/Hangars/Hangar_v2/Hangar_v2_2.prefab
  artifactKey: Guid(d39ecaf886599264f8182ab11a605849) Importer(815301076,1909f56bfc062723c751e8b465ee728b)
Start importing Assets/RPG_FPS_game_assets_industrial/Buildings/Industrial/Hangars/Hangar_v2/Hangar_v2_2.prefab using Guid(d39ecaf886599264f8182ab11a605849) Importer(815301076,1909f56bfc062723c751e8b465ee728b)  -> (artifact id: 'e958df3a05cee2688fc77044830714a3') in 0.016864 seconds 
========================================================================
Received Import Request.
  Time since last request: 2.658443 seconds.
  path: Assets/RPG_FPS_game_assets_industrial/Buildings/Industrial/Hangars/Hangar_v2/Hangar_v2_3.prefab
  artifactKey: Guid(61c787ad40ab08f409a57210cd8e416b) Importer(815301076,1909f56bfc062723c751e8b465ee728b)
Start importing Assets/RPG_FPS_game_assets_industrial/Buildings/Industrial/Hangars/Hangar_v2/Hangar_v2_3.prefab using Guid(61c787ad40ab08f409a57210cd8e416b) Importer(815301076,1909f56bfc062723c751e8b465ee728b)  -> (artifact id: '16064f7881ffbf84d2a46193bd201257') in 0.036021 seconds 
========================================================================
Received Import Request.
  Time since last request: 3.738705 seconds.
  path: Assets/RPG_FPS_game_assets_industrial/Buildings/Industrial/Hangars/Hangar_v2/Hangar_v2_4.prefab
  artifactKey: Guid(669a1884e0888f24480fbd70cc8ecb73) Importer(815301076,1909f56bfc062723c751e8b465ee728b)
Start importing Assets/RPG_FPS_game_assets_industrial/Buildings/Industrial/Hangars/Hangar_v2/Hangar_v2_4.prefab using Guid(669a1884e0888f24480fbd70cc8ecb73) Importer(815301076,1909f56bfc062723c751e8b465ee728b)  -> (artifact id: 'd1f1e96b281de8bd90e5f6ea958ebcc3') in 0.021000 seconds 
========================================================================
Received Import Request.
  Time since last request: 2.436607 seconds.
  path: Assets/RPG_FPS_game_assets_industrial/Buildings/Industrial/Hangars/Hangar_v2/Hangar_v2_5.prefab
  artifactKey: Guid(b3faa789917d5c74cb7bc3765ff6950c) Importer(815301076,1909f56bfc062723c751e8b465ee728b)
Start importing Assets/RPG_FPS_game_assets_industrial/Buildings/Industrial/Hangars/Hangar_v2/Hangar_v2_5.prefab using Guid(b3faa789917d5c74cb7bc3765ff6950c) Importer(815301076,1909f56bfc062723c751e8b465ee728b)  -> (artifact id: 'e3b8ce703dc659f6ed6c6924469455c1') in 0.016350 seconds 
========================================================================
Received Import Request.
  Time since last request: 4.109700 seconds.
  path: Assets/RPG_FPS_game_assets_industrial/Buildings/Industrial/Hangars/Hangar_v2/Hangar_v2_5.prefab
  artifactKey: Guid(b3faa789917d5c74cb7bc3765ff6950c) Importer(815301076,1909f56bfc062723c751e8b465ee728b)
Start importing Assets/RPG_FPS_game_assets_industrial/Buildings/Industrial/Hangars/Hangar_v2/Hangar_v2_5.prefab using Guid(b3faa789917d5c74cb7bc3765ff6950c) Importer(815301076,1909f56bfc062723c751e8b465ee728b)  -> (artifact id: 'ba93456427c5c3c55c2ee5c92ceff1ce') in 0.029813 seconds 
========================================================================
Received Import Request.
  Time since last request: 2.877111 seconds.
  path: Assets/RPG_FPS_game_assets_industrial/Buildings/Industrial/Hangars/Hangar_v2/Hangar_v2_6.prefab
  artifactKey: Guid(9df406dc401707343b6396bd2ba69f93) Importer(815301076,1909f56bfc062723c751e8b465ee728b)
Start importing Assets/RPG_FPS_game_assets_industrial/Buildings/Industrial/Hangars/Hangar_v2/Hangar_v2_6.prefab using Guid(9df406dc401707343b6396bd2ba69f93) Importer(815301076,1909f56bfc062723c751e8b465ee728b)  -> (artifact id: '0bd45057b4090a87747d26d5b3cd3eb6') in 0.025244 seconds 
========================================================================
Received Import Request.
  Time since last request: 2.103999 seconds.
  path: Assets/RPG_FPS_game_assets_industrial/Buildings/Industrial/Hangars/Hangar_v2/Hangar_v2_7.prefab
  artifactKey: Guid(d885e290456a887418a2fd556c1b1517) Importer(815301076,1909f56bfc062723c751e8b465ee728b)
Start importing Assets/RPG_FPS_game_assets_industrial/Buildings/Industrial/Hangars/Hangar_v2/Hangar_v2_7.prefab using Guid(d885e290456a887418a2fd556c1b1517) Importer(815301076,1909f56bfc062723c751e8b465ee728b)  -> (artifact id: '83f46fb79d802e116f9415a6cb3ee966') in 0.022926 seconds 
========================================================================
Received Import Request.
  Time since last request: 17.851737 seconds.
  path: Assets/RPG_FPS_game_assets_industrial/Buildings/Industrial/Hangars/Hangar_v2/Hangar_v2_outbuilding2.prefab
  artifactKey: Guid(d4f156acee3c5774e84366f3db534889) Importer(815301076,1909f56bfc062723c751e8b465ee728b)
Start importing Assets/RPG_FPS_game_assets_industrial/Buildings/Industrial/Hangars/Hangar_v2/Hangar_v2_outbuilding2.prefab using Guid(d4f156acee3c5774e84366f3db534889) Importer(815301076,1909f56bfc062723c751e8b465ee728b)  -> (artifact id: '5a2fac4a45a93650deb2574b1a281aca') in 0.018472 seconds 
========================================================================
Received Import Request.
  Time since last request: 8.904022 seconds.
  path: Assets/RPG_FPS_game_assets_industrial/Buildings/Industrial/Hangars/Hangar_v2/Hangar_v2_outbuilding3.prefab
  artifactKey: Guid(1ab69ec7f794b39429d78db38da5fbb6) Importer(815301076,1909f56bfc062723c751e8b465ee728b)
Start importing Assets/RPG_FPS_game_assets_industrial/Buildings/Industrial/Hangars/Hangar_v2/Hangar_v2_outbuilding3.prefab using Guid(1ab69ec7f794b39429d78db38da5fbb6) Importer(815301076,1909f56bfc062723c751e8b465ee728b)  -> (artifact id: '52bf7d092455a567b1c27dcb47e345fd') in 0.015158 seconds 
========================================================================
Received Import Request.
  Time since last request: 4.033050 seconds.
  path: Assets/RPG_FPS_game_assets_industrial/Buildings/Industrial/Hangars/Hangar_v2/Hangar_v2_outbuilding3.prefab
  artifactKey: Guid(1ab69ec7f794b39429d78db38da5fbb6) Importer(815301076,1909f56bfc062723c751e8b465ee728b)
Start importing Assets/RPG_FPS_game_assets_industrial/Buildings/Industrial/Hangars/Hangar_v2/Hangar_v2_outbuilding3.prefab using Guid(1ab69ec7f794b39429d78db38da5fbb6) Importer(815301076,1909f56bfc062723c751e8b465ee728b)  -> (artifact id: '1c1ee8f73c95b8fff84c7a3ae27206e8') in 0.026138 seconds 
========================================================================
Received Import Request.
  Time since last request: 33.167220 seconds.
  path: Assets/RPG_FPS_game_assets_industrial/Containers/Cargo_container_v1/Source/Cargo_container_v1.mat
  artifactKey: Guid(725065c3e256d624785aad798a8d0762) Importer(815301076,1909f56bfc062723c751e8b465ee728b)
Start importing Assets/RPG_FPS_game_assets_industrial/Containers/Cargo_container_v1/Source/Cargo_container_v1.mat using Guid(725065c3e256d624785aad798a8d0762) Importer(815301076,1909f56bfc062723c751e8b465ee728b)  -> (artifact id: '6f3f7758fe5fefb05d64ddce76d23fc3') in 0.028406 seconds 
========================================================================
Received Import Request.
  Time since last request: 0.000031 seconds.
  path: Assets/RPG_FPS_game_assets_industrial/Containers/Cargo_container_v1/Source/Cargo_container_v3.mat
  artifactKey: Guid(bb0d1d0eb18293f4a8d2ded5e4ee4e46) Importer(815301076,1909f56bfc062723c751e8b465ee728b)
Start importing Assets/RPG_FPS_game_assets_industrial/Containers/Cargo_container_v1/Source/Cargo_container_v3.mat using Guid(bb0d1d0eb18293f4a8d2ded5e4ee4e46) Importer(815301076,1909f56bfc062723c751e8b465ee728b)  -> (artifact id: 'a6e054dca28972be5c08889b09991765') in 0.025674 seconds 
========================================================================
Received Import Request.
  Time since last request: 1.299251 seconds.
  path: Assets/RPG_FPS_game_assets_industrial/Containers/Cargo_container_v1/Cargo_container_v1_LD1close.prefab
  artifactKey: Guid(84147b87204d0a0478bae9558d656ea2) Importer(815301076,1909f56bfc062723c751e8b465ee728b)
Start importing Assets/RPG_FPS_game_assets_industrial/Containers/Cargo_container_v1/Cargo_container_v1_LD1close.prefab using Guid(84147b87204d0a0478bae9558d656ea2) Importer(815301076,1909f56bfc062723c751e8b465ee728b)  -> (artifact id: 'e352d8135f027c37a6ce925362f318ce') in 0.030926 seconds 
========================================================================
Received Import Request.
  Time since last request: 0.000040 seconds.
  path: Assets/RPG_FPS_game_assets_industrial/Containers/Cargo_container_v1/Cargo_container_v1_LD2through.prefab
  artifactKey: Guid(7efb7a11251ce1342b172668cbdc65c8) Importer(815301076,1909f56bfc062723c751e8b465ee728b)
Start importing Assets/RPG_FPS_game_assets_industrial/Containers/Cargo_container_v1/Cargo_container_v1_LD2through.prefab using Guid(7efb7a11251ce1342b172668cbdc65c8) Importer(815301076,1909f56bfc062723c751e8b465ee728b)  -> (artifact id: '44aa38ebbe70982fb00c021f61f6e224') in 0.061362 seconds 
========================================================================
Received Import Request.
  Time since last request: 0.000060 seconds.
  path: Assets/RPG_FPS_game_assets_industrial/Containers/Cargo_container_v1/Cargo_container_v1_LD2close.prefab
  artifactKey: Guid(58d97d456aead63499ac7d5316541f78) Importer(815301076,1909f56bfc062723c751e8b465ee728b)
Start importing Assets/RPG_FPS_game_assets_industrial/Containers/Cargo_container_v1/Cargo_container_v1_LD2close.prefab using Guid(58d97d456aead63499ac7d5316541f78) Importer(815301076,1909f56bfc062723c751e8b465ee728b)  -> (artifact id: '9e456b3221a98c99a868cddeb5c4722b') in 0.035886 seconds 
========================================================================
Received Import Request.
  Time since last request: 0.000033 seconds.
  path: Assets/RPG_FPS_game_assets_industrial/Containers/Cargo_container_v1/Cargo_container_v1_LD1through.prefab
  artifactKey: Guid(9615d776614809e4890301d5377aeb9f) Importer(815301076,1909f56bfc062723c751e8b465ee728b)
Start importing Assets/RPG_FPS_game_assets_industrial/Containers/Cargo_container_v1/Cargo_container_v1_LD1through.prefab using Guid(9615d776614809e4890301d5377aeb9f) Importer(815301076,1909f56bfc062723c751e8b465ee728b)  -> (artifact id: 'ff66b2d3ef7496d8546bad5fa1bc2517') in 0.065974 seconds 
========================================================================
Received Import Request.
  Time since last request: 0.000041 seconds.
  path: Assets/RPG_FPS_game_assets_industrial/Containers/Cargo_container_v1/Cargo_container_v1_LD2open.prefab
  artifactKey: Guid(c2028b62d7877e04194d5001429cff6b) Importer(815301076,1909f56bfc062723c751e8b465ee728b)
Start importing Assets/RPG_FPS_game_assets_industrial/Containers/Cargo_container_v1/Cargo_container_v1_LD2open.prefab using Guid(c2028b62d7877e04194d5001429cff6b) Importer(815301076,1909f56bfc062723c751e8b465ee728b)  -> (artifact id: '0d5810199fcd5b5eba052c7bcb050a76') in 0.031698 seconds 
========================================================================
Received Import Request.
  Time since last request: 15.537714 seconds.
  path: Assets/RPG_FPS_game_assets_industrial/Containers/Cargo_container_v1/Cargo_container_v1_LD1open.prefab
  artifactKey: Guid(75e99e987b1c5aa48b7b9e465f768fa3) Importer(815301076,1909f56bfc062723c751e8b465ee728b)
Start importing Assets/RPG_FPS_game_assets_industrial/Containers/Cargo_container_v1/Cargo_container_v1_LD1open.prefab using Guid(75e99e987b1c5aa48b7b9e465f768fa3) Importer(815301076,1909f56bfc062723c751e8b465ee728b)  -> (artifact id: '19bd7eb741bd4be3e1029feea14c5e90') in 0.015303 seconds 
========================================================================
Received Import Request.
  Time since last request: 7.285883 seconds.
  path: Assets/RPG_FPS_game_assets_industrial/Containers/Cargo_container_v1/Cargo_container_v1_LD2open.prefab
  artifactKey: Guid(c2028b62d7877e04194d5001429cff6b) Importer(815301076,1909f56bfc062723c751e8b465ee728b)
Start importing Assets/RPG_FPS_game_assets_industrial/Containers/Cargo_container_v1/Cargo_container_v1_LD2open.prefab using Guid(c2028b62d7877e04194d5001429cff6b) Importer(815301076,1909f56bfc062723c751e8b465ee728b)  -> (artifact id: '702fbc702c93bc992072b2cc52e65f81') in 0.017977 seconds 
========================================================================
Received Import Request.
  Time since last request: 10.417149 seconds.
  path: Assets/RPG_FPS_game_assets_industrial/Dumpsters/Dumpsters_v1/Dumpsters_v1_empty.prefab
  artifactKey: Guid(94a643c50b8c98e488ed29457fc57cb6) Importer(815301076,1909f56bfc062723c751e8b465ee728b)
Start importing Assets/RPG_FPS_game_assets_industrial/Dumpsters/Dumpsters_v1/Dumpsters_v1_empty.prefab using Guid(94a643c50b8c98e488ed29457fc57cb6) Importer(815301076,1909f56bfc062723c751e8b465ee728b)  -> (artifact id: '58be4437ad9e7115e36bdece8bf25fa5') in 0.026846 seconds 
========================================================================
Received Import Request.
  Time since last request: 7.312238 seconds.
  path: Assets/RPG_FPS_game_assets_industrial/Dumpsters/Dumpsters_v1/Dumpsters_v1_garbadge.prefab
  artifactKey: Guid(721671003a026be4fb47107988831b38) Importer(815301076,1909f56bfc062723c751e8b465ee728b)
Start importing Assets/RPG_FPS_game_assets_industrial/Dumpsters/Dumpsters_v1/Dumpsters_v1_garbadge.prefab using Guid(721671003a026be4fb47107988831b38) Importer(815301076,1909f56bfc062723c751e8b465ee728b)  -> (artifact id: 'ffe0b04445570c7daa1f35ff6c253834') in 0.127680 seconds 
========================================================================
Received Import Request.
  Time since last request: 3.645460 seconds.
  path: Assets/RPG_FPS_game_assets_industrial/Dumpsters/Dumpsters_v1/Source/Dumpsters_v1.mat
  artifactKey: Guid(3f513b9c59aff4f409bf303083c4a25e) Importer(815301076,1909f56bfc062723c751e8b465ee728b)
Start importing Assets/RPG_FPS_game_assets_industrial/Dumpsters/Dumpsters_v1/Source/Dumpsters_v1.mat using Guid(3f513b9c59aff4f409bf303083c4a25e) Importer(815301076,1909f56bfc062723c751e8b465ee728b)  -> (artifact id: '8904766572ed46dd3a949e0c5d717e98') in 0.016733 seconds 
========================================================================
Received Import Request.
  Time since last request: 3.351144 seconds.
  path: Assets/RPG_FPS_game_assets_industrial/Fences/Concrete_fences/Concrete_fence_v1/Concrete_fence_v1_c1.prefab
  artifactKey: Guid(d451d48adcbc4e14d817d2f55e6fe807) Importer(815301076,1909f56bfc062723c751e8b465ee728b)
Start importing Assets/RPG_FPS_game_assets_industrial/Fences/Concrete_fences/Concrete_fence_v1/Concrete_fence_v1_c1.prefab using Guid(d451d48adcbc4e14d817d2f55e6fe807) Importer(815301076,1909f56bfc062723c751e8b465ee728b)  -> (artifact id: 'adb9ed6f5957316e8cda76a24d5d2299') in 0.027248 seconds 
========================================================================
Received Import Request.
  Time since last request: 0.000037 seconds.
  path: Assets/RPG_FPS_game_assets_industrial/Fences/Concrete_fences/Concrete_fence_v1/Concrete_fence_v1_L2.prefab
  artifactKey: Guid(21cd13e1bef6c4d49b6a39c0979ddb31) Importer(815301076,1909f56bfc062723c751e8b465ee728b)
Start importing Assets/RPG_FPS_game_assets_industrial/Fences/Concrete_fences/Concrete_fence_v1/Concrete_fence_v1_L2.prefab using Guid(21cd13e1bef6c4d49b6a39c0979ddb31) Importer(815301076,1909f56bfc062723c751e8b465ee728b)  -> (artifact id: 'dd1afd28e3d7b1b2ac1b1f3917a7c1e1') in 0.023575 seconds 
========================================================================
Received Import Request.
  Time since last request: 0.000030 seconds.
  path: Assets/RPG_FPS_game_assets_industrial/Fences/Concrete_fences/Concrete_fence_v1/Concrete_fence_v1_s1.prefab
  artifactKey: Guid(8270a6a93cde92045a7d335d31b2ece4) Importer(815301076,1909f56bfc062723c751e8b465ee728b)
Start importing Assets/RPG_FPS_game_assets_industrial/Fences/Concrete_fences/Concrete_fence_v1/Concrete_fence_v1_s1.prefab using Guid(8270a6a93cde92045a7d335d31b2ece4) Importer(815301076,1909f56bfc062723c751e8b465ee728b)  -> (artifact id: 'dab864a3a26a664ae02aa5f2b1e4766e') in 0.018515 seconds 
========================================================================
Received Import Request.
  Time since last request: 0.000043 seconds.
  path: Assets/RPG_FPS_game_assets_industrial/Fences/Concrete_fences/Concrete_fence_v1/Concrete_fence_v1_s2.prefab
  artifactKey: Guid(81244cd240bc54b41aa108bba94a5623) Importer(815301076,1909f56bfc062723c751e8b465ee728b)
Start importing Assets/RPG_FPS_game_assets_industrial/Fences/Concrete_fences/Concrete_fence_v1/Concrete_fence_v1_s2.prefab using Guid(81244cd240bc54b41aa108bba94a5623) Importer(815301076,1909f56bfc062723c751e8b465ee728b)  -> (artifact id: 'd794f7f02763d745e7e2117bb31e88dd') in 0.094962 seconds 
========================================================================
Received Import Request.
  Time since last request: 0.000145 seconds.
  path: Assets/RPG_FPS_game_assets_industrial/Fences/Concrete_fences/Concrete_fence_v1/Concrete_fence_v1_column.prefab
  artifactKey: Guid(28b2b68147fce3c4187add1104d6ccd8) Importer(815301076,1909f56bfc062723c751e8b465ee728b)
Start importing Assets/RPG_FPS_game_assets_industrial/Fences/Concrete_fences/Concrete_fence_v1/Concrete_fence_v1_column.prefab using Guid(28b2b68147fce3c4187add1104d6ccd8) Importer(815301076,1909f56bfc062723c751e8b465ee728b)  -> (artifact id: '4f4c37bca354bfb9a94aa87c88f8013a') in 0.107296 seconds 
========================================================================
Received Import Request.
  Time since last request: 9.527163 seconds.
  path: Assets/RPG_FPS_game_assets_industrial/Fences/Concrete_fences/Concrete_fence_v2/Concrete_fence_v2_end.prefab
  artifactKey: Guid(1ceee618466befc45ac292817f73f6a2) Importer(815301076,1909f56bfc062723c751e8b465ee728b)
Start importing Assets/RPG_FPS_game_assets_industrial/Fences/Concrete_fences/Concrete_fence_v2/Concrete_fence_v2_end.prefab using Guid(1ceee618466befc45ac292817f73f6a2) Importer(815301076,1909f56bfc062723c751e8b465ee728b)  -> (artifact id: 'd6dbc7897469e7be112d231acc3835a6') in 0.038928 seconds 
========================================================================
Received Import Request.
  Time since last request: 20.372336 seconds.
  path: Assets/RPG_FPS_game_assets_industrial/Fences/Concrete_fences/Concrete_fence_v2/Concrete_fence_v2_Gate.prefab
  artifactKey: Guid(60cf315f432990a41b67cef3d41a92f4) Importer(815301076,1909f56bfc062723c751e8b465ee728b)
Start importing Assets/RPG_FPS_game_assets_industrial/Fences/Concrete_fences/Concrete_fence_v2/Concrete_fence_v2_Gate.prefab using Guid(60cf315f432990a41b67cef3d41a92f4) Importer(815301076,1909f56bfc062723c751e8b465ee728b)  -> (artifact id: '3b0aa7018cd6cb34f9bc11c8d9884589') in 0.018751 seconds 
========================================================================
Received Import Request.
  Time since last request: 2.397279 seconds.
  path: Assets/RPG_FPS_game_assets_industrial/Fences/Concrete_fences/Concrete_fence_v2/Concrete_fence_v2_L.prefab
  artifactKey: Guid(aca4c3cf28c5f5a428fb19299881807f) Importer(815301076,1909f56bfc062723c751e8b465ee728b)
Start importing Assets/RPG_FPS_game_assets_industrial/Fences/Concrete_fences/Concrete_fence_v2/Concrete_fence_v2_L.prefab using Guid(aca4c3cf28c5f5a428fb19299881807f) Importer(815301076,1909f56bfc062723c751e8b465ee728b)  -> (artifact id: '67f0192a9a17be87612198d7c3e27a27') in 0.022575 seconds 
========================================================================
Received Import Request.
  Time since last request: 4.922261 seconds.
  path: Assets/RPG_FPS_game_assets_industrial/Fences/Concrete_fences/Concrete_fence_v2/Concrete_fence_v2_S.prefab
  artifactKey: Guid(fee6e1da33beae9409089ab8a832464f) Importer(815301076,1909f56bfc062723c751e8b465ee728b)
Start importing Assets/RPG_FPS_game_assets_industrial/Fences/Concrete_fences/Concrete_fence_v2/Concrete_fence_v2_S.prefab using Guid(fee6e1da33beae9409089ab8a832464f) Importer(815301076,1909f56bfc062723c751e8b465ee728b)  -> (artifact id: '74eafb26557f8e77347b7b3f0cfbfad0') in 0.040195 seconds 
========================================================================
Received Import Request.
  Time since last request: 3.835731 seconds.
  path: Assets/RPG_FPS_game_assets_industrial/Fences/Concrete_fences/Concrete_fence_v2/Concrete_fence_v2_S_half.prefab
  artifactKey: Guid(32c4edf4f02ad254092a6e1ba94f5b4e) Importer(815301076,1909f56bfc062723c751e8b465ee728b)
Start importing Assets/RPG_FPS_game_assets_industrial/Fences/Concrete_fences/Concrete_fence_v2/Concrete_fence_v2_S_half.prefab using Guid(32c4edf4f02ad254092a6e1ba94f5b4e) Importer(815301076,1909f56bfc062723c751e8b465ee728b)  -> (artifact id: 'de1d1988bbe321680a6b605f0b96ee3b') in 0.014373 seconds 
========================================================================
Received Import Request.
  Time since last request: 1.312935 seconds.
  path: Assets/RPG_FPS_game_assets_industrial/Fences/Concrete_fences/UNIConcrete_fences/UNIConcrete_fence_v1_c1.prefab
  artifactKey: Guid(4c2f19328cc277844ba9164493cfd392) Importer(815301076,1909f56bfc062723c751e8b465ee728b)
Start importing Assets/RPG_FPS_game_assets_industrial/Fences/Concrete_fences/UNIConcrete_fences/UNIConcrete_fence_v1_c1.prefab using Guid(4c2f19328cc277844ba9164493cfd392) Importer(815301076,1909f56bfc062723c751e8b465ee728b)  -> (artifact id: '57d891fee2ac66acac043280e0d1a804') in 0.028351 seconds 
========================================================================
Received Import Request.
  Time since last request: 0.000040 seconds.
  path: Assets/RPG_FPS_game_assets_industrial/Fences/Concrete_fences/UNIConcrete_fences/UNIConcrete_fence_v1_s.prefab
  artifactKey: Guid(f0edaebc598e4d34b80cc4fcf3f6550b) Importer(815301076,1909f56bfc062723c751e8b465ee728b)
Start importing Assets/RPG_FPS_game_assets_industrial/Fences/Concrete_fences/UNIConcrete_fences/UNIConcrete_fence_v1_s.prefab using Guid(f0edaebc598e4d34b80cc4fcf3f6550b) Importer(815301076,1909f56bfc062723c751e8b465ee728b)  -> (artifact id: '35d8afa4212b6b1d62f5a249f5d4d89d') in 0.022392 seconds 
========================================================================
Received Import Request.
  Time since last request: 8.117551 seconds.
  path: Assets/RPG_FPS_game_assets_industrial/Fences/Road_blocks/Road_block_v1
  artifactKey: Guid(485972e0519cb77429ce793f21c204ba) Importer(815301076,1909f56bfc062723c751e8b465ee728b)
Start importing Assets/RPG_FPS_game_assets_industrial/Fences/Road_blocks/Road_block_v1 using Guid(485972e0519cb77429ce793f21c204ba) Importer(815301076,1909f56bfc062723c751e8b465ee728b)  -> (artifact id: 'e767e8f4ef252a544c443b39783564d6') in 0.011161 seconds 
========================================================================
Received Import Request.
  Time since last request: 0.965288 seconds.
  path: Assets/RPG_FPS_game_assets_industrial/Fences/Road_blocks/Road_block_v1/Road_block_v1.prefab
  artifactKey: Guid(36667f34d4b750c4695e409fb89b51f8) Importer(815301076,1909f56bfc062723c751e8b465ee728b)
Start importing Assets/RPG_FPS_game_assets_industrial/Fences/Road_blocks/Road_block_v1/Road_block_v1.prefab using Guid(36667f34d4b750c4695e409fb89b51f8) Importer(815301076,1909f56bfc062723c751e8b465ee728b)  -> (artifact id: '5b25cfd89f6d892ab484227d81f5be6e') in 0.013843 seconds 
========================================================================
Received Import Request.
  Time since last request: 4.720913 seconds.
  path: Assets/RPG_FPS_game_assets_industrial/Fences/Road_blocks/Road_block_v1/Road_block_v1.prefab
  artifactKey: Guid(36667f34d4b750c4695e409fb89b51f8) Importer(815301076,1909f56bfc062723c751e8b465ee728b)
Start importing Assets/RPG_FPS_game_assets_industrial/Fences/Road_blocks/Road_block_v1/Road_block_v1.prefab using Guid(36667f34d4b750c4695e409fb89b51f8) Importer(815301076,1909f56bfc062723c751e8b465ee728b)  -> (artifact id: '899d34de44a1dfe66da8de52f49d1db2') in 0.018086 seconds 
========================================================================
Received Import Request.
  Time since last request: 2.818288 seconds.
  path: Assets/RPG_FPS_game_assets_industrial/Fences/Road_blocks/Road_block_v1/Road_block_v1.prefab
  artifactKey: Guid(36667f34d4b750c4695e409fb89b51f8) Importer(815301076,1909f56bfc062723c751e8b465ee728b)
Start importing Assets/RPG_FPS_game_assets_industrial/Fences/Road_blocks/Road_block_v1/Road_block_v1.prefab using Guid(36667f34d4b750c4695e409fb89b51f8) Importer(815301076,1909f56bfc062723c751e8b465ee728b)  -> (artifact id: '435857e4e7f3ecaf67683cb8251d312a') in 0.022024 seconds 
========================================================================
Received Import Request.
  Time since last request: 4.954707 seconds.
  path: Assets/RPG_FPS_game_assets_industrial/Oil_tanks/Oil_tank_v1/Oil_tank_v1.prefab
  artifactKey: Guid(b2be9b4ffc291194c96942bd60bdc25c) Importer(815301076,1909f56bfc062723c751e8b465ee728b)
Start importing Assets/RPG_FPS_game_assets_industrial/Oil_tanks/Oil_tank_v1/Oil_tank_v1.prefab using Guid(b2be9b4ffc291194c96942bd60bdc25c) Importer(815301076,1909f56bfc062723c751e8b465ee728b)  -> (artifact id: '9faa387e5f0996ab41d4052510498b69') in 0.031058 seconds 
========================================================================
Received Import Request.
  Time since last request: 4.214747 seconds.
  path: Assets/RPG_FPS_game_assets_industrial/Oil_tanks/Oil_tank_v1/Oil_tank_v1.prefab
  artifactKey: Guid(b2be9b4ffc291194c96942bd60bdc25c) Importer(815301076,1909f56bfc062723c751e8b465ee728b)
Start importing Assets/RPG_FPS_game_assets_industrial/Oil_tanks/Oil_tank_v1/Oil_tank_v1.prefab using Guid(b2be9b4ffc291194c96942bd60bdc25c) Importer(815301076,1909f56bfc062723c751e8b465ee728b)  -> (artifact id: '647adf9bd43275e28223188780521ddc') in 0.019613 seconds 
========================================================================
Received Import Request.
  Time since last request: 1.474104 seconds.
  path: Assets/RPG_FPS_game_assets_industrial/Oil_tanks/Oil_tank_v1/Oil_tank_v1.prefab
  artifactKey: Guid(b2be9b4ffc291194c96942bd60bdc25c) Importer(815301076,1909f56bfc062723c751e8b465ee728b)
Start importing Assets/RPG_FPS_game_assets_industrial/Oil_tanks/Oil_tank_v1/Oil_tank_v1.prefab using Guid(b2be9b4ffc291194c96942bd60bdc25c) Importer(815301076,1909f56bfc062723c751e8b465ee728b)  -> (artifact id: '3c12caa0755cea1d6c52005a4c6d6489') in 0.016197 seconds 
========================================================================
Received Import Request.
  Time since last request: 1.293178 seconds.
  path: Assets/RPG_FPS_game_assets_industrial/Oil_tanks/Oil_tank_v2/Oil_tank_v2.prefab
  artifactKey: Guid(39485138b2c1f4d41bdd3846e259ffea) Importer(815301076,1909f56bfc062723c751e8b465ee728b)
Start importing Assets/RPG_FPS_game_assets_industrial/Oil_tanks/Oil_tank_v2/Oil_tank_v2.prefab using Guid(39485138b2c1f4d41bdd3846e259ffea) Importer(815301076,1909f56bfc062723c751e8b465ee728b)  -> (artifact id: 'd18c858b1f8383e264a315dee3aa81b1') in 0.021224 seconds 
========================================================================
Received Import Request.
  Time since last request: 2.782422 seconds.
  path: Assets/RPG_FPS_game_assets_industrial/Oil_tanks/Oil_tank_v2/Oil_tank_v2.prefab
  artifactKey: Guid(39485138b2c1f4d41bdd3846e259ffea) Importer(815301076,1909f56bfc062723c751e8b465ee728b)
Start importing Assets/RPG_FPS_game_assets_industrial/Oil_tanks/Oil_tank_v2/Oil_tank_v2.prefab using Guid(39485138b2c1f4d41bdd3846e259ffea) Importer(815301076,1909f56bfc062723c751e8b465ee728b)  -> (artifact id: 'aed9082d41d9b34f4881360523b5dc0b') in 0.019742 seconds 
========================================================================
Received Import Request.
  Time since last request: 1.543852 seconds.
  path: Assets/RPG_FPS_game_assets_industrial/Oil_tanks/Oil_tank_v2/Oil_tank_v2.prefab
  artifactKey: Guid(39485138b2c1f4d41bdd3846e259ffea) Importer(815301076,1909f56bfc062723c751e8b465ee728b)
Start importing Assets/RPG_FPS_game_assets_industrial/Oil_tanks/Oil_tank_v2/Oil_tank_v2.prefab using Guid(39485138b2c1f4d41bdd3846e259ffea) Importer(815301076,1909f56bfc062723c751e8b465ee728b)  -> (artifact id: '3e15e808b9e9d08a5c617e9234207e22') in 0.014053 seconds 
========================================================================
Received Import Request.
  Time since last request: 7.939816 seconds.
  path: Assets/RPG_FPS_game_assets_industrial/Other_props/Conditioners/Conditioner_v1/Conditioner_v1.prefab
  artifactKey: Guid(4aacf79f5a0dae44687cf65a42a1b825) Importer(815301076,1909f56bfc062723c751e8b465ee728b)
Start importing Assets/RPG_FPS_game_assets_industrial/Other_props/Conditioners/Conditioner_v1/Conditioner_v1.prefab using Guid(4aacf79f5a0dae44687cf65a42a1b825) Importer(815301076,1909f56bfc062723c751e8b465ee728b)  -> (artifact id: 'd162ee624ac94669c2c0f1f45a193b3b') in 0.014003 seconds 
========================================================================
Received Import Request.
  Time since last request: 2.778539 seconds.
  path: Assets/RPG_FPS_game_assets_industrial/Other_props/Electric_box/Electric_box_v1/Electric_box_v1.prefab
  artifactKey: Guid(f6bcabe29ce92584f8125c196a931d73) Importer(815301076,1909f56bfc062723c751e8b465ee728b)
Start importing Assets/RPG_FPS_game_assets_industrial/Other_props/Electric_box/Electric_box_v1/Electric_box_v1.prefab using Guid(f6bcabe29ce92584f8125c196a931d73) Importer(815301076,1909f56bfc062723c751e8b465ee728b)  -> (artifact id: 'b13ac691eb421fe62695c415138e94db') in 0.017707 seconds 
========================================================================
Received Import Request.
  Time since last request: 2.371988 seconds.
  path: Assets/RPG_FPS_game_assets_industrial/Other_props/Electric_box/Electric_box_v2/Electric_box_v2.prefab
  artifactKey: Guid(46472ef0a5e771447837601c9fb0d67e) Importer(815301076,1909f56bfc062723c751e8b465ee728b)
Start importing Assets/RPG_FPS_game_assets_industrial/Other_props/Electric_box/Electric_box_v2/Electric_box_v2.prefab using Guid(46472ef0a5e771447837601c9fb0d67e) Importer(815301076,1909f56bfc062723c751e8b465ee728b)  -> (artifact id: '1d6bb634d886e8ff561e1f778e536614') in 0.023239 seconds 
========================================================================
Received Import Request.
  Time since last request: 2.122095 seconds.
  path: Assets/RPG_FPS_game_assets_industrial/Other_props/Electric_box/Electric_box_v3/Electric_box_v3.prefab
  artifactKey: Guid(ee5ce8c8eaa133d43a291b519c442236) Importer(815301076,1909f56bfc062723c751e8b465ee728b)
Start importing Assets/RPG_FPS_game_assets_industrial/Other_props/Electric_box/Electric_box_v3/Electric_box_v3.prefab using Guid(ee5ce8c8eaa133d43a291b519c442236) Importer(815301076,1909f56bfc062723c751e8b465ee728b)  -> (artifact id: '72403d81493d0ac485943f82cd22380a') in 0.024977 seconds 
========================================================================
Received Import Request.
  Time since last request: 2.018662 seconds.
  path: Assets/RPG_FPS_game_assets_industrial/Other_props/Fans/Fan_v1/Fan_v1_1.prefab
  artifactKey: Guid(8b9108df4cdcc6942b69367085ac52a1) Importer(815301076,1909f56bfc062723c751e8b465ee728b)
Start importing Assets/RPG_FPS_game_assets_industrial/Other_props/Fans/Fan_v1/Fan_v1_1.prefab using Guid(8b9108df4cdcc6942b69367085ac52a1) Importer(815301076,1909f56bfc062723c751e8b465ee728b)  -> (artifact id: '2842c9ccd9b5861750aac5511d37977c') in 0.017313 seconds 
========================================================================
Received Import Request.
  Time since last request: 4.735568 seconds.
  path: Assets/RPG_FPS_game_assets_industrial/Other_props/Fans/Fan_v1/Fan_v1_1.prefab
  artifactKey: Guid(8b9108df4cdcc6942b69367085ac52a1) Importer(815301076,1909f56bfc062723c751e8b465ee728b)
Start importing Assets/RPG_FPS_game_assets_industrial/Other_props/Fans/Fan_v1/Fan_v1_1.prefab using Guid(8b9108df4cdcc6942b69367085ac52a1) Importer(815301076,1909f56bfc062723c751e8b465ee728b)  -> (artifact id: 'b1b6037db163faa09ad7fce3010b5d18') in 0.017260 seconds 
========================================================================
Received Import Request.
  Time since last request: 4.521227 seconds.
  path: Assets/RPG_FPS_game_assets_industrial/Other_props/Fans/Fan_v1/Fan_v1_2.prefab
  artifactKey: Guid(30449a7f1c9782149b6600e23b278b95) Importer(815301076,1909f56bfc062723c751e8b465ee728b)
Start importing Assets/RPG_FPS_game_assets_industrial/Other_props/Fans/Fan_v1/Fan_v1_2.prefab using Guid(30449a7f1c9782149b6600e23b278b95) Importer(815301076,1909f56bfc062723c751e8b465ee728b)  -> (artifact id: 'e091991bcda58b4c0d8d6e72f7d89fad') in 0.080359 seconds 
========================================================================
Received Import Request.
  Time since last request: 1.187036 seconds.
  path: Assets/RPG_FPS_game_assets_industrial/Other_props/Generators/Generator_v1/Generator_v1.prefab
  artifactKey: Guid(46132fa6877a42947bf1f7f15c09f435) Importer(815301076,1909f56bfc062723c751e8b465ee728b)
Start importing Assets/RPG_FPS_game_assets_industrial/Other_props/Generators/Generator_v1/Generator_v1.prefab using Guid(46132fa6877a42947bf1f7f15c09f435) Importer(815301076,1909f56bfc062723c751e8b465ee728b)  -> (artifact id: '716dfc978392808c56de1158f2d49947') in 0.015496 seconds 
========================================================================
Received Import Request.
  Time since last request: 2.976971 seconds.
  path: Assets/RPG_FPS_game_assets_industrial/Other_props/Palets/Bags_on_pallet_v1/Bags_on_pallet_v1_1.prefab
  artifactKey: Guid(6d21e769def7d504ea22abcb06173633) Importer(815301076,1909f56bfc062723c751e8b465ee728b)
Start importing Assets/RPG_FPS_game_assets_industrial/Other_props/Palets/Bags_on_pallet_v1/Bags_on_pallet_v1_1.prefab using Guid(6d21e769def7d504ea22abcb06173633) Importer(815301076,1909f56bfc062723c751e8b465ee728b)  -> (artifact id: '31c4db80ae50f3cddfa1ef38498c4b76') in 0.022899 seconds 
========================================================================
Received Import Request.
  Time since last request: 3.359609 seconds.
  path: Assets/RPG_FPS_game_assets_industrial/Other_props/Palets/Palet_v1/Palet_v1_set.prefab
  artifactKey: Guid(fe9a19d4f0d796c40bf4fc6b69dd7b81) Importer(815301076,1909f56bfc062723c751e8b465ee728b)
Start importing Assets/RPG_FPS_game_assets_industrial/Other_props/Palets/Palet_v1/Palet_v1_set.prefab using Guid(fe9a19d4f0d796c40bf4fc6b69dd7b81) Importer(815301076,1909f56bfc062723c751e8b465ee728b)  -> (artifact id: '6b09e64c005094c5fe7b62e4eb6794f5') in 0.023333 seconds 
========================================================================
Received Import Request.
  Time since last request: 6.018394 seconds.
  path: Assets/RPG_FPS_game_assets_industrial/Other_props/Palets/Palet_v1/Palet_v1_set.prefab
  artifactKey: Guid(fe9a19d4f0d796c40bf4fc6b69dd7b81) Importer(815301076,1909f56bfc062723c751e8b465ee728b)
Start importing Assets/RPG_FPS_game_assets_industrial/Other_props/Palets/Palet_v1/Palet_v1_set.prefab using Guid(fe9a19d4f0d796c40bf4fc6b69dd7b81) Importer(815301076,1909f56bfc062723c751e8b465ee728b)  -> (artifact id: '106f9d04abefc16016b38417d2e26b88') in 0.074663 seconds 
========================================================================
Received Import Request.
  Time since last request: 1.123440 seconds.
  path: Assets/RPG_FPS_game_assets_industrial/Other_props/Palets/Palet_v1/Palet_v1_set.prefab
  artifactKey: Guid(fe9a19d4f0d796c40bf4fc6b69dd7b81) Importer(815301076,1909f56bfc062723c751e8b465ee728b)
Start importing Assets/RPG_FPS_game_assets_industrial/Other_props/Palets/Palet_v1/Palet_v1_set.prefab using Guid(fe9a19d4f0d796c40bf4fc6b69dd7b81) Importer(815301076,1909f56bfc062723c751e8b465ee728b)  -> (artifact id: 'e9b02c6acee5b59e27428a4adcd483b3') in 0.022236 seconds 
========================================================================
Received Import Request.
  Time since last request: 3.405506 seconds.
  path: Assets/RPG_FPS_game_assets_industrial/Other_props/Pipes/Industrial_pipes/Industrial_pipe_v1
  artifactKey: Guid(3c7d96d2645667640920ed8b761df74a) Importer(815301076,1909f56bfc062723c751e8b465ee728b)
Start importing Assets/RPG_FPS_game_assets_industrial/Other_props/Pipes/Industrial_pipes/Industrial_pipe_v1 using Guid(3c7d96d2645667640920ed8b761df74a) Importer(815301076,1909f56bfc062723c751e8b465ee728b)  -> (artifact id: '6ae689ec17c992ca944b4de2bd31fab4') in 0.010136 seconds 
========================================================================
Received Import Request.
  Time since last request: 0.067241 seconds.
  path: Assets/RPG_FPS_game_assets_industrial/Other_props/Pipes/Industrial_pipes/Industrial_pipe_v1/Industrial_pipe_v1.prefab
  artifactKey: Guid(ef77372ba45b400439d547071a884266) Importer(815301076,1909f56bfc062723c751e8b465ee728b)
Start importing Assets/RPG_FPS_game_assets_industrial/Other_props/Pipes/Industrial_pipes/Industrial_pipe_v1/Industrial_pipe_v1.prefab using Guid(ef77372ba45b400439d547071a884266) Importer(815301076,1909f56bfc062723c751e8b465ee728b)  -> (artifact id: '4ce68cfc2f8481e6a697fd1fdab77331') in 0.020522 seconds 
========================================================================
Received Import Request.
  Time since last request: 5.231115 seconds.
  path: Assets/RPG_FPS_game_assets_industrial/Other_props/Pipes/Industrial_pipes/Industrial_pipe_v1/Industrial_pipe_v1.prefab
  artifactKey: Guid(ef77372ba45b400439d547071a884266) Importer(815301076,1909f56bfc062723c751e8b465ee728b)
Start importing Assets/RPG_FPS_game_assets_industrial/Other_props/Pipes/Industrial_pipes/Industrial_pipe_v1/Industrial_pipe_v1.prefab using Guid(ef77372ba45b400439d547071a884266) Importer(815301076,1909f56bfc062723c751e8b465ee728b)  -> (artifact id: '81bcdf6c3eb3184a9267c8f1b9c76f3a') in 0.015047 seconds 
========================================================================
Received Import Request.
  Time since last request: 1.182737 seconds.
  path: Assets/RPG_FPS_game_assets_industrial/Other_props/Pipes/Industrial_pipes/Industrial_pipe_v1/Industrial_pipe_v1.prefab
  artifactKey: Guid(ef77372ba45b400439d547071a884266) Importer(815301076,1909f56bfc062723c751e8b465ee728b)
Start importing Assets/RPG_FPS_game_assets_industrial/Other_props/Pipes/Industrial_pipes/Industrial_pipe_v1/Industrial_pipe_v1.prefab using Guid(ef77372ba45b400439d547071a884266) Importer(815301076,1909f56bfc062723c751e8b465ee728b)  -> (artifact id: 'b4b0ff4bee0cb20b8d4bf3e65c5b5ab3') in 0.020191 seconds 
========================================================================
Received Import Request.
  Time since last request: 2.126992 seconds.
  path: Assets/RPG_FPS_game_assets_industrial/Other_props/Pipes/Pipe_sets/Pipes_set_v1/Pipes_set_v1_bend_d.prefab
  artifactKey: Guid(dc6d044e41bc7d943964e919cfcc6226) Importer(815301076,1909f56bfc062723c751e8b465ee728b)
Start importing Assets/RPG_FPS_game_assets_industrial/Other_props/Pipes/Pipe_sets/Pipes_set_v1/Pipes_set_v1_bend_d.prefab using Guid(dc6d044e41bc7d943964e919cfcc6226) Importer(815301076,1909f56bfc062723c751e8b465ee728b)  -> (artifact id: '6007d1f7b92fc437554129949c304468') in 0.025014 seconds 
========================================================================
Received Import Request.
  Time since last request: 0.000037 seconds.
  path: Assets/RPG_FPS_game_assets_industrial/Other_props/Pipes/Pipe_sets/Pipes_set_v1/Pipes_set_v1_tile_s1.prefab
  artifactKey: Guid(a97286fdcded46841aa52392962756a4) Importer(815301076,1909f56bfc062723c751e8b465ee728b)
Start importing Assets/RPG_FPS_game_assets_industrial/Other_props/Pipes/Pipe_sets/Pipes_set_v1/Pipes_set_v1_tile_s1.prefab using Guid(a97286fdcded46841aa52392962756a4) Importer(815301076,1909f56bfc062723c751e8b465ee728b)  -> (artifact id: '98035ce2ba376c56e71da96e8f2f9f09') in 0.048649 seconds 
========================================================================
Received Import Request.
  Time since last request: 0.000025 seconds.
  path: Assets/RPG_FPS_game_assets_industrial/Other_props/Pipes/Pipe_sets/Pipes_set_v1/Pipes_set_v1_vent_2.prefab
  artifactKey: Guid(c81b1a60bcf0cb64fa403060ac10ed0d) Importer(815301076,1909f56bfc062723c751e8b465ee728b)
Start importing Assets/RPG_FPS_game_assets_industrial/Other_props/Pipes/Pipe_sets/Pipes_set_v1/Pipes_set_v1_vent_2.prefab using Guid(c81b1a60bcf0cb64fa403060ac10ed0d) Importer(815301076,1909f56bfc062723c751e8b465ee728b)  -> (artifact id: '22dc46d802f8fb1da8388efea2471249') in 0.069232 seconds 
========================================================================
Received Import Request.
  Time since last request: 0.000056 seconds.
  path: Assets/RPG_FPS_game_assets_industrial/Other_props/Pipes/Pipe_sets/Pipes_set_v1/Pipes_set_v1_U_set_v2.prefab
  artifactKey: Guid(d0eba2199d4a88c45bd25714be118f49) Importer(815301076,1909f56bfc062723c751e8b465ee728b)
Start importing Assets/RPG_FPS_game_assets_industrial/Other_props/Pipes/Pipe_sets/Pipes_set_v1/Pipes_set_v1_U_set_v2.prefab using Guid(d0eba2199d4a88c45bd25714be118f49) Importer(815301076,1909f56bfc062723c751e8b465ee728b)  -> (artifact id: 'bb02908f8aca3a2062c1ffb13821dda9') in 0.060665 seconds 
========================================================================
Received Import Request.
  Time since last request: 0.000025 seconds.
  path: Assets/RPG_FPS_game_assets_industrial/Other_props/Pipes/Pipe_sets/Pipes_set_v1/Pipes_set_v1_bend_s.prefab
  artifactKey: Guid(848f24f4b70670d4293d66f84bb2c61d) Importer(815301076,1909f56bfc062723c751e8b465ee728b)
Start importing Assets/RPG_FPS_game_assets_industrial/Other_props/Pipes/Pipe_sets/Pipes_set_v1/Pipes_set_v1_bend_s.prefab using Guid(848f24f4b70670d4293d66f84bb2c61d) Importer(815301076,1909f56bfc062723c751e8b465ee728b)  -> (artifact id: 'cb0e601ec02168dd91f383c058a7f467') in 0.018479 seconds 
========================================================================
Received Import Request.
  Time since last request: 0.000030 seconds.
  path: Assets/RPG_FPS_game_assets_industrial/Other_props/Pipes/Pipe_sets/Pipes_set_v1/Pipes_set_v1_bend_d_H2.prefab
  artifactKey: Guid(404e0d08b5d27db459ef2c1d46ef305a) Importer(815301076,1909f56bfc062723c751e8b465ee728b)
Start importing Assets/RPG_FPS_game_assets_industrial/Other_props/Pipes/Pipe_sets/Pipes_set_v1/Pipes_set_v1_bend_d_H2.prefab using Guid(404e0d08b5d27db459ef2c1d46ef305a) Importer(815301076,1909f56bfc062723c751e8b465ee728b)  -> (artifact id: 'c3958e7b400c50dc831485feabd5c913') in 0.028270 seconds 
========================================================================
Received Import Request.
  Time since last request: 0.000031 seconds.
  path: Assets/RPG_FPS_game_assets_industrial/Other_props/Pipes/Pipe_sets/Pipes_set_v1/Pipes_set_v1_tile_d2.prefab
  artifactKey: Guid(99914c1bbcbb9244d8d61fe025c942d0) Importer(815301076,1909f56bfc062723c751e8b465ee728b)
Start importing Assets/RPG_FPS_game_assets_industrial/Other_props/Pipes/Pipe_sets/Pipes_set_v1/Pipes_set_v1_tile_d2.prefab using Guid(99914c1bbcbb9244d8d61fe025c942d0) Importer(815301076,1909f56bfc062723c751e8b465ee728b)  -> (artifact id: '0afaf103c736484e4b976dacd3110dca') in 0.017240 seconds 
========================================================================
Received Import Request.
  Time since last request: 0.000029 seconds.
  path: Assets/RPG_FPS_game_assets_industrial/Other_props/Pipes/Pipe_sets/Pipes_set_v1/Pipes_set_v1_vent_1.prefab
  artifactKey: Guid(845bb3e01ad4efe44adb29f965b2150b) Importer(815301076,1909f56bfc062723c751e8b465ee728b)
Start importing Assets/RPG_FPS_game_assets_industrial/Other_props/Pipes/Pipe_sets/Pipes_set_v1/Pipes_set_v1_vent_1.prefab using Guid(845bb3e01ad4efe44adb29f965b2150b) Importer(815301076,1909f56bfc062723c751e8b465ee728b)  -> (artifact id: '2fc6a3a07aa8f567a80a026e1eb7df32') in 0.024396 seconds 
========================================================================
Received Import Request.
  Time since last request: 0.000032 seconds.
  path: Assets/RPG_FPS_game_assets_industrial/Other_props/Pipes/Pipe_sets/Pipes_set_v1/Pipes_set_v1_H_set_v2.prefab
  artifactKey: Guid(761e577b5d2438945bdea48c763b901d) Importer(815301076,1909f56bfc062723c751e8b465ee728b)
Start importing Assets/RPG_FPS_game_assets_industrial/Other_props/Pipes/Pipe_sets/Pipes_set_v1/Pipes_set_v1_H_set_v2.prefab using Guid(761e577b5d2438945bdea48c763b901d) Importer(815301076,1909f56bfc062723c751e8b465ee728b)  -> (artifact id: 'd672c91a18c8c65e95b5fb189e0631cf') in 0.020741 seconds 
========================================================================
Received Import Request.
  Time since last request: 0.000045 seconds.
  path: Assets/RPG_FPS_game_assets_industrial/Other_props/Pipes/Pipe_sets/Pipes_set_v1/Pipes_set_v1_V_set_v1.prefab
  artifactKey: Guid(5222f7f213505a24881db771cd3afa9e) Importer(815301076,1909f56bfc062723c751e8b465ee728b)
Start importing Assets/RPG_FPS_game_assets_industrial/Other_props/Pipes/Pipe_sets/Pipes_set_v1/Pipes_set_v1_V_set_v1.prefab using Guid(5222f7f213505a24881db771cd3afa9e) Importer(815301076,1909f56bfc062723c751e8b465ee728b)  -> (artifact id: '5f42582315554f4a3c501a60b05ca1a5') in 0.030459 seconds 
========================================================================
Received Import Request.
  Time since last request: 0.000029 seconds.
  path: Assets/RPG_FPS_game_assets_industrial/Other_props/Pipes/Pipe_sets/Pipes_set_v1/Pipes_set_v1_U_set_v1.prefab
  artifactKey: Guid(a56eaa3ce8d72a24388bc82778095530) Importer(815301076,1909f56bfc062723c751e8b465ee728b)
Start importing Assets/RPG_FPS_game_assets_industrial/Other_props/Pipes/Pipe_sets/Pipes_set_v1/Pipes_set_v1_U_set_v1.prefab using Guid(a56eaa3ce8d72a24388bc82778095530) Importer(815301076,1909f56bfc062723c751e8b465ee728b)  -> (artifact id: '5289a2c56d6b7764f4282e3d2777cc0f') in 0.018170 seconds 
========================================================================
Received Import Request.
  Time since last request: 32.436670 seconds.
  path: Assets/RPG_FPS_game_assets_industrial/Other_props/Support_set/Support_set_v1/Support_set_v1_bridge1_2.prefab
  artifactKey: Guid(03b5ae236a54aee4e88b1005db570292) Importer(815301076,1909f56bfc062723c751e8b465ee728b)
Start importing Assets/RPG_FPS_game_assets_industrial/Other_props/Support_set/Support_set_v1/Support_set_v1_bridge1_2.prefab using Guid(03b5ae236a54aee4e88b1005db570292) Importer(815301076,1909f56bfc062723c751e8b465ee728b)  -> (artifact id: '4a791f5e1b82ffbc7d8bf529ff9dd06d') in 0.018837 seconds 
========================================================================
Received Import Request.
  Time since last request: 0.000029 seconds.
  path: Assets/RPG_FPS_game_assets_industrial/Other_props/Support_set/Support_set_v1/Support_set_v1_bridge1_S1.prefab
  artifactKey: Guid(f8a23a2c8ac81594dadac5cc048f24ef) Importer(815301076,1909f56bfc062723c751e8b465ee728b)
Start importing Assets/RPG_FPS_game_assets_industrial/Other_props/Support_set/Support_set_v1/Support_set_v1_bridge1_S1.prefab using Guid(f8a23a2c8ac81594dadac5cc048f24ef) Importer(815301076,1909f56bfc062723c751e8b465ee728b)  -> (artifact id: '0c12205fa30b2804d04b1fb3353cb119') in 0.021953 seconds 
========================================================================
Received Import Request.
  Time since last request: 0.000029 seconds.
  path: Assets/RPG_FPS_game_assets_industrial/Other_props/Support_set/Support_set_v1/Support_set_v1_bridge2_2.prefab
  artifactKey: Guid(dc81d7924db84a842b09a48c44f3cda9) Importer(815301076,1909f56bfc062723c751e8b465ee728b)
Start importing Assets/RPG_FPS_game_assets_industrial/Other_props/Support_set/Support_set_v1/Support_set_v1_bridge2_2.prefab using Guid(dc81d7924db84a842b09a48c44f3cda9) Importer(815301076,1909f56bfc062723c751e8b465ee728b)  -> (artifact id: '812ef8ebc2b0a893c4bde410c6f203d2') in 0.021323 seconds 
========================================================================
Received Import Request.
  Time since last request: 0.000038 seconds.
  path: Assets/RPG_FPS_game_assets_industrial/Other_props/Support_set/Support_set_v1/Support_set_v1_bridge2_B1.prefab
  artifactKey: Guid(0af2fdc5834b8dd4e9358f7eb61f3c32) Importer(815301076,1909f56bfc062723c751e8b465ee728b)
Start importing Assets/RPG_FPS_game_assets_industrial/Other_props/Support_set/Support_set_v1/Support_set_v1_bridge2_B1.prefab using Guid(0af2fdc5834b8dd4e9358f7eb61f3c32) Importer(815301076,1909f56bfc062723c751e8b465ee728b)  -> (artifact id: '59d90c11ebdf754d940a4575cc48dcd6') in 0.029657 seconds 
========================================================================
Received Import Request.
  Time since last request: 0.000033 seconds.
  path: Assets/RPG_FPS_game_assets_industrial/Other_props/Support_set/Support_set_v1/Support_set_v1_bridge1_B1.prefab
  artifactKey: Guid(b050e4362d66a254db6b52450e0b1ea2) Importer(815301076,1909f56bfc062723c751e8b465ee728b)
Start importing Assets/RPG_FPS_game_assets_industrial/Other_props/Support_set/Support_set_v1/Support_set_v1_bridge1_B1.prefab using Guid(b050e4362d66a254db6b52450e0b1ea2) Importer(815301076,1909f56bfc062723c751e8b465ee728b)  -> (artifact id: 'd7bcb650660517f8e6f3c52568711737') in 0.019025 seconds 
========================================================================
Received Import Request.
  Time since last request: 0.000027 seconds.
  path: Assets/RPG_FPS_game_assets_industrial/Other_props/Support_set/Support_set_v1/Support_set_v1_railing2_1.prefab
  artifactKey: Guid(164dfab8c233b104aa94b7e4ece709bb) Importer(815301076,1909f56bfc062723c751e8b465ee728b)
Start importing Assets/RPG_FPS_game_assets_industrial/Other_props/Support_set/Support_set_v1/Support_set_v1_railing2_1.prefab using Guid(164dfab8c233b104aa94b7e4ece709bb) Importer(815301076,1909f56bfc062723c751e8b465ee728b)  -> (artifact id: '9d869fadd367274f48713c15641b5c89') in 0.026776 seconds 
========================================================================
Received Import Request.
  Time since last request: 0.000028 seconds.
  path: Assets/RPG_FPS_game_assets_industrial/Other_props/Support_set/Support_set_v1/Support_set_v1_bridge3_2.prefab
  artifactKey: Guid(7f409d7bb185b2c46aa2627e9e9b9e39) Importer(815301076,1909f56bfc062723c751e8b465ee728b)
Start importing Assets/RPG_FPS_game_assets_industrial/Other_props/Support_set/Support_set_v1/Support_set_v1_bridge3_2.prefab using Guid(7f409d7bb185b2c46aa2627e9e9b9e39) Importer(815301076,1909f56bfc062723c751e8b465ee728b)  -> (artifact id: 'e24548efda3d972103ae0ec22fea32df') in 0.018883 seconds 
========================================================================
Received Import Request.
  Time since last request: 0.000029 seconds.
  path: Assets/RPG_FPS_game_assets_industrial/Other_props/Support_set/Support_set_v1/Support_set_v1_railing3_3.prefab
  artifactKey: Guid(29d87e1fce995d14bab7375265653cdb) Importer(815301076,1909f56bfc062723c751e8b465ee728b)
Start importing Assets/RPG_FPS_game_assets_industrial/Other_props/Support_set/Support_set_v1/Support_set_v1_railing3_3.prefab using Guid(29d87e1fce995d14bab7375265653cdb) Importer(815301076,1909f56bfc062723c751e8b465ee728b)  -> (artifact id: '0411f2d0c42a1cdc12fb6afa5857926f') in 0.023508 seconds 
========================================================================
Received Import Request.
  Time since last request: 0.000032 seconds.
  path: Assets/RPG_FPS_game_assets_industrial/Other_props/Support_set/Support_set_v1/Support_set_v1_railing3_2.prefab
  artifactKey: Guid(b90a100495354f94f9da55fcb279b744) Importer(815301076,1909f56bfc062723c751e8b465ee728b)
Start importing Assets/RPG_FPS_game_assets_industrial/Other_props/Support_set/Support_set_v1/Support_set_v1_railing3_2.prefab using Guid(b90a100495354f94f9da55fcb279b744) Importer(815301076,1909f56bfc062723c751e8b465ee728b)  -> (artifact id: '3c23b5f1cb563243ba4233fd582565ce') in 0.020439 seconds 
========================================================================
Received Import Request.
  Time since last request: 0.000037 seconds.
  path: Assets/RPG_FPS_game_assets_industrial/Other_props/Support_set/Support_set_v1/Support_set_v1_bridge2_E1.prefab
  artifactKey: Guid(3e1f6194803867947a1f1735115b71f7) Importer(815301076,1909f56bfc062723c751e8b465ee728b)
Start importing Assets/RPG_FPS_game_assets_industrial/Other_props/Support_set/Support_set_v1/Support_set_v1_bridge2_E1.prefab using Guid(3e1f6194803867947a1f1735115b71f7) Importer(815301076,1909f56bfc062723c751e8b465ee728b)  -> (artifact id: 'd88b591ab995eab78ff43c3cf13267ac') in 0.019551 seconds 
========================================================================
Received Import Request.
  Time since last request: 0.000055 seconds.
  path: Assets/RPG_FPS_game_assets_industrial/Other_props/Support_set/Support_set_v1/Support_set_v1_bridge3_1.prefab
  artifactKey: Guid(762c2bd180c2b94458f51f6b8bd70397) Importer(815301076,1909f56bfc062723c751e8b465ee728b)
Start importing Assets/RPG_FPS_game_assets_industrial/Other_props/Support_set/Support_set_v1/Support_set_v1_bridge3_1.prefab using Guid(762c2bd180c2b94458f51f6b8bd70397) Importer(815301076,1909f56bfc062723c751e8b465ee728b)  -> (artifact id: '14190d764083036555e88b78372f95fd') in 0.027416 seconds 
========================================================================
Received Import Request.
  Time since last request: 0.000029 seconds.
  path: Assets/RPG_FPS_game_assets_industrial/Other_props/Support_set/Support_set_v1/Support_set_v1_railing3_1.prefab
  artifactKey: Guid(2e7cac4837b836f4880c002a41dc528a) Importer(815301076,1909f56bfc062723c751e8b465ee728b)
Start importing Assets/RPG_FPS_game_assets_industrial/Other_props/Support_set/Support_set_v1/Support_set_v1_railing3_1.prefab using Guid(2e7cac4837b836f4880c002a41dc528a) Importer(815301076,1909f56bfc062723c751e8b465ee728b)  -> (artifact id: '4689d7448718975a15648e547b73eea4') in 0.021186 seconds 
========================================================================
Received Import Request.
  Time since last request: 0.000031 seconds.
  path: Assets/RPG_FPS_game_assets_industrial/Other_props/Support_set/Support_set_v1/Support_set_v1_railing2_3.prefab
  artifactKey: Guid(573de10f7ade106458619c937bb9e0ee) Importer(815301076,1909f56bfc062723c751e8b465ee728b)
Start importing Assets/RPG_FPS_game_assets_industrial/Other_props/Support_set/Support_set_v1/Support_set_v1_railing2_3.prefab using Guid(573de10f7ade106458619c937bb9e0ee) Importer(815301076,1909f56bfc062723c751e8b465ee728b)  -> (artifact id: 'f75effcd54ed50801fb9686bd2563f46') in 0.023802 seconds 
========================================================================
Received Import Request.
  Time since last request: 105.306518 seconds.
  path: Assets/Nick/Dummy Animations/Running Jump.fbx
  artifactKey: Guid(c5de500400bf1834ea0ee14cb307fabf) Importer(815301076,1909f56bfc062723c751e8b465ee728b)
Start importing Assets/Nick/Dummy Animations/Running Jump.fbx using Guid(c5de500400bf1834ea0ee14cb307fabf) Importer(815301076,1909f56bfc062723c751e8b465ee728b)  -> (artifact id: 'bae4748d9e8f59bd40e8d8741d090668') in 0.018004 seconds 
========================================================================
Received Import Request.
  Time since last request: 79.505223 seconds.
  path: Assets/RPG_FPS_game_assets_industrial/Buildings
  artifactKey: Guid(a72a9631e12630c48853eb7cdbf86ad8) Importer(815301076,1909f56bfc062723c751e8b465ee728b)
Start importing Assets/RPG_FPS_game_assets_industrial/Buildings using Guid(a72a9631e12630c48853eb7cdbf86ad8) Importer(815301076,1909f56bfc062723c751e8b465ee728b)  -> (artifact id: '5644f23bbd0e192064e0909a0c7cec17') in 0.018207 seconds 
========================================================================
Received Import Request.
  Time since last request: 2.203260 seconds.
  path: Assets/RPG_FPS_game_assets_industrial/Buildings/Industrial/Hangars/Hangar_v2
  artifactKey: Guid(72dfc2ece541be14887885625f78ea37) Importer(815301076,1909f56bfc062723c751e8b465ee728b)
Start importing Assets/RPG_FPS_game_assets_industrial/Buildings/Industrial/Hangars/Hangar_v2 using Guid(72dfc2ece541be14887885625f78ea37) Importer(815301076,1909f56bfc062723c751e8b465ee728b)  -> (artifact id: 'de171f95df90ede3b203923574d904fc') in 0.008596 seconds 
========================================================================
Received Import Request.
  Time since last request: 135.720989 seconds.
  path: Assets/RPG_FPS_game_assets_industrial
  artifactKey: Guid(14867648bc917104ea46cb20dbc02f11) Importer(815301076,1909f56bfc062723c751e8b465ee728b)
Start importing Assets/RPG_FPS_game_assets_industrial using Guid(14867648bc917104ea46cb20dbc02f11) Importer(815301076,1909f56bfc062723c751e8b465ee728b)  -> (artifact id: 'daefcf4bfea7204f194c4b3cfcd132ca') in 0.008430 seconds 
========================================================================
Received Import Request.
  Time since last request: 1.794929 seconds.
  path: Assets/RPG_FPS_game_assets_industrial/Map_v2.unity
  artifactKey: Guid(1d35c8ff8df44934ab0d5619746c0699) Importer(815301076,1909f56bfc062723c751e8b465ee728b)
Start importing Assets/RPG_FPS_game_assets_industrial/Map_v2.unity using Guid(1d35c8ff8df44934ab0d5619746c0699) Importer(815301076,1909f56bfc062723c751e8b465ee728b)  -> (artifact id: 'ed505b342a379e577301126639eb1268') in 0.009843 seconds 
========================================================================
Received Import Request.
  Time since last request: 1.873823 seconds.
  path: Assets/RPG_FPS_game_assets_industrial/Map_v2 1.unity
  artifactKey: Guid(5a71b6a0106eec44ebc3850a43248563) Importer(815301076,1909f56bfc062723c751e8b465ee728b)
Start importing Assets/RPG_FPS_game_assets_industrial/Map_v2 1.unity using Guid(5a71b6a0106eec44ebc3850a43248563) Importer(815301076,1909f56bfc062723c751e8b465ee728b)  -> (artifact id: '03f2feb38fdf94c801c9981191172372') in 0.010288 seconds 
========================================================================
Received Import Request.
  Time since last request: 5.823793 seconds.
  path: Assets/RPG_FPS_game_assets_industrial/Final Scene.unity
  artifactKey: Guid(5a71b6a0106eec44ebc3850a43248563) Importer(815301076,1909f56bfc062723c751e8b465ee728b)
Start importing Assets/RPG_FPS_game_assets_industrial/Final Scene.unity using Guid(5a71b6a0106eec44ebc3850a43248563) Importer(815301076,1909f56bfc062723c751e8b465ee728b)  -> (artifact id: 'd45f1c6077467ac11691e089047322de') in 0.008096 seconds 
========================================================================
Received Import Request.
  Time since last request: 59.995474 seconds.
  path: Assets/Nick/Final Scene.unity
  artifactKey: Guid(5a71b6a0106eec44ebc3850a43248563) Importer(815301076,1909f56bfc062723c751e8b465ee728b)
Start importing Assets/Nick/Final Scene.unity using Guid(5a71b6a0106eec44ebc3850a43248563) Importer(815301076,1909f56bfc062723c751e8b465ee728b)  -> (artifact id: 'dfc6d149d8e124571493c9f2d637bea4') in 0.002429 seconds 
========================================================================
Received Import Request.
  Time since last request: 42.057335 seconds.
  path: Assets/Vinh/Controller.inputactions
  artifactKey: Guid(ddb8baab3f8d6f445a75d9212ab5b41e) Importer(815301076,1909f56bfc062723c751e8b465ee728b)
Start importing Assets/Vinh/Controller.inputactions using Guid(ddb8baab3f8d6f445a75d9212ab5b41e) Importer(815301076,1909f56bfc062723c751e8b465ee728b)  -> (artifact id: '53cf249ce9e9865a8fb2c1a3e593573a') in 0.020231 seconds 
========================================================================
Received Import Request.
  Time since last request: 4.268466 seconds.
  path: Assets/Wwise/Documentation
  artifactKey: Guid(ab5b4a0a2504b4f4c892e5b282a98b4d) Importer(815301076,1909f56bfc062723c751e8b465ee728b)
Start importing Assets/Wwise/Documentation using Guid(ab5b4a0a2504b4f4c892e5b282a98b4d) Importer(815301076,1909f56bfc062723c751e8b465ee728b)  -> (artifact id: '5f49a6ee2b05c47015cb1d4ca0ea8d04') in 0.008596 seconds 
========================================================================
Received Import Request.
  Time since last request: 0.542095 seconds.
  path: Assets/Wwise/API
  artifactKey: Guid(71c072623d3078c42bc9cd3f973cb90f) Importer(815301076,1909f56bfc062723c751e8b465ee728b)
Start importing Assets/Wwise/API using Guid(71c072623d3078c42bc9cd3f973cb90f) Importer(815301076,1909f56bfc062723c751e8b465ee728b)  -> (artifact id: '3d3884056abec6d1e3d327461e61a9dc') in 0.018110 seconds 
========================================================================
Received Import Request.
  Time since last request: 1.599430 seconds.
  path: Assets/Wwise/MonoBehaviour
  artifactKey: Guid(20bdb1b9f6e02a14bb6dec3f31c232ba) Importer(815301076,1909f56bfc062723c751e8b465ee728b)
Start importing Assets/Wwise/MonoBehaviour using Guid(20bdb1b9f6e02a14bb6dec3f31c232ba) Importer(815301076,1909f56bfc062723c751e8b465ee728b)  -> (artifact id: 'c2f016507b2297437add4485f4b1b383') in 0.008590 seconds 
========================================================================
Received Import Request.
  Time since last request: 0.328152 seconds.
  path: Assets/Wwise/ScriptableObjects
  artifactKey: Guid(a0794657ba94a244a9f19b09188e7674) Importer(815301076,1909f56bfc062723c751e8b465ee728b)
Start importing Assets/Wwise/ScriptableObjects using Guid(a0794657ba94a244a9f19b09188e7674) Importer(815301076,1909f56bfc062723c751e8b465ee728b)  -> (artifact id: '3fcf2f6494e44eb3ef77fa149f44b67b') in 0.008626 seconds 
========================================================================
Received Import Request.
  Time since last request: 0.820035 seconds.
  path: Assets/Wwise/ScriptableObjects/AkWwiseInitializationSettings.asset
  artifactKey: Guid(906920e24c525b848a115d2d363baeb9) Importer(815301076,1909f56bfc062723c751e8b465ee728b)
Start importing Assets/Wwise/ScriptableObjects/AkWwiseInitializationSettings.asset using Guid(906920e24c525b848a115d2d363baeb9) Importer(815301076,1909f56bfc062723c751e8b465ee728b)  -> (artifact id: '65c46dcb651446850a01dde7c17cd2ef') in 0.033750 seconds 
========================================================================
Received Import Request.
  Time since last request: 2.434762 seconds.
  path: Assets/Wwise/ScriptableObjects/Soundbank
  artifactKey: Guid(0a2162307b87b3d458b403e2da5fca01) Importer(815301076,1909f56bfc062723c751e8b465ee728b)
Start importing Assets/Wwise/ScriptableObjects/Soundbank using Guid(0a2162307b87b3d458b403e2da5fca01) Importer(815301076,1909f56bfc062723c751e8b465ee728b)  -> (artifact id: 'd5cf3489349f0c3f2d03fac3e5b1bff3') in 0.017779 seconds 
========================================================================
Received Import Request.
  Time since last request: 0.224887 seconds.
  path: Assets/Wwise/ScriptableObjects/Soundbank/2D811A9F-7E26-47D0-B040-E74F05229893.asset
  artifactKey: Guid(8f97332f37045f74dadbf9195ca6c94f) Importer(815301076,1909f56bfc062723c751e8b465ee728b)
Start importing Assets/Wwise/ScriptableObjects/Soundbank/2D811A9F-7E26-47D0-B040-E74F05229893.asset using Guid(8f97332f37045f74dadbf9195ca6c94f) Importer(815301076,1909f56bfc062723c751e8b465ee728b)  -> (artifact id: '6495ac664051c107764cb62442cb1fa3') in 0.017517 seconds 
========================================================================
Received Import Request.
  Time since last request: 35.149342 seconds.
  path: Assets/Nick/Prefabs/Character.prefab
  artifactKey: Guid(7e7310d3ba1d23b439eacdd27a1f167a) Importer(815301076,1909f56bfc062723c751e8b465ee728b)
Start importing Assets/Nick/Prefabs/Character.prefab using Guid(7e7310d3ba1d23b439eacdd27a1f167a) Importer(815301076,1909f56bfc062723c751e8b465ee728b)  -> (artifact id: 'e453ba9bd3aac7de2708336f5dd7d748') in 0.077707 seconds 
========================================================================
Received Import Request.
  Time since last request: 15.625316 seconds.
  path: Assets/Nick/Prefabs/Character.prefab
  artifactKey: Guid(7e7310d3ba1d23b439eacdd27a1f167a) Importer(815301076,1909f56bfc062723c751e8b465ee728b)
Start importing Assets/Nick/Prefabs/Character.prefab using Guid(7e7310d3ba1d23b439eacdd27a1f167a) Importer(815301076,1909f56bfc062723c751e8b465ee728b)  -> (artifact id: '7f52f24b540056fbfb8d799a9eda9484') in 0.055600 seconds 
