Using pre-set license
Built from '2021.3/staging' branch; Version is '2021.3.16f1 (4016570cf34f) revision 4200023'; Using compiler version '192829333'; Build Type 'Release'
OS: 'Windows 10  (10.0.19045) 64bit Core' Language: 'en' Physical Memory: 16299 MB
BatchMode: 1, IsHumanControllingUs: 0, StartBugReporterOnCrash: 0, Is64bit: 1, IsPro: 1

COMMAND LINE ARGUMENTS:
C:\Program Files\Unity\Hub\Editor\2021.3.16f1\Editor\Unity.exe
-adb2
-batchMode
-noUpm
-name
AssetImportWorker6
-projectPath
V:/RJT-A-Parkour-Experience/RJT-A-Parkour-Experience/RJT APE
-logFile
Logs/AssetImportWorker6.log
-srvPort
57154
Successfully changed project path to: V:/RJT-A-Parkour-Experience/RJT-A-Parkour-Experience/RJT APE
V:/RJT-A-Parkour-Experience/RJT-A-Parkour-Experience/RJT APE
[UnityMemory] Configuration Parameters - Can be set up in boot.config
    "memorysetup-bucket-allocator-granularity=16"
    "memorysetup-bucket-allocator-bucket-count=8"
    "memorysetup-bucket-allocator-block-size=33554432"
    "memorysetup-bucket-allocator-block-count=8"
    "memorysetup-main-allocator-block-size=16777216"
    "memorysetup-thread-allocator-block-size=16777216"
    "memorysetup-gfx-main-allocator-block-size=16777216"
    "memorysetup-gfx-thread-allocator-block-size=16777216"
    "memorysetup-cache-allocator-block-size=4194304"
    "memorysetup-typetree-allocator-block-size=2097152"
    "memorysetup-profiler-bucket-allocator-granularity=16"
    "memorysetup-profiler-bucket-allocator-bucket-count=8"
    "memorysetup-profiler-bucket-allocator-block-size=33554432"
    "memorysetup-profiler-bucket-allocator-block-count=8"
    "memorysetup-profiler-allocator-block-size=16777216"
    "memorysetup-profiler-editor-allocator-block-size=1048576"
    "memorysetup-temp-allocator-size-main=16777216"
    "memorysetup-job-temp-allocator-block-size=2097152"
    "memorysetup-job-temp-allocator-block-size-background=1048576"
    "memorysetup-job-temp-allocator-reduction-small-platforms=262144"
    "memorysetup-temp-allocator-size-background-worker=32768"
    "memorysetup-temp-allocator-size-job-worker=262144"
    "memorysetup-temp-allocator-size-preload-manager=33554432"
    "memorysetup-temp-allocator-size-nav-mesh-worker=65536"
    "memorysetup-temp-allocator-size-audio-worker=65536"
    "memorysetup-temp-allocator-size-cloud-worker=32768"
    "memorysetup-temp-allocator-size-gi-baking-worker=262144"
    "memorysetup-temp-allocator-size-gfx=262144"
Player connection [16284] Host "[IP] 172.18.10.51 [Port] 0 [Flags] 2 [Guid] 3004804300 [EditorId] 3004804300 [Version] 1048832 [Id] WindowsEditor(7,DESKTOP-C8QNRHO) [Debug] 1 [PackageName] WindowsEditor [ProjectName] Editor" joined multi-casting on [225.0.0.222:54997]...

Player connection [16284] Host "[IP] 172.18.10.51 [Port] 0 [Flags] 2 [Guid] 3004804300 [EditorId] 3004804300 [Version] 1048832 [Id] WindowsEditor(7,DESKTOP-C8QNRHO) [Debug] 1 [PackageName] WindowsEditor [ProjectName] Editor" joined alternative multi-casting on [225.0.0.222:34997]...

Refreshing native plugins compatible for Editor in 120.77 ms, found 3 plugins.
Preloading 0 native plugins for Editor in 0.00 ms.
Initialize engine version: 2021.3.16f1 (4016570cf34f)
[Subsystems] Discovering subsystems at path C:/Program Files/Unity/Hub/Editor/2021.3.16f1/Editor/Data/Resources/UnitySubsystems
[Subsystems] Discovering subsystems at path V:/RJT-A-Parkour-Experience/RJT-A-Parkour-Experience/RJT APE/Assets
GfxDevice: creating device client; threaded=0; jobified=0
Direct3D:
    Version:  Direct3D 11.0 [level 11.1]
    Renderer: NVIDIA GeForce RTX 3070 (ID=0x2484)
    Vendor:   NVIDIA
    VRAM:     8018 MB
    Driver:   31.0.15.5123
Initialize mono
Mono path[0] = 'C:/Program Files/Unity/Hub/Editor/2021.3.16f1/Editor/Data/Managed'
Mono path[1] = 'C:/Program Files/Unity/Hub/Editor/2021.3.16f1/Editor/Data/MonoBleedingEdge/lib/mono/unityjit-win32'
Mono config path = 'C:/Program Files/Unity/Hub/Editor/2021.3.16f1/Editor/Data/MonoBleedingEdge/etc'
Using monoOptions --debugger-agent=transport=dt_socket,embedding=1,server=y,suspend=n,address=127.0.0.1:56208
Begin MonoManager ReloadAssembly
Registering precompiled unity dll's ...
Register platform support module: C:/Program Files/Unity/Hub/Editor/2021.3.16f1/Editor/Data/PlaybackEngines/WebGLSupport/UnityEditor.WebGL.Extensions.dll
Register platform support module: C:/Program Files/Unity/Hub/Editor/2021.3.16f1/Editor/Data/PlaybackEngines/WindowsStandaloneSupport/UnityEditor.WindowsStandalone.Extensions.dll
Registered in 0.009779 seconds.
Native extension for WindowsStandalone target not found
Native extension for WebGL target not found
Refreshing native plugins compatible for Editor in 113.06 ms, found 3 plugins.
Preloading 0 native plugins for Editor in 0.00 ms.
Mono: successfully reloaded assembly
- Completed reload, in  0.608 seconds
Domain Reload Profiling:
	ReloadAssembly (608ms)
		BeginReloadAssembly (68ms)
			ExecutionOrderSort (0ms)
			DisableScriptedObjects (0ms)
			BackupInstance (0ms)
			ReleaseScriptingObjects (0ms)
			CreateAndSetChildDomain (1ms)
		EndReloadAssembly (432ms)
			LoadAssemblies (66ms)
			RebuildTransferFunctionScriptingTraits (0ms)
			SetupTypeCache (89ms)
			ReleaseScriptCaches (0ms)
			RebuildScriptCaches (22ms)
			SetupLoadedEditorAssemblies (277ms)
				LogAssemblyErrors (0ms)
				InitializePlatformSupportModulesInManaged (9ms)
				SetLoadedEditorAssemblies (0ms)
				RefreshPlugins (113ms)
				BeforeProcessingInitializeOnLoad (1ms)
				ProcessInitializeOnLoadAttributes (117ms)
				ProcessInitializeOnLoadMethodAttributes (36ms)
				AfterProcessingInitializeOnLoad (0ms)
				EditorAssembliesLoaded (0ms)
			ExecutionOrderSort2 (0ms)
			AwakeInstancesAfterBackupRestoration (0ms)
Platform modules already initialized, skipping
Registering precompiled user dll's ...
Registered in 0.007776 seconds.
Begin MonoManager ReloadAssembly
Symbol file LoadedFromMemory doesn't match image V:\RJT-A-Parkour-Experience\RJT-A-Parkour-Experience\RJT APE\Library\PackageCache\com.unity.visualscripting@1.7.8\Editor\VisualScripting.Core\Dependencies\YamlDotNet\Unity.VisualScripting.YamlDotNet.dll
Symbol file LoadedFromMemory doesn't match image V:\RJT-A-Parkour-Experience\RJT-A-Parkour-Experience\RJT APE\Library\PackageCache\com.unity.visualscripting@1.7.8\Editor\VisualScripting.Core\Dependencies\DotNetZip\Unity.VisualScripting.IonicZip.dll
Native extension for WindowsStandalone target not found
Native extension for WebGL target not found
Refreshing native plugins compatible for Editor in 108.49 ms, found 3 plugins.
Preloading 0 native plugins for Editor in 0.00 ms.
Mono: successfully reloaded assembly
- Completed reload, in  1.266 seconds
Domain Reload Profiling:
	ReloadAssembly (1267ms)
		BeginReloadAssembly (100ms)
			ExecutionOrderSort (0ms)
			DisableScriptedObjects (5ms)
			BackupInstance (0ms)
			ReleaseScriptingObjects (0ms)
			CreateAndSetChildDomain (18ms)
		EndReloadAssembly (1060ms)
			LoadAssemblies (90ms)
			RebuildTransferFunctionScriptingTraits (0ms)
			SetupTypeCache (282ms)
			ReleaseScriptCaches (1ms)
			RebuildScriptCaches (57ms)
			SetupLoadedEditorAssemblies (600ms)
				LogAssemblyErrors (0ms)
				InitializePlatformSupportModulesInManaged (6ms)
				SetLoadedEditorAssemblies (0ms)
				RefreshPlugins (109ms)
				BeforeProcessingInitializeOnLoad (111ms)
				ProcessInitializeOnLoadAttributes (299ms)
				ProcessInitializeOnLoadMethodAttributes (66ms)
				AfterProcessingInitializeOnLoad (10ms)
				EditorAssembliesLoaded (0ms)
			ExecutionOrderSort2 (0ms)
			AwakeInstancesAfterBackupRestoration (5ms)
Platform modules already initialized, skipping
========================================================================
Worker process is ready to serve import requests
Launched and connected shader compiler UnityShaderCompiler.exe after 0.04 seconds
Refreshing native plugins compatible for Editor in 0.97 ms, found 3 plugins.
Preloading 0 native plugins for Editor in 0.00 ms.
Unloading 5718 Unused Serialized files (Serialized files now loaded: 0)
Unloading 62 unused Assets / (1.2 MB). Loaded Objects now: 6157.
Memory consumption went from 226.1 MB to 224.9 MB.
Total: 3.932200 ms (FindLiveObjects: 0.521800 ms CreateObjectMapping: 0.157700 ms MarkObjects: 2.788100 ms  DeleteObjects: 0.463900 ms)

AssetImportParameters requested are different than current active one (requested -> active):
  custom:video-decoder-ogg-theora: a1e56fd34408186e4bbccfd4996cb3dc -> 
  custom:container-muxer-webm: aa71ff27fc2769a1b78a27578f13a17b -> 
  custom:container-demuxer-webm: 4f35f7cbe854078d1ac9338744f61a02 -> 
  custom:video-encoder-webm-vp8: eb34c28f22e8b96e1ab97ce403110664 -> 
  custom:audio-encoder-webm-vorbis: bf7c407c2cedff20999df2af8eb42d56 -> 
  custom:framework-win-MediaFoundation: 216162199b28c13a410421893ffa2e32 -> 
  custom:container-demuxer-ogg: 62fdf1f143b41e24485cea50d1cbac27 -> 
  custom:video-decoder-webm-vp8: 9c59270c3fd7afecdb556c50c9e8de78 -> 
  custom:audio-decoder-ogg-vorbis: bf7c407c2cedff20999df2af8eb42d56 -> 
========================================================================
Received Import Request.
  Time since last request: 774155.491420 seconds.
  path: Assets/Template Files/Environment/Shaders
  artifactKey: Guid(df715771dd291574fa9c5e8e988f007e) Importer(815301076,1909f56bfc062723c751e8b465ee728b)
Start importing Assets/Template Files/Environment/Shaders using Guid(df715771dd291574fa9c5e8e988f007e) Importer(815301076,1909f56bfc062723c751e8b465ee728b)  -> (artifact id: 'bfadabac8f5f751c5bbdd6fd39f744a7') in 0.017002 seconds 
========================================================================
Received Import Request.
  Time since last request: 1.209878 seconds.
  path: Assets/Template Files/Environment/Art/Materials
  artifactKey: Guid(62e09e1e4aed9424ba218499f11ea644) Importer(815301076,1909f56bfc062723c751e8b465ee728b)
Start importing Assets/Template Files/Environment/Art/Materials using Guid(62e09e1e4aed9424ba218499f11ea644) Importer(815301076,1909f56bfc062723c751e8b465ee728b)  -> (artifact id: 'a3340d392f3d269ef2fe9577412c6560') in 0.007366 seconds 
========================================================================
Received Import Request.
  Time since last request: 4.834004 seconds.
  path: Assets/Template Files/Environment/Art/Textures/Grid_02_BaseMap.png
  artifactKey: Guid(d9c0dd5cdac07b145be73329e489869a) Importer(815301076,1909f56bfc062723c751e8b465ee728b)
Start importing Assets/Template Files/Environment/Art/Textures/Grid_02_BaseMap.png using Guid(d9c0dd5cdac07b145be73329e489869a) Importer(815301076,1909f56bfc062723c751e8b465ee728b)  -> (artifact id: '8c81a39f681a31321614c72b2b9defa6') in 0.074324 seconds 
========================================================================
Received Import Request.
  Time since last request: 49.305975 seconds.
  path: Assets/Cherian/Materials
  artifactKey: Guid(95a4b25df5b7b964284d56ae252742ff) Importer(815301076,1909f56bfc062723c751e8b465ee728b)
Start importing Assets/Cherian/Materials using Guid(95a4b25df5b7b964284d56ae252742ff) Importer(815301076,1909f56bfc062723c751e8b465ee728b)  -> (artifact id: '5cb8e5ade8e21c17cec645926542e74f') in 0.002371 seconds 
========================================================================
Received Import Request.
  Time since last request: 71.743215 seconds.
  path: Assets/Vinh/iPoly3D/Prototype Textures/Materials
  artifactKey: Guid(a131c1823c58d6a4d82b59fc51cb2adb) Importer(815301076,1909f56bfc062723c751e8b465ee728b)
Start importing Assets/Vinh/iPoly3D/Prototype Textures/Materials using Guid(a131c1823c58d6a4d82b59fc51cb2adb) Importer(815301076,1909f56bfc062723c751e8b465ee728b)  -> (artifact id: '48a4dd741754b2793bf9da28e7e08c53') in 0.007683 seconds 
========================================================================
Received Import Request.
  Time since last request: 0.687199 seconds.
  path: Assets/Vinh/iPoly3D/Prototype Textures/Materials/Blue
  artifactKey: Guid(4a972dc3ce456b44fa0c69ba45756781) Importer(815301076,1909f56bfc062723c751e8b465ee728b)
Start importing Assets/Vinh/iPoly3D/Prototype Textures/Materials/Blue using Guid(4a972dc3ce456b44fa0c69ba45756781) Importer(815301076,1909f56bfc062723c751e8b465ee728b)  -> (artifact id: '1815dc33032c1a74171cf7fef491e1e3') in 0.007267 seconds 
========================================================================
Received Import Request.
  Time since last request: 0.052908 seconds.
  path: Assets/Vinh/iPoly3D/Prototype Textures/Materials/Blue/Blue_1.mat
  artifactKey: Guid(880bf59141236224d8a8d9d3fd430708) Importer(815301076,1909f56bfc062723c751e8b465ee728b)
Start importing Assets/Vinh/iPoly3D/Prototype Textures/Materials/Blue/Blue_1.mat using Guid(880bf59141236224d8a8d9d3fd430708) Importer(815301076,1909f56bfc062723c751e8b465ee728b)  -> (artifact id: 'b61bfc0dab52634cacdba1b6ee56cceb') in 0.194179 seconds 
========================================================================
Received Import Request.
  Time since last request: 0.000034 seconds.
  path: Assets/Vinh/iPoly3D/Prototype Textures/Materials/Blue/Blue_9.mat
  artifactKey: Guid(9f80c72a7bf0eff4aab3ccbd3d1ab38d) Importer(815301076,1909f56bfc062723c751e8b465ee728b)
Start importing Assets/Vinh/iPoly3D/Prototype Textures/Materials/Blue/Blue_9.mat using Guid(9f80c72a7bf0eff4aab3ccbd3d1ab38d) Importer(815301076,1909f56bfc062723c751e8b465ee728b)  -> (artifact id: '024273f01de6de40334f432657cddce4') in 0.014924 seconds 
========================================================================
Received Import Request.
  Time since last request: 0.000045 seconds.
  path: Assets/Vinh/iPoly3D/Prototype Textures/Materials/Blue/Blue_4.mat
  artifactKey: Guid(fdacfbae24d30ee4b824d4f347c7bb0f) Importer(815301076,1909f56bfc062723c751e8b465ee728b)
Start importing Assets/Vinh/iPoly3D/Prototype Textures/Materials/Blue/Blue_4.mat using Guid(fdacfbae24d30ee4b824d4f347c7bb0f) Importer(815301076,1909f56bfc062723c751e8b465ee728b)  -> (artifact id: 'ca03f15bccb9cfa07012e0d7f9eff944') in 0.016775 seconds 
========================================================================
Received Import Request.
  Time since last request: 0.000029 seconds.
  path: Assets/Vinh/iPoly3D/Prototype Textures/Materials/Blue/Blue_8.mat
  artifactKey: Guid(f18b5c90d872a3a48a459e4b20f7de29) Importer(815301076,1909f56bfc062723c751e8b465ee728b)
Start importing Assets/Vinh/iPoly3D/Prototype Textures/Materials/Blue/Blue_8.mat using Guid(f18b5c90d872a3a48a459e4b20f7de29) Importer(815301076,1909f56bfc062723c751e8b465ee728b)  -> (artifact id: '0992fa26b70c171f7888c0e47dd28d9d') in 0.017505 seconds 
========================================================================
Received Import Request.
  Time since last request: 0.000026 seconds.
  path: Assets/Vinh/iPoly3D/Prototype Textures/Materials/Blue/Blue_5.mat
  artifactKey: Guid(492d5fa4108a8b048ba15a6b364ee09c) Importer(815301076,1909f56bfc062723c751e8b465ee728b)
Start importing Assets/Vinh/iPoly3D/Prototype Textures/Materials/Blue/Blue_5.mat using Guid(492d5fa4108a8b048ba15a6b364ee09c) Importer(815301076,1909f56bfc062723c751e8b465ee728b)  -> (artifact id: 'c15d39ad847a73be86a2a91321f9df77') in 0.015406 seconds 
========================================================================
Received Import Request.
  Time since last request: 27.123003 seconds.
  path: Assets/Vinh/iPoly3D/Prototype Textures/Materials/Grey/Grey_2.mat
  artifactKey: Guid(8a38f2e5b0042f84b803deac4ec21533) Importer(815301076,1909f56bfc062723c751e8b465ee728b)
Start importing Assets/Vinh/iPoly3D/Prototype Textures/Materials/Grey/Grey_2.mat using Guid(8a38f2e5b0042f84b803deac4ec21533) Importer(815301076,1909f56bfc062723c751e8b465ee728b)  -> (artifact id: 'bac2fe7dca7290c66bd1b872d2423dd7') in 0.014793 seconds 
========================================================================
Received Import Request.
  Time since last request: 0.000032 seconds.
  path: Assets/Vinh/iPoly3D/Prototype Textures/Materials/Grey/Grey_10.mat
  artifactKey: Guid(d5cc106b40f5cec49b57d5386d190865) Importer(815301076,1909f56bfc062723c751e8b465ee728b)
Start importing Assets/Vinh/iPoly3D/Prototype Textures/Materials/Grey/Grey_10.mat using Guid(d5cc106b40f5cec49b57d5386d190865) Importer(815301076,1909f56bfc062723c751e8b465ee728b)  -> (artifact id: 'f2b97a223943fe71bd2b0b7b959e2cab') in 0.019432 seconds 
========================================================================
Received Import Request.
  Time since last request: 0.000030 seconds.
  path: Assets/Vinh/iPoly3D/Prototype Textures/Materials/Grey/Grey_9.mat
  artifactKey: Guid(7817480cb43be8b409e989b9c4ab0132) Importer(815301076,1909f56bfc062723c751e8b465ee728b)
Start importing Assets/Vinh/iPoly3D/Prototype Textures/Materials/Grey/Grey_9.mat using Guid(7817480cb43be8b409e989b9c4ab0132) Importer(815301076,1909f56bfc062723c751e8b465ee728b)  -> (artifact id: 'a04e682fdba1334e083590b1b631f156') in 0.016981 seconds 
========================================================================
Received Import Request.
  Time since last request: 0.000030 seconds.
  path: Assets/Vinh/iPoly3D/Prototype Textures/Materials/Grey/Grey_8.mat
  artifactKey: Guid(31f8586c3bdf8b64dae44a2c2eb66abd) Importer(815301076,1909f56bfc062723c751e8b465ee728b)
Start importing Assets/Vinh/iPoly3D/Prototype Textures/Materials/Grey/Grey_8.mat using Guid(31f8586c3bdf8b64dae44a2c2eb66abd) Importer(815301076,1909f56bfc062723c751e8b465ee728b)  -> (artifact id: '27220c14b24c2ae26798810997244b63') in 0.016737 seconds 
========================================================================
Received Import Request.
  Time since last request: 11.975772 seconds.
  path: Assets/Vinh/iPoly3D/Prototype Textures/Materials/Orange/Orange_2.mat
  artifactKey: Guid(93705c8208ed1304b89384dc85d3fb06) Importer(815301076,1909f56bfc062723c751e8b465ee728b)
Start importing Assets/Vinh/iPoly3D/Prototype Textures/Materials/Orange/Orange_2.mat using Guid(93705c8208ed1304b89384dc85d3fb06) Importer(815301076,1909f56bfc062723c751e8b465ee728b)  -> (artifact id: 'dfad7ffef1c842ba9732f1804a0830e8') in 0.014287 seconds 
========================================================================
Received Import Request.
  Time since last request: 0.000023 seconds.
  path: Assets/Vinh/iPoly3D/Prototype Textures/Materials/Orange/Orange_8.mat
  artifactKey: Guid(66319b75c9d86c24db3297850e4d0743) Importer(815301076,1909f56bfc062723c751e8b465ee728b)
Start importing Assets/Vinh/iPoly3D/Prototype Textures/Materials/Orange/Orange_8.mat using Guid(66319b75c9d86c24db3297850e4d0743) Importer(815301076,1909f56bfc062723c751e8b465ee728b)  -> (artifact id: '47c5947beced377692235a5db63f287b') in 0.031274 seconds 
========================================================================
Received Import Request.
  Time since last request: 40.468126 seconds.
  path: Assets/Vinh/iPoly3D/Prototype Textures/Materials/Pink/Pink_2.mat
  artifactKey: Guid(47b3e3cc849f1bf468a83fe0baa944e8) Importer(815301076,1909f56bfc062723c751e8b465ee728b)
Start importing Assets/Vinh/iPoly3D/Prototype Textures/Materials/Pink/Pink_2.mat using Guid(47b3e3cc849f1bf468a83fe0baa944e8) Importer(815301076,1909f56bfc062723c751e8b465ee728b)  -> (artifact id: '6afa356df1bd667846be34f174244925') in 0.019960 seconds 
========================================================================
Received Import Request.
  Time since last request: 0.000040 seconds.
  path: Assets/Vinh/iPoly3D/Prototype Textures/Materials/Pink/Pink_8.mat
  artifactKey: Guid(1651607fe0826f04d8197757c6dbe25f) Importer(815301076,1909f56bfc062723c751e8b465ee728b)
Start importing Assets/Vinh/iPoly3D/Prototype Textures/Materials/Pink/Pink_8.mat using Guid(1651607fe0826f04d8197757c6dbe25f) Importer(815301076,1909f56bfc062723c751e8b465ee728b)  -> (artifact id: '2a24bd6aad2b504e9fc82ef62ac30c9f') in 0.019905 seconds 
========================================================================
Received Import Request.
  Time since last request: 10.933486 seconds.
  path: Assets/Vinh/iPoly3D/Prototype Textures/Materials/Red/Red_2.mat
  artifactKey: Guid(ff7a71a59316b22469a304c94f2b4b00) Importer(815301076,1909f56bfc062723c751e8b465ee728b)
Start importing Assets/Vinh/iPoly3D/Prototype Textures/Materials/Red/Red_2.mat using Guid(ff7a71a59316b22469a304c94f2b4b00) Importer(815301076,1909f56bfc062723c751e8b465ee728b)  -> (artifact id: '760e00a9831c446550555b98c48cefd3') in 0.017334 seconds 
========================================================================
Received Import Request.
  Time since last request: 0.000041 seconds.
  path: Assets/Vinh/iPoly3D/Prototype Textures/Materials/Red/Red_6.mat
  artifactKey: Guid(b95f4dcd983ef5245bdfa819b129b035) Importer(815301076,1909f56bfc062723c751e8b465ee728b)
Start importing Assets/Vinh/iPoly3D/Prototype Textures/Materials/Red/Red_6.mat using Guid(b95f4dcd983ef5245bdfa819b129b035) Importer(815301076,1909f56bfc062723c751e8b465ee728b)  -> (artifact id: '67ca5ccd035441cbc3d21b410c234367') in 0.017382 seconds 
========================================================================
Received Import Request.
  Time since last request: 0.000029 seconds.
  path: Assets/Vinh/iPoly3D/Prototype Textures/Materials/Red/Red_7.mat
  artifactKey: Guid(ebca30f447f1d1848812d23bd50f789a) Importer(815301076,1909f56bfc062723c751e8b465ee728b)
Start importing Assets/Vinh/iPoly3D/Prototype Textures/Materials/Red/Red_7.mat using Guid(ebca30f447f1d1848812d23bd50f789a) Importer(815301076,1909f56bfc062723c751e8b465ee728b)  -> (artifact id: 'c5717ec1784b0100ee1a845d620f66ec') in 0.017166 seconds 
========================================================================
Received Import Request.
  Time since last request: 6.729149 seconds.
  path: Assets/Vinh/iPoly3D/Prototype Textures/Materials/Yellow/Yellow_2.mat
  artifactKey: Guid(66432ce147bda90478a02a66f572d892) Importer(815301076,1909f56bfc062723c751e8b465ee728b)
Start importing Assets/Vinh/iPoly3D/Prototype Textures/Materials/Yellow/Yellow_2.mat using Guid(66432ce147bda90478a02a66f572d892) Importer(815301076,1909f56bfc062723c751e8b465ee728b)  -> (artifact id: 'cb33cab231fe313a011ff08221982011') in 0.019054 seconds 
========================================================================
Received Import Request.
  Time since last request: 0.000038 seconds.
  path: Assets/Vinh/iPoly3D/Prototype Textures/Materials/Yellow/Yellow_10.mat
  artifactKey: Guid(dabbf45f2132ed6459bb5192a39effd7) Importer(815301076,1909f56bfc062723c751e8b465ee728b)
Start importing Assets/Vinh/iPoly3D/Prototype Textures/Materials/Yellow/Yellow_10.mat using Guid(dabbf45f2132ed6459bb5192a39effd7) Importer(815301076,1909f56bfc062723c751e8b465ee728b)  -> (artifact id: '3f35bb2721b0eb561b656672957877e8') in 0.024444 seconds 
========================================================================
Received Import Request.
  Time since last request: 47.270351 seconds.
  path: Assets/Vinh/iPoly3D/Prototype Textures/Materials/Blue/Blue_2.mat
  artifactKey: Guid(4cc73f247dcc2e841a79a5290b72c2c4) Importer(815301076,1909f56bfc062723c751e8b465ee728b)
Start importing Assets/Vinh/iPoly3D/Prototype Textures/Materials/Blue/Blue_2.mat using Guid(4cc73f247dcc2e841a79a5290b72c2c4) Importer(815301076,1909f56bfc062723c751e8b465ee728b)  -> (artifact id: '0a9e5eda71d8fd4484a46d103592a948') in 0.020496 seconds 
========================================================================
Received Import Request.
  Time since last request: 0.000038 seconds.
  path: Assets/Vinh/iPoly3D/Prototype Textures/Materials/Blue/Blue_10.mat
  artifactKey: Guid(8f7fc12728facfe4e9b81cf4edb4c058) Importer(815301076,1909f56bfc062723c751e8b465ee728b)
Start importing Assets/Vinh/iPoly3D/Prototype Textures/Materials/Blue/Blue_10.mat using Guid(8f7fc12728facfe4e9b81cf4edb4c058) Importer(815301076,1909f56bfc062723c751e8b465ee728b)  -> (artifact id: '77699fbeea6009868ced5e797ff32378') in 0.015504 seconds 
========================================================================
Received Import Request.
  Time since last request: 0.000031 seconds.
  path: Assets/Vinh/iPoly3D/Prototype Textures/Materials/Blue/Blue_6.mat
  artifactKey: Guid(f7b4e7377158c1740b192553e8edbd41) Importer(815301076,1909f56bfc062723c751e8b465ee728b)
Start importing Assets/Vinh/iPoly3D/Prototype Textures/Materials/Blue/Blue_6.mat using Guid(f7b4e7377158c1740b192553e8edbd41) Importer(815301076,1909f56bfc062723c751e8b465ee728b)  -> (artifact id: '99e82618ae78324e494c322794a4f6c9') in 0.014810 seconds 
========================================================================
Received Import Request.
  Time since last request: 407.997862 seconds.
  path: Assets/Template Files/Character/Materials/M_Armature_Body.mat
  artifactKey: Guid(43714b68324cc2c409d534d9874f2a2b) Importer(815301076,1909f56bfc062723c751e8b465ee728b)
Start importing Assets/Template Files/Character/Materials/M_Armature_Body.mat using Guid(43714b68324cc2c409d534d9874f2a2b) Importer(815301076,1909f56bfc062723c751e8b465ee728b)  -> (artifact id: 'ad63d370fbcda6f02ff08c854da11acb') in 0.040067 seconds 
========================================================================
Received Import Request.
  Time since last request: 2.245207 seconds.
  path: Assets/Template Files/Character/Textures/Armature_Arms_MetallicSmoothness.tif
  artifactKey: Guid(b41d630ccc344454bb1f27587f9acd70) Importer(815301076,1909f56bfc062723c751e8b465ee728b)
Start importing Assets/Template Files/Character/Textures/Armature_Arms_MetallicSmoothness.tif using Guid(b41d630ccc344454bb1f27587f9acd70) Importer(815301076,1909f56bfc062723c751e8b465ee728b)  -> (artifact id: '13ca980cc7a7efd92e1253192872427b') in 0.023925 seconds 
========================================================================
Received Import Request.
  Time since last request: 0.000030 seconds.
  path: Assets/Template Files/Character/Textures/Armature_Legs_MetallicSmoothness.tif
  artifactKey: Guid(1c98c94efa7792645972ecf95e6f86c2) Importer(815301076,1909f56bfc062723c751e8b465ee728b)
Start importing Assets/Template Files/Character/Textures/Armature_Legs_MetallicSmoothness.tif using Guid(1c98c94efa7792645972ecf95e6f86c2) Importer(815301076,1909f56bfc062723c751e8b465ee728b)  -> (artifact id: '04646c764752b34e23a5288301c569de') in 0.016410 seconds 
========================================================================
Received Import Request.
  Time since last request: 0.000029 seconds.
  path: Assets/Template Files/Character/Textures/Armature_Body_RGB.tif
  artifactKey: Guid(a95378e0fd5828442a6ed903fb3b0bf7) Importer(815301076,1909f56bfc062723c751e8b465ee728b)
Start importing Assets/Template Files/Character/Textures/Armature_Body_RGB.tif using Guid(a95378e0fd5828442a6ed903fb3b0bf7) Importer(815301076,1909f56bfc062723c751e8b465ee728b)  -> (artifact id: '8e2d174e33cd6c8bff95c9e13458e7ce') in 0.033094 seconds 
========================================================================
Received Import Request.
  Time since last request: 0.000028 seconds.
  path: Assets/Template Files/Character/Textures/Armature_Arms_Normal.tif
  artifactKey: Guid(104a45460231b8d4783e0bb2223be28c) Importer(815301076,1909f56bfc062723c751e8b465ee728b)
Start importing Assets/Template Files/Character/Textures/Armature_Arms_Normal.tif using Guid(104a45460231b8d4783e0bb2223be28c) Importer(815301076,1909f56bfc062723c751e8b465ee728b)  -> (artifact id: 'da4acfd212006ab993f86b247b787b30') in 0.022517 seconds 
========================================================================
Received Import Request.
  Time since last request: 0.000018 seconds.
  path: Assets/Template Files/Character/Textures/Armature_Body_MetallicSmoothness.tif
  artifactKey: Guid(e73adacd5e8f6fc45a491dbd62e71ead) Importer(815301076,1909f56bfc062723c751e8b465ee728b)
Start importing Assets/Template Files/Character/Textures/Armature_Body_MetallicSmoothness.tif using Guid(e73adacd5e8f6fc45a491dbd62e71ead) Importer(815301076,1909f56bfc062723c751e8b465ee728b)  -> (artifact id: '2069092849fb9190c26c3eadbe0392c2') in 0.019547 seconds 
========================================================================
Received Import Request.
  Time since last request: 0.000028 seconds.
  path: Assets/Template Files/Character/Textures/Armature_Arms_RGB.tif
  artifactKey: Guid(9b46b2c2f21deb843b7ac9242d5f13e6) Importer(815301076,1909f56bfc062723c751e8b465ee728b)
Start importing Assets/Template Files/Character/Textures/Armature_Arms_RGB.tif using Guid(9b46b2c2f21deb843b7ac9242d5f13e6) Importer(815301076,1909f56bfc062723c751e8b465ee728b)  -> (artifact id: '57485d5453719fb286a5873ee8a4dd7f') in 0.032879 seconds 
========================================================================
Received Import Request.
  Time since last request: 50.167685 seconds.
  path: Assets/UI Files/Prefabs/LevelProps/Climbable_Object_2.prefab
  artifactKey: Guid(7fc98a960eb10f044bc75c12862fc15f) Importer(815301076,1909f56bfc062723c751e8b465ee728b)
Start importing Assets/UI Files/Prefabs/LevelProps/Climbable_Object_2.prefab using Guid(7fc98a960eb10f044bc75c12862fc15f) Importer(815301076,1909f56bfc062723c751e8b465ee728b)  -> (artifact id: 'a5bbee763f45b81c8c9df3aa86dc87fb') in 0.030509 seconds 
========================================================================
Received Import Request.
  Time since last request: 0.000025 seconds.
  path: Packages/com.unity.render-pipelines.core/Runtime/Debugging/Prefabs/Widgets/DebugUIEnumHistory.prefab
  artifactKey: Guid(b2da6b27df236b144b3516ed8e7d36ac) Importer(815301076,1909f56bfc062723c751e8b465ee728b)
Start importing Packages/com.unity.render-pipelines.core/Runtime/Debugging/Prefabs/Widgets/DebugUIEnumHistory.prefab using Guid(b2da6b27df236b144b3516ed8e7d36ac) Importer(815301076,1909f56bfc062723c751e8b465ee728b)  -> (artifact id: 'cef1b39bf93d654f0a6ea7831a69658a') in 0.014456 seconds 
========================================================================
Received Import Request.
  Time since last request: 0.000032 seconds.
  path: Packages/com.unity.render-pipelines.core/Runtime/Debugging/Prefabs/Widgets/DebugUIGroup.prefab
  artifactKey: Guid(38a07789c9e87004dad98c2909f58369) Importer(815301076,1909f56bfc062723c751e8b465ee728b)
Start importing Packages/com.unity.render-pipelines.core/Runtime/Debugging/Prefabs/Widgets/DebugUIGroup.prefab using Guid(38a07789c9e87004dad98c2909f58369) Importer(815301076,1909f56bfc062723c751e8b465ee728b)  -> (artifact id: 'cd9fcbde21d7d9ccd0c6cc7c0d5a0f11') in 0.011366 seconds 
========================================================================
Received Import Request.
  Time since last request: 0.000024 seconds.
  path: Packages/com.unity.render-pipelines.core/Runtime/Debugging/Prefabs/Resources/DebugUIPersistentCanvas.prefab
  artifactKey: Guid(f6b1a0fe75d5009449cf55ae76220e2b) Importer(815301076,1909f56bfc062723c751e8b465ee728b)
Start importing Packages/com.unity.render-pipelines.core/Runtime/Debugging/Prefabs/Resources/DebugUIPersistentCanvas.prefab using Guid(f6b1a0fe75d5009449cf55ae76220e2b) Importer(815301076,1909f56bfc062723c751e8b465ee728b)  -> (artifact id: '796bf274adf11450bd109585863cc70c') in 0.014917 seconds 
========================================================================
Received Import Request.
  Time since last request: 0.000027 seconds.
  path: Packages/com.unity.render-pipelines.core/Runtime/Debugging/Prefabs/Widgets/DebugUIMessageBox.prefab
  artifactKey: Guid(10a25524b0986f9488b430e2829bbbe8) Importer(815301076,1909f56bfc062723c751e8b465ee728b)
Start importing Packages/com.unity.render-pipelines.core/Runtime/Debugging/Prefabs/Widgets/DebugUIMessageBox.prefab using Guid(10a25524b0986f9488b430e2829bbbe8) Importer(815301076,1909f56bfc062723c751e8b465ee728b)  -> (artifact id: '611b92a10929f6ea81483a8f127888e9') in 0.009388 seconds 
========================================================================
Received Import Request.
  Time since last request: 0.000029 seconds.
  path: Packages/com.unity.render-pipelines.core/Runtime/Debugging/Prefabs/Widgets/DebugUIVector3.prefab
  artifactKey: Guid(94afea5f242d72547979595ba963f335) Importer(815301076,1909f56bfc062723c751e8b465ee728b)
Start importing Packages/com.unity.render-pipelines.core/Runtime/Debugging/Prefabs/Widgets/DebugUIVector3.prefab using Guid(94afea5f242d72547979595ba963f335) Importer(815301076,1909f56bfc062723c751e8b465ee728b)  -> (artifact id: '844043765cab8d5657f9673192e361a7') in 0.013098 seconds 
========================================================================
Received Import Request.
  Time since last request: 0.000022 seconds.
  path: Packages/com.unity.render-pipelines.core/Runtime/Debugging/Prefabs/Widgets/DebugUIToggleHistory.prefab
  artifactKey: Guid(5088d0220f0c4df439cf06c5c270eacb) Importer(815301076,1909f56bfc062723c751e8b465ee728b)
Start importing Packages/com.unity.render-pipelines.core/Runtime/Debugging/Prefabs/Widgets/DebugUIToggleHistory.prefab using Guid(5088d0220f0c4df439cf06c5c270eacb) Importer(815301076,1909f56bfc062723c751e8b465ee728b)  -> (artifact id: '8a7759476eb9e12c4f45a69ffbb0d6ba') in 0.012067 seconds 
========================================================================
Received Import Request.
  Time since last request: 0.000027 seconds.
  path: Assets/TextMesh Pro/Examples & Extras/Prefabs/Text Popup.prefab
  artifactKey: Guid(b06f0e6c1dfa4356ac918da1bb32c603) Importer(815301076,1909f56bfc062723c751e8b465ee728b)
Start importing Assets/TextMesh Pro/Examples & Extras/Prefabs/Text Popup.prefab using Guid(b06f0e6c1dfa4356ac918da1bb32c603) Importer(815301076,1909f56bfc062723c751e8b465ee728b)  -> (artifact id: '7c6082a1cc2352b7cce9c98133459f5b') in 0.043913 seconds 
========================================================================
Received Import Request.
  Time since last request: 0.000026 seconds.
  path: Packages/com.unity.render-pipelines.core/Runtime/Debugging/Prefabs/Widgets/DebugUIUIntField.prefab
  artifactKey: Guid(f22bcc84a5f4a1944b075a2c4ac71493) Importer(815301076,1909f56bfc062723c751e8b465ee728b)
Start importing Packages/com.unity.render-pipelines.core/Runtime/Debugging/Prefabs/Widgets/DebugUIUIntField.prefab using Guid(f22bcc84a5f4a1944b075a2c4ac71493) Importer(815301076,1909f56bfc062723c751e8b465ee728b)  -> (artifact id: '9064e5efa206dd1018d515312cbfaa3e') in 0.011255 seconds 
========================================================================
Received Import Request.
  Time since last request: 0.000027 seconds.
  path: Packages/com.unity.render-pipelines.core/Runtime/Debugging/Prefabs/Widgets/DebugUIValue.prefab
  artifactKey: Guid(dc0f88987826e6e48b1fe9c7c2b53a53) Importer(815301076,1909f56bfc062723c751e8b465ee728b)
Start importing Packages/com.unity.render-pipelines.core/Runtime/Debugging/Prefabs/Widgets/DebugUIValue.prefab using Guid(dc0f88987826e6e48b1fe9c7c2b53a53) Importer(815301076,1909f56bfc062723c751e8b465ee728b)  -> (artifact id: '40c2deca305bad0d7e9ee7b0d8bca61c') in 0.011307 seconds 
========================================================================
Received Import Request.
  Time since last request: 0.000032 seconds.
  path: Assets/UI Files/Prefabs/LevelProps/Ground.prefab
  artifactKey: Guid(8d62a66ddf1c7a8478446adc83505079) Importer(815301076,1909f56bfc062723c751e8b465ee728b)
Start importing Assets/UI Files/Prefabs/LevelProps/Ground.prefab using Guid(8d62a66ddf1c7a8478446adc83505079) Importer(815301076,1909f56bfc062723c751e8b465ee728b)  -> (artifact id: 'f3cde7cc4dd64fdc3f473cf400afd23d') in 0.015962 seconds 
========================================================================
Received Import Request.
  Time since last request: 0.000037 seconds.
  path: Assets/UI Files/Prefabs/ParentAvatar.prefab
  artifactKey: Guid(be39b5a456aa61b4fa06301cd0a8265c) Importer(815301076,1909f56bfc062723c751e8b465ee728b)
Start importing Assets/UI Files/Prefabs/ParentAvatar.prefab using Guid(be39b5a456aa61b4fa06301cd0a8265c) Importer(815301076,1909f56bfc062723c751e8b465ee728b)  -> (artifact id: 'bcc92ad0ab4f10fc801651c47f2af549') in 0.303155 seconds 
========================================================================
Received Prepare
Registering precompiled user dll's ...
Registered in 0.006962 seconds.
Begin MonoManager ReloadAssembly
Symbol file LoadedFromMemory doesn't match image V:\RJT-A-Parkour-Experience\RJT-A-Parkour-Experience\RJT APE\Library\PackageCache\com.unity.visualscripting@1.7.8\Editor\VisualScripting.Core\Dependencies\YamlDotNet\Unity.VisualScripting.YamlDotNet.dll
Symbol file LoadedFromMemory doesn't match image V:\RJT-A-Parkour-Experience\RJT-A-Parkour-Experience\RJT APE\Library\PackageCache\com.unity.visualscripting@1.7.8\Editor\VisualScripting.Core\Dependencies\DotNetZip\Unity.VisualScripting.IonicZip.dll
Native extension for WindowsStandalone target not found
Native extension for WebGL target not found
Refreshing native plugins compatible for Editor in 1.08 ms, found 3 plugins.
Preloading 0 native plugins for Editor in 0.00 ms.
Mono: successfully reloaded assembly
- Completed reload, in  1.177 seconds
Domain Reload Profiling:
	ReloadAssembly (1178ms)
		BeginReloadAssembly (159ms)
			ExecutionOrderSort (0ms)
			DisableScriptedObjects (7ms)
			BackupInstance (0ms)
			ReleaseScriptingObjects (0ms)
			CreateAndSetChildDomain (55ms)
		EndReloadAssembly (918ms)
			LoadAssemblies (96ms)
			RebuildTransferFunctionScriptingTraits (0ms)
			SetupTypeCache (291ms)
			ReleaseScriptCaches (2ms)
			RebuildScriptCaches (40ms)
			SetupLoadedEditorAssemblies (437ms)
				LogAssemblyErrors (0ms)
				InitializePlatformSupportModulesInManaged (13ms)
				SetLoadedEditorAssemblies (0ms)
				RefreshPlugins (1ms)
				BeforeProcessingInitializeOnLoad (81ms)
				ProcessInitializeOnLoadAttributes (265ms)
				ProcessInitializeOnLoadMethodAttributes (67ms)
				AfterProcessingInitializeOnLoad (10ms)
				EditorAssembliesLoaded (0ms)
			ExecutionOrderSort2 (0ms)
			AwakeInstancesAfterBackupRestoration (11ms)
Platform modules already initialized, skipping
Refreshing native plugins compatible for Editor in 2.50 ms, found 3 plugins.
Preloading 0 native plugins for Editor in 0.00 ms.
Unloading 5597 Unused Serialized files (Serialized files now loaded: 0)
Unloading 42 unused Assets / (1.2 MB). Loaded Objects now: 6264.
Memory consumption went from 245.7 MB to 244.5 MB.
Total: 4.051000 ms (FindLiveObjects: 0.443600 ms CreateObjectMapping: 0.144300 ms MarkObjects: 2.999800 ms  DeleteObjects: 0.462400 ms)

AssetImportParameters requested are different than current active one (requested -> active):
  custom:video-decoder-ogg-theora: a1e56fd34408186e4bbccfd4996cb3dc -> 
  custom:container-muxer-webm: aa71ff27fc2769a1b78a27578f13a17b -> 
  custom:container-demuxer-webm: 4f35f7cbe854078d1ac9338744f61a02 -> 
  custom:video-encoder-webm-vp8: eb34c28f22e8b96e1ab97ce403110664 -> 
  custom:audio-encoder-webm-vorbis: bf7c407c2cedff20999df2af8eb42d56 -> 
  custom:framework-win-MediaFoundation: 216162199b28c13a410421893ffa2e32 -> 
  custom:container-demuxer-ogg: 62fdf1f143b41e24485cea50d1cbac27 -> 
  custom:video-decoder-webm-vp8: 9c59270c3fd7afecdb556c50c9e8de78 -> 
  custom:audio-decoder-ogg-vorbis: bf7c407c2cedff20999df2af8eb42d56 -> 
========================================================================
Received Import Request.
  Time since last request: 997.529390 seconds.
  path: Assets/Old Files/Prefabs/LevelProps/Climbable_Object_1.prefab
  artifactKey: Guid(0a5807f5434a5ca4da01a5b9df474c9f) Importer(815301076,1909f56bfc062723c751e8b465ee728b)
Start importing Assets/Old Files/Prefabs/LevelProps/Climbable_Object_1.prefab using Guid(0a5807f5434a5ca4da01a5b9df474c9f) Importer(815301076,1909f56bfc062723c751e8b465ee728b)  -> (artifact id: '0e2362d6d9a403bb56978dc8ffd35c89') in 0.199030 seconds 
========================================================================
Received Import Request.
  Time since last request: 0.000025 seconds.
  path: Assets/Old Files/Prefabs/LevelProps/LeapableObject_2.prefab
  artifactKey: Guid(4169303ba493b2848970e09f008126dd) Importer(815301076,1909f56bfc062723c751e8b465ee728b)
Start importing Assets/Old Files/Prefabs/LevelProps/LeapableObject_2.prefab using Guid(4169303ba493b2848970e09f008126dd) Importer(815301076,1909f56bfc062723c751e8b465ee728b)  -> (artifact id: '1886ace98807991cf3d271829c28c875') in 0.020689 seconds 
Editor requested this worker to shutdown with reason: Scaling down because of idle timeout
AssetImportWorker is now disconnected from the server
Process exiting
Exiting without the bug reporter. Application will terminate with return code 0