Using pre-set license
Built from '2021.3/staging' branch; Version is '2021.3.16f1 (4016570cf34f) revision 4200023'; Using compiler version '192829333'; Build Type 'Release'
OS: 'Windows 10  (10.0.19045) 64bit Core' Language: 'en' Physical Memory: 16299 MB
BatchMode: 1, IsHumanControllingUs: 0, StartBugReporterOnCrash: 0, Is64bit: 1, IsPro: 1

COMMAND LINE ARGUMENTS:
C:\Program Files\Unity\Hub\Editor\2021.3.16f1\Editor\Unity.exe
-adb2
-batchMode
-noUpm
-name
AssetImportWorker9
-projectPath
V:/RJT-A-Parkour-Experience/RJT-A-Parkour-Experience/RJT APE
-logFile
Logs/AssetImportWorker9.log
-srvPort
57154
Successfully changed project path to: V:/RJT-A-Parkour-Experience/RJT-A-Parkour-Experience/RJT APE
V:/RJT-A-Parkour-Experience/RJT-A-Parkour-Experience/RJT APE
[UnityMemory] Configuration Parameters - Can be set up in boot.config
    "memorysetup-bucket-allocator-granularity=16"
    "memorysetup-bucket-allocator-bucket-count=8"
    "memorysetup-bucket-allocator-block-size=33554432"
    "memorysetup-bucket-allocator-block-count=8"
    "memorysetup-main-allocator-block-size=16777216"
    "memorysetup-thread-allocator-block-size=16777216"
    "memorysetup-gfx-main-allocator-block-size=16777216"
    "memorysetup-gfx-thread-allocator-block-size=16777216"
    "memorysetup-cache-allocator-block-size=4194304"
    "memorysetup-typetree-allocator-block-size=2097152"
    "memorysetup-profiler-bucket-allocator-granularity=16"
    "memorysetup-profiler-bucket-allocator-bucket-count=8"
    "memorysetup-profiler-bucket-allocator-block-size=33554432"
    "memorysetup-profiler-bucket-allocator-block-count=8"
    "memorysetup-profiler-allocator-block-size=16777216"
    "memorysetup-profiler-editor-allocator-block-size=1048576"
    "memorysetup-temp-allocator-size-main=16777216"
    "memorysetup-job-temp-allocator-block-size=2097152"
    "memorysetup-job-temp-allocator-block-size-background=1048576"
    "memorysetup-job-temp-allocator-reduction-small-platforms=262144"
    "memorysetup-temp-allocator-size-background-worker=32768"
    "memorysetup-temp-allocator-size-job-worker=262144"
    "memorysetup-temp-allocator-size-preload-manager=33554432"
    "memorysetup-temp-allocator-size-nav-mesh-worker=65536"
    "memorysetup-temp-allocator-size-audio-worker=65536"
    "memorysetup-temp-allocator-size-cloud-worker=32768"
    "memorysetup-temp-allocator-size-gi-baking-worker=262144"
    "memorysetup-temp-allocator-size-gfx=262144"
Player connection [3576] Host "[IP] 172.18.10.51 [Port] 0 [Flags] 2 [Guid] 836333291 [EditorId] 836333291 [Version] 1048832 [Id] WindowsEditor(7,DESKTOP-C8QNRHO) [Debug] 1 [PackageName] WindowsEditor [ProjectName] Editor" joined multi-casting on [225.0.0.222:54997]...

Player connection [3576] Host "[IP] 172.18.10.51 [Port] 0 [Flags] 2 [Guid] 836333291 [EditorId] 836333291 [Version] 1048832 [Id] WindowsEditor(7,DESKTOP-C8QNRHO) [Debug] 1 [PackageName] WindowsEditor [ProjectName] Editor" joined alternative multi-casting on [225.0.0.222:34997]...

Refreshing native plugins compatible for Editor in 131.30 ms, found 3 plugins.
Preloading 0 native plugins for Editor in 0.00 ms.
Initialize engine version: 2021.3.16f1 (4016570cf34f)
[Subsystems] Discovering subsystems at path C:/Program Files/Unity/Hub/Editor/2021.3.16f1/Editor/Data/Resources/UnitySubsystems
[Subsystems] Discovering subsystems at path V:/RJT-A-Parkour-Experience/RJT-A-Parkour-Experience/RJT APE/Assets
GfxDevice: creating device client; threaded=0; jobified=0
Direct3D:
    Version:  Direct3D 11.0 [level 11.1]
    Renderer: NVIDIA GeForce RTX 3070 (ID=0x2484)
    Vendor:   NVIDIA
    VRAM:     8018 MB
    Driver:   31.0.15.5123
Initialize mono
Mono path[0] = 'C:/Program Files/Unity/Hub/Editor/2021.3.16f1/Editor/Data/Managed'
Mono path[1] = 'C:/Program Files/Unity/Hub/Editor/2021.3.16f1/Editor/Data/MonoBleedingEdge/lib/mono/unityjit-win32'
Mono config path = 'C:/Program Files/Unity/Hub/Editor/2021.3.16f1/Editor/Data/MonoBleedingEdge/etc'
Using monoOptions --debugger-agent=transport=dt_socket,embedding=1,server=y,suspend=n,address=127.0.0.1:56500
Begin MonoManager ReloadAssembly
Registering precompiled unity dll's ...
Register platform support module: C:/Program Files/Unity/Hub/Editor/2021.3.16f1/Editor/Data/PlaybackEngines/WebGLSupport/UnityEditor.WebGL.Extensions.dll
Register platform support module: C:/Program Files/Unity/Hub/Editor/2021.3.16f1/Editor/Data/PlaybackEngines/WindowsStandaloneSupport/UnityEditor.WindowsStandalone.Extensions.dll
Registered in 0.009656 seconds.
Native extension for WindowsStandalone target not found
Native extension for WebGL target not found
Refreshing native plugins compatible for Editor in 107.96 ms, found 3 plugins.
Preloading 0 native plugins for Editor in 0.00 ms.
Mono: successfully reloaded assembly
- Completed reload, in  0.605 seconds
Domain Reload Profiling:
	ReloadAssembly (606ms)
		BeginReloadAssembly (71ms)
			ExecutionOrderSort (0ms)
			DisableScriptedObjects (0ms)
			BackupInstance (0ms)
			ReleaseScriptingObjects (0ms)
			CreateAndSetChildDomain (1ms)
		EndReloadAssembly (425ms)
			LoadAssemblies (68ms)
			RebuildTransferFunctionScriptingTraits (0ms)
			SetupTypeCache (93ms)
			ReleaseScriptCaches (0ms)
			RebuildScriptCaches (22ms)
			SetupLoadedEditorAssemblies (266ms)
				LogAssemblyErrors (0ms)
				InitializePlatformSupportModulesInManaged (9ms)
				SetLoadedEditorAssemblies (0ms)
				RefreshPlugins (108ms)
				BeforeProcessingInitializeOnLoad (1ms)
				ProcessInitializeOnLoadAttributes (112ms)
				ProcessInitializeOnLoadMethodAttributes (35ms)
				AfterProcessingInitializeOnLoad (0ms)
				EditorAssembliesLoaded (0ms)
			ExecutionOrderSort2 (0ms)
			AwakeInstancesAfterBackupRestoration (0ms)
Platform modules already initialized, skipping
Registering precompiled user dll's ...
Registered in 0.007246 seconds.
Begin MonoManager ReloadAssembly
Symbol file LoadedFromMemory doesn't match image V:\RJT-A-Parkour-Experience\RJT-A-Parkour-Experience\RJT APE\Library\PackageCache\com.unity.visualscripting@1.7.8\Editor\VisualScripting.Core\Dependencies\YamlDotNet\Unity.VisualScripting.YamlDotNet.dll
Symbol file LoadedFromMemory doesn't match image V:\RJT-A-Parkour-Experience\RJT-A-Parkour-Experience\RJT APE\Library\PackageCache\com.unity.visualscripting@1.7.8\Editor\VisualScripting.Core\Dependencies\DotNetZip\Unity.VisualScripting.IonicZip.dll
Native extension for WindowsStandalone target not found
Native extension for WebGL target not found
Refreshing native plugins compatible for Editor in 110.38 ms, found 3 plugins.
Preloading 0 native plugins for Editor in 0.00 ms.
Mono: successfully reloaded assembly
- Completed reload, in  1.266 seconds
Domain Reload Profiling:
	ReloadAssembly (1267ms)
		BeginReloadAssembly (102ms)
			ExecutionOrderSort (0ms)
			DisableScriptedObjects (5ms)
			BackupInstance (0ms)
			ReleaseScriptingObjects (0ms)
			CreateAndSetChildDomain (20ms)
		EndReloadAssembly (1059ms)
			LoadAssemblies (95ms)
			RebuildTransferFunctionScriptingTraits (0ms)
			SetupTypeCache (283ms)
			ReleaseScriptCaches (1ms)
			RebuildScriptCaches (57ms)
			SetupLoadedEditorAssemblies (595ms)
				LogAssemblyErrors (0ms)
				InitializePlatformSupportModulesInManaged (6ms)
				SetLoadedEditorAssemblies (0ms)
				RefreshPlugins (110ms)
				BeforeProcessingInitializeOnLoad (109ms)
				ProcessInitializeOnLoadAttributes (296ms)
				ProcessInitializeOnLoadMethodAttributes (64ms)
				AfterProcessingInitializeOnLoad (10ms)
				EditorAssembliesLoaded (0ms)
			ExecutionOrderSort2 (0ms)
			AwakeInstancesAfterBackupRestoration (5ms)
Platform modules already initialized, skipping
========================================================================
Worker process is ready to serve import requests
Launched and connected shader compiler UnityShaderCompiler.exe after 0.03 seconds
Refreshing native plugins compatible for Editor in 1.25 ms, found 3 plugins.
Preloading 0 native plugins for Editor in 0.00 ms.
Unloading 5719 Unused Serialized files (Serialized files now loaded: 0)
Unloading 61 unused Assets / (1.2 MB). Loaded Objects now: 6159.
Memory consumption went from 226.9 MB to 225.7 MB.
Total: 4.137400 ms (FindLiveObjects: 0.529200 ms CreateObjectMapping: 0.161000 ms MarkObjects: 2.967800 ms  DeleteObjects: 0.478600 ms)

AssetImportParameters requested are different than current active one (requested -> active):
  custom:video-decoder-ogg-theora: a1e56fd34408186e4bbccfd4996cb3dc -> 
  custom:container-muxer-webm: aa71ff27fc2769a1b78a27578f13a17b -> 
  custom:container-demuxer-webm: 4f35f7cbe854078d1ac9338744f61a02 -> 
  custom:video-encoder-webm-vp8: eb34c28f22e8b96e1ab97ce403110664 -> 
  custom:audio-encoder-webm-vorbis: bf7c407c2cedff20999df2af8eb42d56 -> 
  custom:framework-win-MediaFoundation: 216162199b28c13a410421893ffa2e32 -> 
  custom:container-demuxer-ogg: 62fdf1f143b41e24485cea50d1cbac27 -> 
  custom:video-decoder-webm-vp8: 9c59270c3fd7afecdb556c50c9e8de78 -> 
  custom:audio-decoder-ogg-vorbis: bf7c407c2cedff20999df2af8eb42d56 -> 
========================================================================
Received Import Request.
  Time since last request: 774310.918074 seconds.
  path: Assets/Vinh/iPoly3D/Prototype Textures/Materials/Grey/Grey_3.mat
  artifactKey: Guid(21827f1faa0421245afff441a51d4c12) Importer(815301076,1909f56bfc062723c751e8b465ee728b)
Start importing Assets/Vinh/iPoly3D/Prototype Textures/Materials/Grey/Grey_3.mat using Guid(21827f1faa0421245afff441a51d4c12) Importer(815301076,1909f56bfc062723c751e8b465ee728b)  -> (artifact id: '785ff032a4db96868e98465394f9a85b') in 0.242224 seconds 
========================================================================
Received Import Request.
  Time since last request: 11.827599 seconds.
  path: Assets/Vinh/iPoly3D/Prototype Textures/Materials/Orange/Orange_3.mat
  artifactKey: Guid(99b708e835983d2499c503bb9adb8462) Importer(815301076,1909f56bfc062723c751e8b465ee728b)
Start importing Assets/Vinh/iPoly3D/Prototype Textures/Materials/Orange/Orange_3.mat using Guid(99b708e835983d2499c503bb9adb8462) Importer(815301076,1909f56bfc062723c751e8b465ee728b)  -> (artifact id: '7c27d5443c4030786779c92de0b47600') in 0.020074 seconds 
========================================================================
Received Import Request.
  Time since last request: 0.000028 seconds.
  path: Assets/Vinh/iPoly3D/Prototype Textures/Materials/Orange/Orange_6.mat
  artifactKey: Guid(3fbb51fb1b141e744a147816eb3565b5) Importer(815301076,1909f56bfc062723c751e8b465ee728b)
Start importing Assets/Vinh/iPoly3D/Prototype Textures/Materials/Orange/Orange_6.mat using Guid(3fbb51fb1b141e744a147816eb3565b5) Importer(815301076,1909f56bfc062723c751e8b465ee728b)  -> (artifact id: '22d099eb99a11c0b67ceb69172c5febc') in 0.025717 seconds 
========================================================================
Received Import Request.
  Time since last request: 40.469634 seconds.
  path: Assets/Vinh/iPoly3D/Prototype Textures/Materials/Pink/Pink_3.mat
  artifactKey: Guid(7b7af635219179747b423efeb0532081) Importer(815301076,1909f56bfc062723c751e8b465ee728b)
Start importing Assets/Vinh/iPoly3D/Prototype Textures/Materials/Pink/Pink_3.mat using Guid(7b7af635219179747b423efeb0532081) Importer(815301076,1909f56bfc062723c751e8b465ee728b)  -> (artifact id: 'a55bac90faf00ce29c3aa109be9c5d53') in 0.015956 seconds 
========================================================================
Received Import Request.
  Time since last request: 0.000020 seconds.
  path: Assets/Vinh/iPoly3D/Prototype Textures/Materials/Pink/Pink_5.mat
  artifactKey: Guid(2c42d4f0e1d1d184e83ea64bea171965) Importer(815301076,1909f56bfc062723c751e8b465ee728b)
Start importing Assets/Vinh/iPoly3D/Prototype Textures/Materials/Pink/Pink_5.mat using Guid(2c42d4f0e1d1d184e83ea64bea171965) Importer(815301076,1909f56bfc062723c751e8b465ee728b)  -> (artifact id: 'dbf91d1eccf173f6948246bcd6c76029') in 0.015699 seconds 
========================================================================
Received Import Request.
  Time since last request: 0.000022 seconds.
  path: Assets/Vinh/iPoly3D/Prototype Textures/Materials/Pink/Pink_7.mat
  artifactKey: Guid(faa16790a9a67c347a7b9171e6b82ea9) Importer(815301076,1909f56bfc062723c751e8b465ee728b)
Start importing Assets/Vinh/iPoly3D/Prototype Textures/Materials/Pink/Pink_7.mat using Guid(faa16790a9a67c347a7b9171e6b82ea9) Importer(815301076,1909f56bfc062723c751e8b465ee728b)  -> (artifact id: 'd70954bb90bbe562dc10d3500424123b') in 0.016008 seconds 
========================================================================
Received Import Request.
  Time since last request: 10.916594 seconds.
  path: Assets/Vinh/iPoly3D/Prototype Textures/Materials/Red/Red_3.mat
  artifactKey: Guid(b143536856f156f479d5ed2222190dbc) Importer(815301076,1909f56bfc062723c751e8b465ee728b)
Start importing Assets/Vinh/iPoly3D/Prototype Textures/Materials/Red/Red_3.mat using Guid(b143536856f156f479d5ed2222190dbc) Importer(815301076,1909f56bfc062723c751e8b465ee728b)  -> (artifact id: 'd3e682a33b67d3ec827f0c44995ad402') in 0.017037 seconds 
========================================================================
Received Import Request.
  Time since last request: 0.000022 seconds.
  path: Assets/Vinh/iPoly3D/Prototype Textures/Materials/Red/Red_9.mat
  artifactKey: Guid(0206025cb345d16488ac1f9e2b587dea) Importer(815301076,1909f56bfc062723c751e8b465ee728b)
Start importing Assets/Vinh/iPoly3D/Prototype Textures/Materials/Red/Red_9.mat using Guid(0206025cb345d16488ac1f9e2b587dea) Importer(815301076,1909f56bfc062723c751e8b465ee728b)  -> (artifact id: 'e73c77ebad1e597f7e81fd8524158946') in 0.028712 seconds 
========================================================================
Received Import Request.
  Time since last request: 6.746148 seconds.
  path: Assets/Vinh/iPoly3D/Prototype Textures/Materials/Yellow/Yellow_3.mat
  artifactKey: Guid(2fdad9288ca1171428734bc494b21419) Importer(815301076,1909f56bfc062723c751e8b465ee728b)
Start importing Assets/Vinh/iPoly3D/Prototype Textures/Materials/Yellow/Yellow_3.mat using Guid(2fdad9288ca1171428734bc494b21419) Importer(815301076,1909f56bfc062723c751e8b465ee728b)  -> (artifact id: '9e1f1e0ed89e28e1258789308e20bcba') in 0.015221 seconds 
========================================================================
Received Import Request.
  Time since last request: 0.000022 seconds.
  path: Assets/Vinh/iPoly3D/Prototype Textures/Materials/Yellow/Yellow_7.mat
  artifactKey: Guid(ee7853e0b1e78824cadbd7c22340cbfd) Importer(815301076,1909f56bfc062723c751e8b465ee728b)
Start importing Assets/Vinh/iPoly3D/Prototype Textures/Materials/Yellow/Yellow_7.mat using Guid(ee7853e0b1e78824cadbd7c22340cbfd) Importer(815301076,1909f56bfc062723c751e8b465ee728b)  -> (artifact id: '543e4a36ac61d58b7836206a9c8df04d') in 0.017024 seconds 
========================================================================
Received Import Request.
  Time since last request: 0.000023 seconds.
  path: Assets/Vinh/iPoly3D/Prototype Textures/Materials/Yellow/Yellow_9.mat
  artifactKey: Guid(7f25f0b4ac3c7464eb7cfe7656a9dcbb) Importer(815301076,1909f56bfc062723c751e8b465ee728b)
Start importing Assets/Vinh/iPoly3D/Prototype Textures/Materials/Yellow/Yellow_9.mat using Guid(7f25f0b4ac3c7464eb7cfe7656a9dcbb) Importer(815301076,1909f56bfc062723c751e8b465ee728b)  -> (artifact id: 'bc439f58dcf1c17447985c207bfc23fb') in 0.015865 seconds 
========================================================================
Received Import Request.
  Time since last request: 47.262423 seconds.
  path: Assets/Vinh/iPoly3D/Prototype Textures/Materials/Blue/Blue_4.mat
  artifactKey: Guid(fdacfbae24d30ee4b824d4f347c7bb0f) Importer(815301076,1909f56bfc062723c751e8b465ee728b)
Start importing Assets/Vinh/iPoly3D/Prototype Textures/Materials/Blue/Blue_4.mat using Guid(fdacfbae24d30ee4b824d4f347c7bb0f) Importer(815301076,1909f56bfc062723c751e8b465ee728b)  -> (artifact id: '83981e7f72020067e0ffb4b2b36a37dd') in 0.019964 seconds 
========================================================================
Received Import Request.
  Time since last request: 0.000026 seconds.
  path: Assets/Vinh/iPoly3D/Prototype Textures/Materials/Blue/Blue_8.mat
  artifactKey: Guid(f18b5c90d872a3a48a459e4b20f7de29) Importer(815301076,1909f56bfc062723c751e8b465ee728b)
Start importing Assets/Vinh/iPoly3D/Prototype Textures/Materials/Blue/Blue_8.mat using Guid(f18b5c90d872a3a48a459e4b20f7de29) Importer(815301076,1909f56bfc062723c751e8b465ee728b)  -> (artifact id: '0e912933ae42df5142c65f66c82282ba') in 0.014132 seconds 
Editor requested this worker to shutdown with reason: Scaling down because of idle timeout
AssetImportWorker is now disconnected from the server
Process exiting
Exiting without the bug reporter. Application will terminate with return code 0