Using pre-set license
Built from '2021.3/evg/staging/82bb020e-b03b1330/draft-0' branch; Version is '2021.3.16f1 (4016570cf34f) revision 4200023'; Using compiler version '192829333'; Build Type 'Release'
OS: 'Windows 11  (10.0.22631) 64bit Core' Language: 'en' Physical Memory: 15587 MB
BatchMode: 1, IsHumanControllingUs: 0, StartBugReporterOnCrash: 0, Is64bit: 1, IsPro: 1

COMMAND LINE ARGUMENTS:
C:\Program Files\Unity\Hub\Editor\2021.3.16f1\Editor\Unity.exe
-adb2
-batchMode
-noUpm
-name
AssetImportWorker8
-projectPath
C:/Users/nicho/iCloudDrive/Spring 2024/MI 846/Runs Jumps and Tricks/RJT-A-Parkour-Experience/RJT APE
-logFile
Logs/AssetImportWorker8.log
-srvPort
53726
Successfully changed project path to: C:/Users/nicho/iCloudDrive/Spring 2024/MI 846/Runs Jumps and Tricks/RJT-A-Parkour-Experience/RJT APE
C:/Users/nicho/iCloudDrive/Spring 2024/MI 846/Runs Jumps and Tricks/RJT-A-Parkour-Experience/RJT APE
[UnityMemory] Configuration Parameters - Can be set up in boot.config
    "memorysetup-bucket-allocator-granularity=16"
    "memorysetup-bucket-allocator-bucket-count=8"
    "memorysetup-bucket-allocator-block-size=33554432"
    "memorysetup-bucket-allocator-block-count=8"
    "memorysetup-main-allocator-block-size=16777216"
    "memorysetup-thread-allocator-block-size=16777216"
    "memorysetup-gfx-main-allocator-block-size=16777216"
    "memorysetup-gfx-thread-allocator-block-size=16777216"
    "memorysetup-cache-allocator-block-size=4194304"
    "memorysetup-typetree-allocator-block-size=2097152"
    "memorysetup-profiler-bucket-allocator-granularity=16"
    "memorysetup-profiler-bucket-allocator-bucket-count=8"
    "memorysetup-profiler-bucket-allocator-block-size=33554432"
    "memorysetup-profiler-bucket-allocator-block-count=8"
    "memorysetup-profiler-allocator-block-size=16777216"
    "memorysetup-profiler-editor-allocator-block-size=1048576"
    "memorysetup-temp-allocator-size-main=16777216"
    "memorysetup-job-temp-allocator-block-size=2097152"
    "memorysetup-job-temp-allocator-block-size-background=1048576"
    "memorysetup-job-temp-allocator-reduction-small-platforms=262144"
    "memorysetup-temp-allocator-size-background-worker=32768"
    "memorysetup-temp-allocator-size-job-worker=262144"
    "memorysetup-temp-allocator-size-preload-manager=33554432"
    "memorysetup-temp-allocator-size-nav-mesh-worker=65536"
    "memorysetup-temp-allocator-size-audio-worker=65536"
    "memorysetup-temp-allocator-size-cloud-worker=32768"
    "memorysetup-temp-allocator-size-gi-baking-worker=262144"
    "memorysetup-temp-allocator-size-gfx=262144"
Player connection [45028] Host "[IP] 192.168.0.35 [Port] 0 [Flags] 2 [Guid] 3533670624 [EditorId] 3533670624 [Version] 1048832 [Id] WindowsEditor(7,NGxKD) [Debug] 1 [PackageName] WindowsEditor [ProjectName] Editor" joined multi-casting on [225.0.0.222:54997]...

Player connection [45028] Host "[IP] 192.168.0.35 [Port] 0 [Flags] 2 [Guid] 3533670624 [EditorId] 3533670624 [Version] 1048832 [Id] WindowsEditor(7,NGxKD) [Debug] 1 [PackageName] WindowsEditor [ProjectName] Editor" joined alternative multi-casting on [225.0.0.222:34997]...

Refreshing native plugins compatible for Editor in 190.07 ms, found 6 plugins.
Preloading 0 native plugins for Editor in 0.00 ms.
Initialize engine version: 2021.3.16f1 (4016570cf34f)
[Subsystems] Discovering subsystems at path C:/Program Files/Unity/Hub/Editor/2021.3.16f1/Editor/Data/Resources/UnitySubsystems
[Subsystems] Discovering subsystems at path C:/Users/nicho/iCloudDrive/Spring 2024/MI 846/Runs Jumps and Tricks/RJT-A-Parkour-Experience/RJT APE/Assets
GfxDevice: creating device client; threaded=0; jobified=0
Direct3D:
    Version:  Direct3D 11.0 [level 11.1]
    Renderer: NVIDIA GeForce RTX 4060 Laptop GPU (ID=0x28e0)
    Vendor:   NVIDIA
    VRAM:     7972 MB
    Driver:   31.0.15.4633
Initialize mono
Mono path[0] = 'C:/Program Files/Unity/Hub/Editor/2021.3.16f1/Editor/Data/Managed'
Mono path[1] = 'C:/Program Files/Unity/Hub/Editor/2021.3.16f1/Editor/Data/MonoBleedingEdge/lib/mono/unityjit-win32'
Mono config path = 'C:/Program Files/Unity/Hub/Editor/2021.3.16f1/Editor/Data/MonoBleedingEdge/etc'
Using monoOptions --debugger-agent=transport=dt_socket,embedding=1,server=y,suspend=n,address=127.0.0.1:56172
Begin MonoManager ReloadAssembly
Registering precompiled unity dll's ...
Register platform support module: C:/Program Files/Unity/Hub/Editor/2021.3.16f1/Editor/Data/PlaybackEngines/WindowsStandaloneSupport/UnityEditor.WindowsStandalone.Extensions.dll
Registered in 0.005966 seconds.
Native extension for WindowsStandalone target not found
Refreshing native plugins compatible for Editor in 172.74 ms, found 6 plugins.
Preloading 0 native plugins for Editor in 0.00 ms.
Mono: successfully reloaded assembly
- Completed reload, in  1.095 seconds
Domain Reload Profiling:
	ReloadAssembly (1096ms)
		BeginReloadAssembly (177ms)
			ExecutionOrderSort (0ms)
			DisableScriptedObjects (0ms)
			BackupInstance (0ms)
			ReleaseScriptingObjects (0ms)
			CreateAndSetChildDomain (2ms)
		EndReloadAssembly (740ms)
			LoadAssemblies (170ms)
			RebuildTransferFunctionScriptingTraits (0ms)
			SetupTypeCache (181ms)
			ReleaseScriptCaches (0ms)
			RebuildScriptCaches (37ms)
			SetupLoadedEditorAssemblies (450ms)
				LogAssemblyErrors (0ms)
				InitializePlatformSupportModulesInManaged (18ms)
				SetLoadedEditorAssemblies (0ms)
				RefreshPlugins (173ms)
				BeforeProcessingInitializeOnLoad (2ms)
				ProcessInitializeOnLoadAttributes (194ms)
				ProcessInitializeOnLoadMethodAttributes (63ms)
				AfterProcessingInitializeOnLoad (0ms)
				EditorAssembliesLoaded (0ms)
			ExecutionOrderSort2 (0ms)
			AwakeInstancesAfterBackupRestoration (0ms)
Platform modules already initialized, skipping
Registering precompiled user dll's ...
Registered in 0.014922 seconds.
Begin MonoManager ReloadAssembly
Symbol file LoadedFromMemory doesn't match image C:\Users\nicho\iCloudDrive\Spring 2024\MI 846\Runs Jumps and Tricks\RJT-A-Parkour-Experience\RJT APE\Library\PackageCache\com.unity.visualscripting@1.7.8\Editor\VisualScripting.Core\Dependencies\DotNetZip\Unity.VisualScripting.IonicZip.dll
Symbol file LoadedFromMemory doesn't match image C:\Users\nicho\iCloudDrive\Spring 2024\MI 846\Runs Jumps and Tricks\RJT-A-Parkour-Experience\RJT APE\Library\PackageCache\com.unity.visualscripting@1.7.8\Editor\VisualScripting.Core\Dependencies\YamlDotNet\Unity.VisualScripting.YamlDotNet.dll
Native extension for WindowsStandalone target not found
Refreshing native plugins compatible for Editor in 160.52 ms, found 6 plugins.
Preloading 0 native plugins for Editor in 0.00 ms.
Mono: successfully reloaded assembly
- Completed reload, in  2.105 seconds
Domain Reload Profiling:
	ReloadAssembly (2107ms)
		BeginReloadAssembly (136ms)
			ExecutionOrderSort (0ms)
			DisableScriptedObjects (6ms)
			BackupInstance (0ms)
			ReleaseScriptingObjects (0ms)
			CreateAndSetChildDomain (29ms)
		EndReloadAssembly (1836ms)
			LoadAssemblies (168ms)
			RebuildTransferFunctionScriptingTraits (0ms)
			SetupTypeCache (438ms)
			ReleaseScriptCaches (2ms)
			RebuildScriptCaches (95ms)
			SetupLoadedEditorAssemblies (1070ms)
				LogAssemblyErrors (0ms)
				InitializePlatformSupportModulesInManaged (6ms)
				SetLoadedEditorAssemblies (0ms)
				RefreshPlugins (161ms)
				BeforeProcessingInitializeOnLoad (135ms)
				ProcessInitializeOnLoadAttributes (649ms)
				ProcessInitializeOnLoadMethodAttributes (112ms)
				AfterProcessingInitializeOnLoad (7ms)
				EditorAssembliesLoaded (0ms)
			ExecutionOrderSort2 (0ms)
			AwakeInstancesAfterBackupRestoration (8ms)
Platform modules already initialized, skipping
========================================================================
Worker process is ready to serve import requests
Launched and connected shader compiler UnityShaderCompiler.exe after 0.11 seconds
Refreshing native plugins compatible for Editor in 2.29 ms, found 6 plugins.
Preloading 0 native plugins for Editor in 0.00 ms.
Unloading 6314 Unused Serialized files (Serialized files now loaded: 0)
Unloading 100 unused Assets / (0.8 MB). Loaded Objects now: 6718.
Memory consumption went from 246.7 MB to 245.9 MB.
Total: 7.361900 ms (FindLiveObjects: 0.640200 ms CreateObjectMapping: 0.196500 ms MarkObjects: 5.902300 ms  DeleteObjects: 0.620800 ms)

AssetImportParameters requested are different than current active one (requested -> active):
  custom:video-decoder-ogg-theora: a1e56fd34408186e4bbccfd4996cb3dc -> 
  custom:container-muxer-webm: aa71ff27fc2769a1b78a27578f13a17b -> 
  custom:container-demuxer-webm: 4f35f7cbe854078d1ac9338744f61a02 -> 
  custom:srp/default-shader: 00a0da0d000000000000000000000000 -> 0000e00a000e0de00000e000e0000000
  custom:video-encoder-webm-vp8: eb34c28f22e8b96e1ab97ce403110664 -> 
  custom:video-codec-MediaFoundation-h265: 746d11721c4dcdbdad8f713fa42b33f4 -> 
  custom:audio-encoder-webm-vorbis: bf7c407c2cedff20999df2af8eb42d56 -> 
  custom:framework-win-MediaFoundation: 216162199b28c13a410421893ffa2e32 -> 
  custom:container-demuxer-ogg: 62fdf1f143b41e24485cea50d1cbac27 -> 
  custom:video-decoder-webm-vp8: 9c59270c3fd7afecdb556c50c9e8de78 -> 
  custom:audio-decoder-ogg-vorbis: bf7c407c2cedff20999df2af8eb42d56 -> 
========================================================================
Received Import Request.
  Time since last request: 23342.284795 seconds.
  path: Assets/RPG_FPS_game_assets_industrial/Fences/Concrete_fences/Concrete_fence_v2/Source/Concrete_fence_v2.FBX
  artifactKey: Guid(ed9ec036e5afbd34dae4f1602a3d77b8) Importer(815301076,1909f56bfc062723c751e8b465ee728b)
Start importing Assets/RPG_FPS_game_assets_industrial/Fences/Concrete_fences/Concrete_fence_v2/Source/Concrete_fence_v2.FBX using Guid(ed9ec036e5afbd34dae4f1602a3d77b8) Importer(815301076,1909f56bfc062723c751e8b465ee728b)  -> (artifact id: '1a158dc722c5022251e4cdad3d0ee3ca') in 0.334886 seconds 
========================================================================
Received Import Request.
  Time since last request: 8.516678 seconds.
  path: Assets/RPG_FPS_game_assets_industrial/Fences/Concrete_fences/UNIConcrete_fences/Source/UNIConcrete_fence_v1.FBX
  artifactKey: Guid(21d8c72ca526f4445ba883fb8728b364) Importer(815301076,1909f56bfc062723c751e8b465ee728b)
Start importing Assets/RPG_FPS_game_assets_industrial/Fences/Concrete_fences/UNIConcrete_fences/Source/UNIConcrete_fence_v1.FBX using Guid(21d8c72ca526f4445ba883fb8728b364) Importer(815301076,1909f56bfc062723c751e8b465ee728b)  -> (artifact id: '1b96a70fcbcb877943a702932d84054b') in 0.078315 seconds 
========================================================================
Received Import Request.
  Time since last request: 5.665889 seconds.
  path: Assets/RPG_FPS_game_assets_industrial/Fences/Road_blocks/Road_block_v1/Road_block_v1.prefab
  artifactKey: Guid(36667f34d4b750c4695e409fb89b51f8) Importer(815301076,1909f56bfc062723c751e8b465ee728b)
Start importing Assets/RPG_FPS_game_assets_industrial/Fences/Road_blocks/Road_block_v1/Road_block_v1.prefab using Guid(36667f34d4b750c4695e409fb89b51f8) Importer(815301076,1909f56bfc062723c751e8b465ee728b)  -> (artifact id: 'c786e43d8db93df10f16ef3fd24e3310') in 0.030132 seconds 
========================================================================
Received Import Request.
  Time since last request: 2.252359 seconds.
  path: Assets/RPG_FPS_game_assets_industrial/Fences/Road_blocks/Road_block_v1/Source/Road_block_v1.FBX
  artifactKey: Guid(80030beb64998ca41b76b2ccf9866276) Importer(815301076,1909f56bfc062723c751e8b465ee728b)
Start importing Assets/RPG_FPS_game_assets_industrial/Fences/Road_blocks/Road_block_v1/Source/Road_block_v1.FBX using Guid(80030beb64998ca41b76b2ccf9866276) Importer(815301076,1909f56bfc062723c751e8b465ee728b)  -> (artifact id: 'e2d16e8be69ea9d5b699e5a62f93691d') in 0.047874 seconds 
========================================================================
Received Import Request.
  Time since last request: 8.613755 seconds.
  path: Assets/RPG_FPS_game_assets_industrial/Map_v2/LightingData.asset
  artifactKey: Guid(e99e831b8dbffae45b1da15e3ac4ed4e) Importer(815301076,1909f56bfc062723c751e8b465ee728b)
Start importing Assets/RPG_FPS_game_assets_industrial/Map_v2/LightingData.asset using Guid(e99e831b8dbffae45b1da15e3ac4ed4e) Importer(815301076,1909f56bfc062723c751e8b465ee728b)  -> (artifact id: 'bc1ff76f1202bbffc024580d7e0b757c') in 0.030861 seconds 
========================================================================
Received Import Request.
  Time since last request: 0.000054 seconds.
  path: Assets/RPG_FPS_game_assets_industrial/Map_v2/Lightmap-3_comp_light.exr
  artifactKey: Guid(192e6daa4a2a3564fa9666141890e3d0) Importer(815301076,1909f56bfc062723c751e8b465ee728b)
Start importing Assets/RPG_FPS_game_assets_industrial/Map_v2/Lightmap-3_comp_light.exr using Guid(192e6daa4a2a3564fa9666141890e3d0) Importer(815301076,1909f56bfc062723c751e8b465ee728b)  -> (artifact id: '384ec3016157ce98adfe9b16dbc507ac') in 0.118826 seconds 
========================================================================
Received Import Request.
  Time since last request: 5.141305 seconds.
  path: Assets/RPG_FPS_game_assets_industrial/Oil_tanks/Oil_tank_v1/Oil_tank_v1.prefab
  artifactKey: Guid(b2be9b4ffc291194c96942bd60bdc25c) Importer(815301076,1909f56bfc062723c751e8b465ee728b)
Start importing Assets/RPG_FPS_game_assets_industrial/Oil_tanks/Oil_tank_v1/Oil_tank_v1.prefab using Guid(b2be9b4ffc291194c96942bd60bdc25c) Importer(815301076,1909f56bfc062723c751e8b465ee728b)  -> (artifact id: '1cab9897c8723c8a576721156ff04864') in 0.018263 seconds 
========================================================================
Received Import Request.
  Time since last request: 2.156585 seconds.
  path: Assets/RPG_FPS_game_assets_industrial/Oil_tanks/Oil_tank_v1/Source/Oil_tank_v1.FBX
  artifactKey: Guid(f0722bb0f9795f24eb2e7c82f55738a6) Importer(815301076,1909f56bfc062723c751e8b465ee728b)
Start importing Assets/RPG_FPS_game_assets_industrial/Oil_tanks/Oil_tank_v1/Source/Oil_tank_v1.FBX using Guid(f0722bb0f9795f24eb2e7c82f55738a6) Importer(815301076,1909f56bfc062723c751e8b465ee728b)  -> (artifact id: '40aa4d05db2f79078b79ef9a86f4be52') in 0.107157 seconds 
========================================================================
Received Import Request.
  Time since last request: 6.722182 seconds.
  path: Assets/RPG_FPS_game_assets_industrial/Oil_tanks/Oil_tank_v2/Source/Oil_tank_v2.FBX
  artifactKey: Guid(7e189a73bb9572344b1bf8d0bddfdaeb) Importer(815301076,1909f56bfc062723c751e8b465ee728b)
Start importing Assets/RPG_FPS_game_assets_industrial/Oil_tanks/Oil_tank_v2/Source/Oil_tank_v2.FBX using Guid(7e189a73bb9572344b1bf8d0bddfdaeb) Importer(815301076,1909f56bfc062723c751e8b465ee728b)  -> (artifact id: 'a56ddad3f15347157bbec98f0641870b') in 0.025488 seconds 
========================================================================
Received Import Request.
  Time since last request: 10.109011 seconds.
  path: Assets/RPG_FPS_game_assets_industrial/Other_props/Conditioners/Conditioner_v1
  artifactKey: Guid(e129de6389501de41a31d662f1dd7b2f) Importer(815301076,1909f56bfc062723c751e8b465ee728b)
Start importing Assets/RPG_FPS_game_assets_industrial/Other_props/Conditioners/Conditioner_v1 using Guid(e129de6389501de41a31d662f1dd7b2f) Importer(815301076,1909f56bfc062723c751e8b465ee728b)  -> (artifact id: 'bd8bbb88aa57247d021b6395f4a86000') in 0.008516 seconds 
========================================================================
Received Import Request.
  Time since last request: 0.066469 seconds.
  path: Assets/RPG_FPS_game_assets_industrial/Other_props/Conditioners/Conditioner_v1/Conditioner_v1.prefab
  artifactKey: Guid(4aacf79f5a0dae44687cf65a42a1b825) Importer(815301076,1909f56bfc062723c751e8b465ee728b)
Start importing Assets/RPG_FPS_game_assets_industrial/Other_props/Conditioners/Conditioner_v1/Conditioner_v1.prefab using Guid(4aacf79f5a0dae44687cf65a42a1b825) Importer(815301076,1909f56bfc062723c751e8b465ee728b)  -> (artifact id: 'a366772bb963eeb468a383ad85157d8e') in 0.023189 seconds 
========================================================================
Received Import Request.
  Time since last request: 35.671330 seconds.
  path: Assets/RPG_FPS_game_assets_industrial/Other_props/Conditioners/Conditioner_v1/Source/Conditioner_v1.FBX
  artifactKey: Guid(b096242168ee6ce4ca297701abcc3e14) Importer(815301076,1909f56bfc062723c751e8b465ee728b)
Start importing Assets/RPG_FPS_game_assets_industrial/Other_props/Conditioners/Conditioner_v1/Source/Conditioner_v1.FBX using Guid(b096242168ee6ce4ca297701abcc3e14) Importer(815301076,1909f56bfc062723c751e8b465ee728b)  -> (artifact id: 'd84b5175ac1963d8097b54cc1a9cc710') in 0.036304 seconds 
========================================================================
Received Import Request.
  Time since last request: 14.070213 seconds.
  path: Assets/RPG_FPS_game_assets_industrial/Other_props/Electric_box/Electric_box_v3/Source/Electric_box_v3.FBX
  artifactKey: Guid(6873b944fa309e04a9c369d12ad5592d) Importer(815301076,1909f56bfc062723c751e8b465ee728b)
Start importing Assets/RPG_FPS_game_assets_industrial/Other_props/Electric_box/Electric_box_v3/Source/Electric_box_v3.FBX using Guid(6873b944fa309e04a9c369d12ad5592d) Importer(815301076,1909f56bfc062723c751e8b465ee728b)  -> (artifact id: 'df53c471fea38da887e46a963f390e06') in 0.024996 seconds 
========================================================================
Received Import Request.
  Time since last request: 6.829222 seconds.
  path: Assets/RPG_FPS_game_assets_industrial/Other_props/Electric_box/Electric_box_v2/Source/Electric_box_v2.FBX
  artifactKey: Guid(5be67b90e3788794993aea72999671b3) Importer(815301076,1909f56bfc062723c751e8b465ee728b)
Start importing Assets/RPG_FPS_game_assets_industrial/Other_props/Electric_box/Electric_box_v2/Source/Electric_box_v2.FBX using Guid(5be67b90e3788794993aea72999671b3) Importer(815301076,1909f56bfc062723c751e8b465ee728b)  -> (artifact id: 'c6cf63ad1b88a228b68a8bf2eaa44c06') in 0.027148 seconds 
========================================================================
Received Import Request.
  Time since last request: 5.176799 seconds.
  path: Assets/RPG_FPS_game_assets_industrial/Other_props/Electric_box/Electric_box_v1/Source/Electric_box_v1.FBX
  artifactKey: Guid(a06f542e25b97724c9866dff7870460c) Importer(815301076,1909f56bfc062723c751e8b465ee728b)
Start importing Assets/RPG_FPS_game_assets_industrial/Other_props/Electric_box/Electric_box_v1/Source/Electric_box_v1.FBX using Guid(a06f542e25b97724c9866dff7870460c) Importer(815301076,1909f56bfc062723c751e8b465ee728b)  -> (artifact id: '599fc79b560d9d47c1f117e4ae30e68b') in 0.035488 seconds 
========================================================================
Received Import Request.
  Time since last request: 15.555952 seconds.
  path: Assets/RPG_FPS_game_assets_industrial/Other_props/Fans/Fan_v1/Fan_v1_1.prefab
  artifactKey: Guid(8b9108df4cdcc6942b69367085ac52a1) Importer(815301076,1909f56bfc062723c751e8b465ee728b)
Start importing Assets/RPG_FPS_game_assets_industrial/Other_props/Fans/Fan_v1/Fan_v1_1.prefab using Guid(8b9108df4cdcc6942b69367085ac52a1) Importer(815301076,1909f56bfc062723c751e8b465ee728b)  -> (artifact id: '504f0c2ca18cd740766ec324e7623366') in 0.017705 seconds 
========================================================================
Received Import Request.
  Time since last request: 1.450206 seconds.
  path: Assets/RPG_FPS_game_assets_industrial/Other_props/Fans/Fan_v1/Source/Fan_v1.mat
  artifactKey: Guid(bd28e287643228a4f8f2ffe825813f0a) Importer(815301076,1909f56bfc062723c751e8b465ee728b)
Start importing Assets/RPG_FPS_game_assets_industrial/Other_props/Fans/Fan_v1/Source/Fan_v1.mat using Guid(bd28e287643228a4f8f2ffe825813f0a) Importer(815301076,1909f56bfc062723c751e8b465ee728b)  -> (artifact id: '99f29d0874910d13caeaab08c5f9fce6') in 0.031632 seconds 
========================================================================
Received Import Request.
  Time since last request: 14.412631 seconds.
  path: Assets/RPG_FPS_game_assets_industrial/Other_props/Generators/Generator_v1/Source/Generator_v1.FBX
  artifactKey: Guid(c562f093a8293a149afd50618b46c18d) Importer(815301076,1909f56bfc062723c751e8b465ee728b)
Start importing Assets/RPG_FPS_game_assets_industrial/Other_props/Generators/Generator_v1/Source/Generator_v1.FBX using Guid(c562f093a8293a149afd50618b46c18d) Importer(815301076,1909f56bfc062723c751e8b465ee728b)  -> (artifact id: '6934b73f8895b5ad257ef2ed55f33e91') in 0.023734 seconds 
========================================================================
Received Import Request.
  Time since last request: 8.156020 seconds.
  path: Assets/RPG_FPS_game_assets_industrial/Other_props/Palets/Bags_on_pallet_v1/Bags_on_pallet_v1_1.prefab
  artifactKey: Guid(6d21e769def7d504ea22abcb06173633) Importer(815301076,1909f56bfc062723c751e8b465ee728b)
Start importing Assets/RPG_FPS_game_assets_industrial/Other_props/Palets/Bags_on_pallet_v1/Bags_on_pallet_v1_1.prefab using Guid(6d21e769def7d504ea22abcb06173633) Importer(815301076,1909f56bfc062723c751e8b465ee728b)  -> (artifact id: 'ff22ffccaad1a47949f739969be3a011') in 0.018695 seconds 
========================================================================
Received Import Request.
  Time since last request: 1.230518 seconds.
  path: Assets/RPG_FPS_game_assets_industrial/Other_props/Palets/Bags_on_pallet_v1/Source
  artifactKey: Guid(5ef30b426be0a914f83cd2708f18c92b) Importer(815301076,1909f56bfc062723c751e8b465ee728b)
Start importing Assets/RPG_FPS_game_assets_industrial/Other_props/Palets/Bags_on_pallet_v1/Source using Guid(5ef30b426be0a914f83cd2708f18c92b) Importer(815301076,1909f56bfc062723c751e8b465ee728b)  -> (artifact id: '9cbafa8dbc06246943fe21988ad44b9e') in 0.003102 seconds 
========================================================================
Received Import Request.
  Time since last request: 0.076246 seconds.
  path: Assets/RPG_FPS_game_assets_industrial/Other_props/Palets/Bags_on_pallet_v1/Source/Bags_on_pallet_v1.mat
  artifactKey: Guid(9b20318cce963404c8c089075ad8cb87) Importer(815301076,1909f56bfc062723c751e8b465ee728b)
Start importing Assets/RPG_FPS_game_assets_industrial/Other_props/Palets/Bags_on_pallet_v1/Source/Bags_on_pallet_v1.mat using Guid(9b20318cce963404c8c089075ad8cb87) Importer(815301076,1909f56bfc062723c751e8b465ee728b)  -> (artifact id: '4b08d2a04803de3afceee9ee19157602') in 0.039663 seconds 
========================================================================
Received Import Request.
  Time since last request: 6.819647 seconds.
  path: Assets/RPG_FPS_game_assets_industrial/Other_props/Palets/Palet_v1/Source/Palet_v1.FBX
  artifactKey: Guid(a0fa3deee73af2b49bf7f84e4421e5be) Importer(815301076,1909f56bfc062723c751e8b465ee728b)
Start importing Assets/RPG_FPS_game_assets_industrial/Other_props/Palets/Palet_v1/Source/Palet_v1.FBX using Guid(a0fa3deee73af2b49bf7f84e4421e5be) Importer(815301076,1909f56bfc062723c751e8b465ee728b)  -> (artifact id: 'e78b01058a19cf540b1ea245cdf77a03') in 0.127121 seconds 
========================================================================
Received Import Request.
  Time since last request: 11.909654 seconds.
  path: Assets/RPG_FPS_game_assets_industrial/Other_props/Pipes/Industrial_pipes/Industrial_pipe_v1/Source/Industrial_pipe_v1.FBX
  artifactKey: Guid(5ffcfebba4a61b645bd4a65891ba6921) Importer(815301076,1909f56bfc062723c751e8b465ee728b)
Start importing Assets/RPG_FPS_game_assets_industrial/Other_props/Pipes/Industrial_pipes/Industrial_pipe_v1/Source/Industrial_pipe_v1.FBX using Guid(5ffcfebba4a61b645bd4a65891ba6921) Importer(815301076,1909f56bfc062723c751e8b465ee728b)  -> (artifact id: '96215ea9d84477098e4b63f564e2dca3') in 0.030412 seconds 
========================================================================
Received Import Request.
  Time since last request: 7.326339 seconds.
  path: Assets/RPG_FPS_game_assets_industrial/Other_props/Pipes/Pipe_sets/Pipes_set_v1/Source/Pipes_set_v1.FBX
  artifactKey: Guid(993e7ae5872aa394c80c399e077992bf) Importer(815301076,1909f56bfc062723c751e8b465ee728b)
Start importing Assets/RPG_FPS_game_assets_industrial/Other_props/Pipes/Pipe_sets/Pipes_set_v1/Source/Pipes_set_v1.FBX using Guid(993e7ae5872aa394c80c399e077992bf) Importer(815301076,1909f56bfc062723c751e8b465ee728b)  -> (artifact id: '34a983cc9a737183a086c211b599b455') in 0.287171 seconds 
========================================================================
Received Import Request.
  Time since last request: 16.143392 seconds.
  path: Assets/RPG_FPS_game_assets_industrial/Other_props/Support_set/Support_set_v1/Source/Support_set_v1.mat
  artifactKey: Guid(4d4b2f88cea09284f84181568075554b) Importer(815301076,1909f56bfc062723c751e8b465ee728b)
Start importing Assets/RPG_FPS_game_assets_industrial/Other_props/Support_set/Support_set_v1/Source/Support_set_v1.mat using Guid(4d4b2f88cea09284f84181568075554b) Importer(815301076,1909f56bfc062723c751e8b465ee728b)  -> (artifact id: 'f48093b2e7050c6f14e89962bb18767b') in 0.035572 seconds 
========================================================================
Received Import Request.
  Time since last request: 0.000046 seconds.
  path: Assets/RPG_FPS_game_assets_industrial/Other_props/Support_set/Support_set_v1/Source/Support_set_v1_bridge3.FBX
  artifactKey: Guid(684dcf236df67f24286c480a02c710ea) Importer(815301076,1909f56bfc062723c751e8b465ee728b)
Start importing Assets/RPG_FPS_game_assets_industrial/Other_props/Support_set/Support_set_v1/Source/Support_set_v1_bridge3.FBX using Guid(684dcf236df67f24286c480a02c710ea) Importer(815301076,1909f56bfc062723c751e8b465ee728b)  -> (artifact id: '6d8ef82725f35dde03a416bafb5ba41d') in 0.119365 seconds 
========================================================================
Received Import Request.
  Time since last request: 0.000036 seconds.
  path: Assets/RPG_FPS_game_assets_industrial/Other_props/Support_set/Support_set_v1/Source/Support_set_v1_railing1.FBX
  artifactKey: Guid(87d86b434b6f1c84bb9e9cfb80412fe8) Importer(815301076,1909f56bfc062723c751e8b465ee728b)
Start importing Assets/RPG_FPS_game_assets_industrial/Other_props/Support_set/Support_set_v1/Source/Support_set_v1_railing1.FBX using Guid(87d86b434b6f1c84bb9e9cfb80412fe8) Importer(815301076,1909f56bfc062723c751e8b465ee728b)  -> (artifact id: 'bbc412ccb57e6aa903ad0dcdf88af0c7') in 0.058832 seconds 
========================================================================
Received Import Request.
  Time since last request: 18.462722 seconds.
  path: Assets/RPG_FPS_game_assets_industrial/Particles/Dust/Dust_v1/Source/Dust_v1.mat
  artifactKey: Guid(dcf8eca37d87bbd4289b80d4a2a6fdef) Importer(815301076,1909f56bfc062723c751e8b465ee728b)
Start importing Assets/RPG_FPS_game_assets_industrial/Particles/Dust/Dust_v1/Source/Dust_v1.mat using Guid(dcf8eca37d87bbd4289b80d4a2a6fdef) Importer(815301076,1909f56bfc062723c751e8b465ee728b)  -> (artifact id: '205f1f272871bdea084c3e07cfc4dd61') in 0.027972 seconds 
========================================================================
Received Import Request.
  Time since last request: 9.914448 seconds.
  path: Assets/RPG_FPS_game_assets_industrial/Roads/Floor_elevation_sets/UNIFloor_elevation_set_v1/UNIConcrete_wall_v1_S_L_1.prefab
  artifactKey: Guid(f1713c869f87944428ac3dfac534a165) Importer(815301076,1909f56bfc062723c751e8b465ee728b)
Start importing Assets/RPG_FPS_game_assets_industrial/Roads/Floor_elevation_sets/UNIFloor_elevation_set_v1/UNIConcrete_wall_v1_S_L_1.prefab using Guid(f1713c869f87944428ac3dfac534a165) Importer(815301076,1909f56bfc062723c751e8b465ee728b)  -> (artifact id: 'cae14d8b621f73878aa626c95a38e67c') in 0.031578 seconds 
========================================================================
Received Import Request.
  Time since last request: 0.000031 seconds.
  path: Assets/RPG_FPS_game_assets_industrial/Roads/Floor_elevation_sets/UNIFloor_elevation_set_v1/UNIConcrete_wall_v1_W_end_4.prefab
  artifactKey: Guid(79fcf40c17def694d9e8d130f75750a2) Importer(815301076,1909f56bfc062723c751e8b465ee728b)
Start importing Assets/RPG_FPS_game_assets_industrial/Roads/Floor_elevation_sets/UNIFloor_elevation_set_v1/UNIConcrete_wall_v1_W_end_4.prefab using Guid(79fcf40c17def694d9e8d130f75750a2) Importer(815301076,1909f56bfc062723c751e8b465ee728b)  -> (artifact id: 'eb29595bf58f9e49d3af5e9b3f472ade') in 0.026930 seconds 
========================================================================
Received Import Request.
  Time since last request: 0.000030 seconds.
  path: Assets/RPG_FPS_game_assets_industrial/Roads/Floor_elevation_sets/UNIFloor_elevation_set_v1/UNIConcrete_wall_v1_W_end_3.prefab
  artifactKey: Guid(51ef0a690170e4447993cb966ef83781) Importer(815301076,1909f56bfc062723c751e8b465ee728b)
Start importing Assets/RPG_FPS_game_assets_industrial/Roads/Floor_elevation_sets/UNIFloor_elevation_set_v1/UNIConcrete_wall_v1_W_end_3.prefab using Guid(51ef0a690170e4447993cb966ef83781) Importer(815301076,1909f56bfc062723c751e8b465ee728b)  -> (artifact id: '2e30791ef9eee9f8067855206c16393c') in 0.017549 seconds 
========================================================================
Received Import Request.
  Time since last request: 0.000030 seconds.
  path: Assets/RPG_FPS_game_assets_industrial/Roads/Floor_elevation_sets/UNIFloor_elevation_set_v1/UNIConcrete_wall_v1_W_end_2.prefab
  artifactKey: Guid(48b4f0a37e13e804fa5c6e2ba91af4a4) Importer(815301076,1909f56bfc062723c751e8b465ee728b)
Start importing Assets/RPG_FPS_game_assets_industrial/Roads/Floor_elevation_sets/UNIFloor_elevation_set_v1/UNIConcrete_wall_v1_W_end_2.prefab using Guid(48b4f0a37e13e804fa5c6e2ba91af4a4) Importer(815301076,1909f56bfc062723c751e8b465ee728b)  -> (artifact id: 'e5d391e5b9a153be0b666584f40c8e9f') in 0.031776 seconds 
========================================================================
Received Import Request.
  Time since last request: 0.000031 seconds.
  path: Assets/RPG_FPS_game_assets_industrial/Roads/Floor_elevation_sets/UNIFloor_elevation_set_v1/UNIConcrete_wall_v1_W_end_1.prefab
  artifactKey: Guid(c3bbd9f38e0f2744a9cd075aabf8c52d) Importer(815301076,1909f56bfc062723c751e8b465ee728b)
Start importing Assets/RPG_FPS_game_assets_industrial/Roads/Floor_elevation_sets/UNIFloor_elevation_set_v1/UNIConcrete_wall_v1_W_end_1.prefab using Guid(c3bbd9f38e0f2744a9cd075aabf8c52d) Importer(815301076,1909f56bfc062723c751e8b465ee728b)  -> (artifact id: '26ccec33e7c20a6fa52955310f2392b9') in 0.032689 seconds 
========================================================================
Received Import Request.
  Time since last request: 0.334550 seconds.
  path: Assets/RPG_FPS_game_assets_industrial/Roads/Floor_elevation_sets/UNIFloor_elevation_set_v1/Source/UNIFloor_elevation_set_v1.FBX
  artifactKey: Guid(c6d026d6367d43a438c71a59c9da8290) Importer(815301076,1909f56bfc062723c751e8b465ee728b)
Start importing Assets/RPG_FPS_game_assets_industrial/Roads/Floor_elevation_sets/UNIFloor_elevation_set_v1/Source/UNIFloor_elevation_set_v1.FBX using Guid(c6d026d6367d43a438c71a59c9da8290) Importer(815301076,1909f56bfc062723c751e8b465ee728b)  -> (artifact id: 'ba99285df7b73576d92fe14ec754cd5f') in 0.244031 seconds 
========================================================================
Received Import Request.
  Time since last request: 4.513341 seconds.
  path: Assets/RPG_FPS_game_assets_industrial/Roads/Road_sets/Road_set_v1/Source/Road_set_v1.FBX
  artifactKey: Guid(c7f7a9ec09a97d144963b6dd16448dc3) Importer(815301076,1909f56bfc062723c751e8b465ee728b)
Start importing Assets/RPG_FPS_game_assets_industrial/Roads/Road_sets/Road_set_v1/Source/Road_set_v1.FBX using Guid(c7f7a9ec09a97d144963b6dd16448dc3) Importer(815301076,1909f56bfc062723c751e8b465ee728b)  -> (artifact id: '1edad92bd15f18a8d5749a635be10e10') in 0.390440 seconds 
========================================================================
Received Prepare
Refreshing native plugins compatible for Editor in 24.13 ms, found 6 plugins.
Preloading 0 native plugins for Editor in 0.00 ms.
Unloading 78 Unused Serialized files (Serialized files now loaded: 0)
Unloading 79 unused Assets / (0.8 MB). Loaded Objects now: 6849.
Memory consumption went from 119.5 MB to 118.8 MB.
Total: 6.416500 ms (FindLiveObjects: 0.554000 ms CreateObjectMapping: 0.263000 ms MarkObjects: 4.661700 ms  DeleteObjects: 0.935800 ms)

AssetImportParameters requested are different than current active one (requested -> active):
  custom:video-decoder-ogg-theora: a1e56fd34408186e4bbccfd4996cb3dc -> 
  custom:container-muxer-webm: aa71ff27fc2769a1b78a27578f13a17b -> 
  custom:container-demuxer-webm: 4f35f7cbe854078d1ac9338744f61a02 -> 
  custom:video-encoder-webm-vp8: eb34c28f22e8b96e1ab97ce403110664 -> 
  custom:video-codec-MediaFoundation-h265: 746d11721c4dcdbdad8f713fa42b33f4 -> 
  custom:audio-encoder-webm-vorbis: bf7c407c2cedff20999df2af8eb42d56 -> 
  custom:framework-win-MediaFoundation: 216162199b28c13a410421893ffa2e32 -> 
  custom:container-demuxer-ogg: 62fdf1f143b41e24485cea50d1cbac27 -> 
  custom:video-decoder-webm-vp8: 9c59270c3fd7afecdb556c50c9e8de78 -> 
  custom:audio-decoder-ogg-vorbis: bf7c407c2cedff20999df2af8eb42d56 -> 
========================================================================
Received Import Request.
  Time since last request: 32.657992 seconds.
  path: Assets/Nick/Prefabs
  artifactKey: Guid(c02af8251fc5d064e80640c8bb91565e) Importer(815301076,1909f56bfc062723c751e8b465ee728b)
Start importing Assets/Nick/Prefabs using Guid(c02af8251fc5d064e80640c8bb91565e) Importer(815301076,1909f56bfc062723c751e8b465ee728b)  -> (artifact id: '57e4d81243b02665da9980757cf11128') in 0.009590 seconds 
========================================================================
Received Import Request.
  Time since last request: 0.077807 seconds.
  path: Assets/Nick/Prefabs/Camera.prefab
  artifactKey: Guid(7dd80e1c8cc007b43befdf068629e67f) Importer(815301076,1909f56bfc062723c751e8b465ee728b)
Start importing Assets/Nick/Prefabs/Camera.prefab using Guid(7dd80e1c8cc007b43befdf068629e67f) Importer(815301076,1909f56bfc062723c751e8b465ee728b)  -> (artifact id: 'b4167c41b93a8975241878a846e30471') in 0.025072 seconds 
========================================================================
Received Import Request.
  Time since last request: 0.000032 seconds.
  path: Assets/Nick/Prefabs/Ledge (4).prefab
  artifactKey: Guid(1ab376f9d2cd1a544b44a92edaaa8ac9) Importer(815301076,1909f56bfc062723c751e8b465ee728b)
Start importing Assets/Nick/Prefabs/Ledge (4).prefab using Guid(1ab376f9d2cd1a544b44a92edaaa8ac9) Importer(815301076,1909f56bfc062723c751e8b465ee728b)  -> (artifact id: '46b3a36b586e74ce0cbf0bd06debec20') in 0.023950 seconds 
========================================================================
Received Import Request.
  Time since last request: 0.000039 seconds.
  path: Assets/Nick/Prefabs/Ledge 10.prefab
  artifactKey: Guid(4c3c81055fcddc141af5ff636c7f4f46) Importer(815301076,1909f56bfc062723c751e8b465ee728b)
Start importing Assets/Nick/Prefabs/Ledge 10.prefab using Guid(4c3c81055fcddc141af5ff636c7f4f46) Importer(815301076,1909f56bfc062723c751e8b465ee728b)  -> (artifact id: '55a190a4e86accaa8ae0218a3e93a3b9') in 0.020909 seconds 
========================================================================
Received Import Request.
  Time since last request: 0.000282 seconds.
  path: Assets/Nick/Prefabs/Ledge 6.prefab
  artifactKey: Guid(c933a622704da6444bb75db6450c4d1e) Importer(815301076,1909f56bfc062723c751e8b465ee728b)
Start importing Assets/Nick/Prefabs/Ledge 6.prefab using Guid(c933a622704da6444bb75db6450c4d1e) Importer(815301076,1909f56bfc062723c751e8b465ee728b)  -> (artifact id: 'f194e322c7a6a6603c851fbcae049d31') in 0.018284 seconds 
========================================================================
Received Import Request.
  Time since last request: 0.000024 seconds.
  path: Assets/Nick/Prefabs/Ledge (7).prefab
  artifactKey: Guid(a23ce02c56225ec4c99464ac5b6fcbba) Importer(815301076,1909f56bfc062723c751e8b465ee728b)
Start importing Assets/Nick/Prefabs/Ledge (7).prefab using Guid(a23ce02c56225ec4c99464ac5b6fcbba) Importer(815301076,1909f56bfc062723c751e8b465ee728b)  -> (artifact id: 'f60419ad496ade21cc209ec3d71e29e0') in 0.020413 seconds 
========================================================================
Received Import Request.
  Time since last request: 0.000039 seconds.
  path: Assets/Nick/Prefabs/Ledge (3).prefab
  artifactKey: Guid(9b974fe338c01fc459ec051a5a36965b) Importer(815301076,1909f56bfc062723c751e8b465ee728b)
Start importing Assets/Nick/Prefabs/Ledge (3).prefab using Guid(9b974fe338c01fc459ec051a5a36965b) Importer(815301076,1909f56bfc062723c751e8b465ee728b)  -> (artifact id: 'c7b6d28be2d9114f91494036ba03a804') in 0.026811 seconds 
========================================================================
Received Import Request.
  Time since last request: 0.000037 seconds.
  path: Assets/Nick/Prefabs/Ledge 14.prefab
  artifactKey: Guid(693e4e8de2f43f640ac0425b0b07dd60) Importer(815301076,1909f56bfc062723c751e8b465ee728b)
Start importing Assets/Nick/Prefabs/Ledge 14.prefab using Guid(693e4e8de2f43f640ac0425b0b07dd60) Importer(815301076,1909f56bfc062723c751e8b465ee728b)  -> (artifact id: 'c76b0e04051b10ef4a4173c3b27e7f89') in 0.030040 seconds 
========================================================================
Received Import Request.
  Time since last request: 0.000033 seconds.
  path: Assets/Nick/Prefabs/Ledge 7.prefab
  artifactKey: Guid(4ea0c722d9bba204a8e2d1b2bc5ac5cf) Importer(815301076,1909f56bfc062723c751e8b465ee728b)
Start importing Assets/Nick/Prefabs/Ledge 7.prefab using Guid(4ea0c722d9bba204a8e2d1b2bc5ac5cf) Importer(815301076,1909f56bfc062723c751e8b465ee728b)  -> (artifact id: 'cbd2a6a1fd077be1cfb333d3dc0d573c') in 0.020610 seconds 
========================================================================
Received Import Request.
  Time since last request: 0.000027 seconds.
  path: Assets/Nick/Prefabs/Ledge (10).prefab
  artifactKey: Guid(4902cd6f8dc64ea4bb62ba7a918de63a) Importer(815301076,1909f56bfc062723c751e8b465ee728b)
Start importing Assets/Nick/Prefabs/Ledge (10).prefab using Guid(4902cd6f8dc64ea4bb62ba7a918de63a) Importer(815301076,1909f56bfc062723c751e8b465ee728b)  -> (artifact id: '29a52b1c58f3bd57848e8eb8880cd40a') in 0.029664 seconds 
========================================================================
Received Import Request.
  Time since last request: 0.000030 seconds.
  path: Assets/Nick/Prefabs/Ledge (11).prefab
  artifactKey: Guid(fd0056fda31ab4d43a31d89129a508f2) Importer(815301076,1909f56bfc062723c751e8b465ee728b)
Start importing Assets/Nick/Prefabs/Ledge (11).prefab using Guid(fd0056fda31ab4d43a31d89129a508f2) Importer(815301076,1909f56bfc062723c751e8b465ee728b)  -> (artifact id: '82337e247af7d8cabd910e4baf371a07') in 0.022951 seconds 
========================================================================
Received Import Request.
  Time since last request: 0.000060 seconds.
  path: Assets/Nick/Prefabs/Ledge 12.prefab
  artifactKey: Guid(d56652050269cef42a7a7253de1b1905) Importer(815301076,1909f56bfc062723c751e8b465ee728b)
Start importing Assets/Nick/Prefabs/Ledge 12.prefab using Guid(d56652050269cef42a7a7253de1b1905) Importer(815301076,1909f56bfc062723c751e8b465ee728b)  -> (artifact id: '9deec25e151d5bce2fe87ba0c7b32e81') in 0.029264 seconds 
Editor requested this worker to shutdown with reason: Scaling down because of idle timeout
AssetImportWorker is now disconnected from the server
Process exiting
Exiting without the bug reporter. Application will terminate with return code 0