Using pre-set license
Built from '2021.3/staging' branch; Version is '2021.3.16f1 (4016570cf34f) revision 4200023'; Using compiler version '192829333'; Build Type 'Release'
OS: 'Windows 10  (10.0.19045) 64bit Core' Language: 'en' Physical Memory: 16299 MB
BatchMode: 1, IsHumanControllingUs: 0, StartBugReporterOnCrash: 0, Is64bit: 1, IsPro: 1

COMMAND LINE ARGUMENTS:
C:\Program Files\Unity\Hub\Editor\2021.3.16f1\Editor\Unity.exe
-adb2
-batchMode
-noUpm
-name
AssetImportWorker7
-projectPath
V:/RJT-A-Parkour-Experience/RJT-A-Parkour-Experience/RJT APE
-logFile
Logs/AssetImportWorker7.log
-srvPort
57154
Successfully changed project path to: V:/RJT-A-Parkour-Experience/RJT-A-Parkour-Experience/RJT APE
V:/RJT-A-Parkour-Experience/RJT-A-Parkour-Experience/RJT APE
[UnityMemory] Configuration Parameters - Can be set up in boot.config
    "memorysetup-bucket-allocator-granularity=16"
    "memorysetup-bucket-allocator-bucket-count=8"
    "memorysetup-bucket-allocator-block-size=33554432"
    "memorysetup-bucket-allocator-block-count=8"
    "memorysetup-main-allocator-block-size=16777216"
    "memorysetup-thread-allocator-block-size=16777216"
    "memorysetup-gfx-main-allocator-block-size=16777216"
    "memorysetup-gfx-thread-allocator-block-size=16777216"
    "memorysetup-cache-allocator-block-size=4194304"
    "memorysetup-typetree-allocator-block-size=2097152"
    "memorysetup-profiler-bucket-allocator-granularity=16"
    "memorysetup-profiler-bucket-allocator-bucket-count=8"
    "memorysetup-profiler-bucket-allocator-block-size=33554432"
    "memorysetup-profiler-bucket-allocator-block-count=8"
    "memorysetup-profiler-allocator-block-size=16777216"
    "memorysetup-profiler-editor-allocator-block-size=1048576"
    "memorysetup-temp-allocator-size-main=16777216"
    "memorysetup-job-temp-allocator-block-size=2097152"
    "memorysetup-job-temp-allocator-block-size-background=1048576"
    "memorysetup-job-temp-allocator-reduction-small-platforms=262144"
    "memorysetup-temp-allocator-size-background-worker=32768"
    "memorysetup-temp-allocator-size-job-worker=262144"
    "memorysetup-temp-allocator-size-preload-manager=33554432"
    "memorysetup-temp-allocator-size-nav-mesh-worker=65536"
    "memorysetup-temp-allocator-size-audio-worker=65536"
    "memorysetup-temp-allocator-size-cloud-worker=32768"
    "memorysetup-temp-allocator-size-gi-baking-worker=262144"
    "memorysetup-temp-allocator-size-gfx=262144"
Player connection [13020] Host "[IP] 172.18.10.51 [Port] 0 [Flags] 2 [Guid] 2542907714 [EditorId] 2542907714 [Version] 1048832 [Id] WindowsEditor(7,DESKTOP-C8QNRHO) [Debug] 1 [PackageName] WindowsEditor [ProjectName] Editor" joined multi-casting on [225.0.0.222:54997]...

Player connection [13020] Host "[IP] 172.18.10.51 [Port] 0 [Flags] 2 [Guid] 2542907714 [EditorId] 2542907714 [Version] 1048832 [Id] WindowsEditor(7,DESKTOP-C8QNRHO) [Debug] 1 [PackageName] WindowsEditor [ProjectName] Editor" joined alternative multi-casting on [225.0.0.222:34997]...

Refreshing native plugins compatible for Editor in 113.80 ms, found 3 plugins.
Preloading 0 native plugins for Editor in 0.00 ms.
Initialize engine version: 2021.3.16f1 (4016570cf34f)
[Subsystems] Discovering subsystems at path C:/Program Files/Unity/Hub/Editor/2021.3.16f1/Editor/Data/Resources/UnitySubsystems
[Subsystems] Discovering subsystems at path V:/RJT-A-Parkour-Experience/RJT-A-Parkour-Experience/RJT APE/Assets
GfxDevice: creating device client; threaded=0; jobified=0
Direct3D:
    Version:  Direct3D 11.0 [level 11.1]
    Renderer: NVIDIA GeForce RTX 3070 (ID=0x2484)
    Vendor:   NVIDIA
    VRAM:     8018 MB
    Driver:   31.0.15.5123
Initialize mono
Mono path[0] = 'C:/Program Files/Unity/Hub/Editor/2021.3.16f1/Editor/Data/Managed'
Mono path[1] = 'C:/Program Files/Unity/Hub/Editor/2021.3.16f1/Editor/Data/MonoBleedingEdge/lib/mono/unityjit-win32'
Mono config path = 'C:/Program Files/Unity/Hub/Editor/2021.3.16f1/Editor/Data/MonoBleedingEdge/etc'
Using monoOptions --debugger-agent=transport=dt_socket,embedding=1,server=y,suspend=n,address=127.0.0.1:56264
Begin MonoManager ReloadAssembly
Registering precompiled unity dll's ...
Register platform support module: C:/Program Files/Unity/Hub/Editor/2021.3.16f1/Editor/Data/PlaybackEngines/WebGLSupport/UnityEditor.WebGL.Extensions.dll
Register platform support module: C:/Program Files/Unity/Hub/Editor/2021.3.16f1/Editor/Data/PlaybackEngines/WindowsStandaloneSupport/UnityEditor.WindowsStandalone.Extensions.dll
Registered in 0.009691 seconds.
Native extension for WindowsStandalone target not found
Native extension for WebGL target not found
Refreshing native plugins compatible for Editor in 112.91 ms, found 3 plugins.
Preloading 0 native plugins for Editor in 0.00 ms.
Mono: successfully reloaded assembly
- Completed reload, in  0.608 seconds
Domain Reload Profiling:
	ReloadAssembly (608ms)
		BeginReloadAssembly (68ms)
			ExecutionOrderSort (0ms)
			DisableScriptedObjects (0ms)
			BackupInstance (0ms)
			ReleaseScriptingObjects (0ms)
			CreateAndSetChildDomain (1ms)
		EndReloadAssembly (434ms)
			LoadAssemblies (65ms)
			RebuildTransferFunctionScriptingTraits (0ms)
			SetupTypeCache (91ms)
			ReleaseScriptCaches (0ms)
			RebuildScriptCaches (22ms)
			SetupLoadedEditorAssemblies (276ms)
				LogAssemblyErrors (0ms)
				InitializePlatformSupportModulesInManaged (9ms)
				SetLoadedEditorAssemblies (0ms)
				RefreshPlugins (113ms)
				BeforeProcessingInitializeOnLoad (1ms)
				ProcessInitializeOnLoadAttributes (116ms)
				ProcessInitializeOnLoadMethodAttributes (37ms)
				AfterProcessingInitializeOnLoad (0ms)
				EditorAssembliesLoaded (0ms)
			ExecutionOrderSort2 (0ms)
			AwakeInstancesAfterBackupRestoration (0ms)
Platform modules already initialized, skipping
Registering precompiled user dll's ...
Registered in 0.007697 seconds.
Begin MonoManager ReloadAssembly
Symbol file LoadedFromMemory doesn't match image V:\RJT-A-Parkour-Experience\RJT-A-Parkour-Experience\RJT APE\Library\PackageCache\com.unity.visualscripting@1.7.8\Editor\VisualScripting.Core\Dependencies\YamlDotNet\Unity.VisualScripting.YamlDotNet.dll
Symbol file LoadedFromMemory doesn't match image V:\RJT-A-Parkour-Experience\RJT-A-Parkour-Experience\RJT APE\Library\PackageCache\com.unity.visualscripting@1.7.8\Editor\VisualScripting.Core\Dependencies\DotNetZip\Unity.VisualScripting.IonicZip.dll
Native extension for WindowsStandalone target not found
Native extension for WebGL target not found
Refreshing native plugins compatible for Editor in 111.69 ms, found 3 plugins.
Preloading 0 native plugins for Editor in 0.00 ms.
Mono: successfully reloaded assembly
- Completed reload, in  1.268 seconds
Domain Reload Profiling:
	ReloadAssembly (1269ms)
		BeginReloadAssembly (101ms)
			ExecutionOrderSort (0ms)
			DisableScriptedObjects (5ms)
			BackupInstance (0ms)
			ReleaseScriptingObjects (0ms)
			CreateAndSetChildDomain (19ms)
		EndReloadAssembly (1060ms)
			LoadAssemblies (91ms)
			RebuildTransferFunctionScriptingTraits (0ms)
			SetupTypeCache (281ms)
			ReleaseScriptCaches (1ms)
			RebuildScriptCaches (57ms)
			SetupLoadedEditorAssemblies (603ms)
				LogAssemblyErrors (0ms)
				InitializePlatformSupportModulesInManaged (6ms)
				SetLoadedEditorAssemblies (0ms)
				RefreshPlugins (112ms)
				BeforeProcessingInitializeOnLoad (110ms)
				ProcessInitializeOnLoadAttributes (300ms)
				ProcessInitializeOnLoadMethodAttributes (65ms)
				AfterProcessingInitializeOnLoad (10ms)
				EditorAssembliesLoaded (0ms)
			ExecutionOrderSort2 (0ms)
			AwakeInstancesAfterBackupRestoration (5ms)
Platform modules already initialized, skipping
========================================================================
Worker process is ready to serve import requests
Launched and connected shader compiler UnityShaderCompiler.exe after 0.05 seconds
Refreshing native plugins compatible for Editor in 1.03 ms, found 3 plugins.
Preloading 0 native plugins for Editor in 0.00 ms.
Unloading 5718 Unused Serialized files (Serialized files now loaded: 0)
Unloading 62 unused Assets / (1.2 MB). Loaded Objects now: 6157.
Memory consumption went from 226.1 MB to 224.9 MB.
Total: 4.032800 ms (FindLiveObjects: 0.515000 ms CreateObjectMapping: 0.158200 ms MarkObjects: 2.884700 ms  DeleteObjects: 0.474000 ms)

AssetImportParameters requested are different than current active one (requested -> active):
  custom:video-decoder-ogg-theora: a1e56fd34408186e4bbccfd4996cb3dc -> 
  custom:container-muxer-webm: aa71ff27fc2769a1b78a27578f13a17b -> 
  custom:container-demuxer-webm: 4f35f7cbe854078d1ac9338744f61a02 -> 
  custom:video-encoder-webm-vp8: eb34c28f22e8b96e1ab97ce403110664 -> 
  custom:audio-encoder-webm-vorbis: bf7c407c2cedff20999df2af8eb42d56 -> 
  custom:framework-win-MediaFoundation: 216162199b28c13a410421893ffa2e32 -> 
  custom:container-demuxer-ogg: 62fdf1f143b41e24485cea50d1cbac27 -> 
  custom:video-decoder-webm-vp8: 9c59270c3fd7afecdb556c50c9e8de78 -> 
  custom:audio-decoder-ogg-vorbis: bf7c407c2cedff20999df2af8eb42d56 -> 
========================================================================
Received Import Request.
  Time since last request: 774161.580873 seconds.
  path: Assets/Template Files/Environment/Art/Textures/Grid_01_Emissive.png
  artifactKey: Guid(d4d6919451fe3e24388816386a6d15a4) Importer(815301076,1909f56bfc062723c751e8b465ee728b)
Start importing Assets/Template Files/Environment/Art/Textures/Grid_01_Emissive.png using Guid(d4d6919451fe3e24388816386a6d15a4) Importer(815301076,1909f56bfc062723c751e8b465ee728b)  -> (artifact id: '79199eeee71760ef0627a1c4b3ad45f4') in 0.070776 seconds 
========================================================================
Received Import Request.
  Time since last request: 121.830743 seconds.
  path: Assets/Vinh/iPoly3D/Prototype Textures/Materials/Blue/Blue_2.mat
  artifactKey: Guid(4cc73f247dcc2e841a79a5290b72c2c4) Importer(815301076,1909f56bfc062723c751e8b465ee728b)
Start importing Assets/Vinh/iPoly3D/Prototype Textures/Materials/Blue/Blue_2.mat using Guid(4cc73f247dcc2e841a79a5290b72c2c4) Importer(815301076,1909f56bfc062723c751e8b465ee728b)  -> (artifact id: '9ed5d2fae6709f164f6215128f0cf4a7') in 0.193014 seconds 
========================================================================
Received Import Request.
  Time since last request: 0.000037 seconds.
  path: Assets/Vinh/iPoly3D/Prototype Textures/Materials/Blue/Blue_10.mat
  artifactKey: Guid(8f7fc12728facfe4e9b81cf4edb4c058) Importer(815301076,1909f56bfc062723c751e8b465ee728b)
Start importing Assets/Vinh/iPoly3D/Prototype Textures/Materials/Blue/Blue_10.mat using Guid(8f7fc12728facfe4e9b81cf4edb4c058) Importer(815301076,1909f56bfc062723c751e8b465ee728b)  -> (artifact id: 'e1237fa503ffad6b1f0d24c15fe763b5') in 0.015654 seconds 
========================================================================
Received Import Request.
  Time since last request: 0.000039 seconds.
  path: Assets/Vinh/iPoly3D/Prototype Textures/Materials/Blue/Blue_7.mat
  artifactKey: Guid(cbf017f6bad132c499e0709e3345d080) Importer(815301076,1909f56bfc062723c751e8b465ee728b)
Start importing Assets/Vinh/iPoly3D/Prototype Textures/Materials/Blue/Blue_7.mat using Guid(cbf017f6bad132c499e0709e3345d080) Importer(815301076,1909f56bfc062723c751e8b465ee728b)  -> (artifact id: '26541c8e530e06f4e7d4ace48333678a') in 0.019690 seconds 
========================================================================
Received Import Request.
  Time since last request: 0.000025 seconds.
  path: Assets/Vinh/iPoly3D/Prototype Textures/Materials/Blue/Blue_6.mat
  artifactKey: Guid(f7b4e7377158c1740b192553e8edbd41) Importer(815301076,1909f56bfc062723c751e8b465ee728b)
Start importing Assets/Vinh/iPoly3D/Prototype Textures/Materials/Blue/Blue_6.mat using Guid(f7b4e7377158c1740b192553e8edbd41) Importer(815301076,1909f56bfc062723c751e8b465ee728b)  -> (artifact id: '1bd39e9fce022798d6192cdc3055084c') in 0.024848 seconds 
========================================================================
Received Import Request.
  Time since last request: 0.000037 seconds.
  path: Assets/Vinh/iPoly3D/Prototype Textures/Materials/Blue/Blue_3.mat
  artifactKey: Guid(1d1dbf679a83bcb4a85b9af7c0dee44e) Importer(815301076,1909f56bfc062723c751e8b465ee728b)
Start importing Assets/Vinh/iPoly3D/Prototype Textures/Materials/Blue/Blue_3.mat using Guid(1d1dbf679a83bcb4a85b9af7c0dee44e) Importer(815301076,1909f56bfc062723c751e8b465ee728b)  -> (artifact id: 'd95b61b6f899bd81fc88e4d514aed363') in 0.014759 seconds 
========================================================================
Received Import Request.
  Time since last request: 27.114829 seconds.
  path: Assets/Vinh/iPoly3D/Prototype Textures/Materials/Grey/Grey_4.mat
  artifactKey: Guid(26b8dd4f94a96fa4fb84b5f77e6dec8f) Importer(815301076,1909f56bfc062723c751e8b465ee728b)
Start importing Assets/Vinh/iPoly3D/Prototype Textures/Materials/Grey/Grey_4.mat using Guid(26b8dd4f94a96fa4fb84b5f77e6dec8f) Importer(815301076,1909f56bfc062723c751e8b465ee728b)  -> (artifact id: '40b359aaed2d3dddec3d83acb806b41f') in 0.014309 seconds 
========================================================================
Received Import Request.
  Time since last request: 0.000023 seconds.
  path: Assets/Vinh/iPoly3D/Prototype Textures/Materials/Grey/Grey_7.mat
  artifactKey: Guid(930acf7ef6b366f4382b5d9078987ec0) Importer(815301076,1909f56bfc062723c751e8b465ee728b)
Start importing Assets/Vinh/iPoly3D/Prototype Textures/Materials/Grey/Grey_7.mat using Guid(930acf7ef6b366f4382b5d9078987ec0) Importer(815301076,1909f56bfc062723c751e8b465ee728b)  -> (artifact id: '5725523decb2465e7117ba2cae48c8e7') in 0.015387 seconds 
========================================================================
Received Import Request.
  Time since last request: 0.000023 seconds.
  path: Assets/Vinh/iPoly3D/Prototype Textures/Materials/Grey/Grey_5.mat
  artifactKey: Guid(007056541b3a773409f252424e186aca) Importer(815301076,1909f56bfc062723c751e8b465ee728b)
Start importing Assets/Vinh/iPoly3D/Prototype Textures/Materials/Grey/Grey_5.mat using Guid(007056541b3a773409f252424e186aca) Importer(815301076,1909f56bfc062723c751e8b465ee728b)  -> (artifact id: '783c69e3cbe63f18d190a542d2b1b955') in 0.020900 seconds 
========================================================================
Received Import Request.
  Time since last request: 0.000029 seconds.
  path: Assets/Vinh/iPoly3D/Prototype Textures/Materials/Grey/Grey_6.mat
  artifactKey: Guid(04788ac9bcd13ba4a82acf3bec4a5b5b) Importer(815301076,1909f56bfc062723c751e8b465ee728b)
Start importing Assets/Vinh/iPoly3D/Prototype Textures/Materials/Grey/Grey_6.mat using Guid(04788ac9bcd13ba4a82acf3bec4a5b5b) Importer(815301076,1909f56bfc062723c751e8b465ee728b)  -> (artifact id: 'c339f82a4fab9b258a2fa46dd6dd3a74') in 0.016955 seconds 
========================================================================
Received Import Request.
  Time since last request: 11.976304 seconds.
  path: Assets/Vinh/iPoly3D/Prototype Textures/Materials/Orange/Orange_4.mat
  artifactKey: Guid(50b72700454ff5a4fa72db5a4ea4938b) Importer(815301076,1909f56bfc062723c751e8b465ee728b)
Start importing Assets/Vinh/iPoly3D/Prototype Textures/Materials/Orange/Orange_4.mat using Guid(50b72700454ff5a4fa72db5a4ea4938b) Importer(815301076,1909f56bfc062723c751e8b465ee728b)  -> (artifact id: '9a11ca2903178222e4c56d9456329c60') in 0.013340 seconds 
========================================================================
Received Import Request.
  Time since last request: 0.000028 seconds.
  path: Assets/Vinh/iPoly3D/Prototype Textures/Materials/Orange/Orange_10.mat
  artifactKey: Guid(cadbffec3054f9744b906efab90649ec) Importer(815301076,1909f56bfc062723c751e8b465ee728b)
Start importing Assets/Vinh/iPoly3D/Prototype Textures/Materials/Orange/Orange_10.mat using Guid(cadbffec3054f9744b906efab90649ec) Importer(815301076,1909f56bfc062723c751e8b465ee728b)  -> (artifact id: '1b22971aca8b5b944a070c9a53afd6bf') in 0.021923 seconds 
========================================================================
Received Import Request.
  Time since last request: 0.000029 seconds.
  path: Assets/Vinh/iPoly3D/Prototype Textures/Materials/Orange/Orange_9.mat
  artifactKey: Guid(12ad1df57a06abc4ab37ed5d6d2d5386) Importer(815301076,1909f56bfc062723c751e8b465ee728b)
Start importing Assets/Vinh/iPoly3D/Prototype Textures/Materials/Orange/Orange_9.mat using Guid(12ad1df57a06abc4ab37ed5d6d2d5386) Importer(815301076,1909f56bfc062723c751e8b465ee728b)  -> (artifact id: '29de92513a67da4a306893844598f9fb') in 0.018222 seconds 
========================================================================
Received Import Request.
  Time since last request: 40.453643 seconds.
  path: Assets/Vinh/iPoly3D/Prototype Textures/Materials/Pink/Pink_4.mat
  artifactKey: Guid(2c385dae55bc3e04fa96cc84d18f594a) Importer(815301076,1909f56bfc062723c751e8b465ee728b)
Start importing Assets/Vinh/iPoly3D/Prototype Textures/Materials/Pink/Pink_4.mat using Guid(2c385dae55bc3e04fa96cc84d18f594a) Importer(815301076,1909f56bfc062723c751e8b465ee728b)  -> (artifact id: '01ad499d3e062365fbcc73804c485afe') in 0.017304 seconds 
========================================================================
Received Import Request.
  Time since last request: 0.000027 seconds.
  path: Assets/Vinh/iPoly3D/Prototype Textures/Materials/Pink/Pink_6.mat
  artifactKey: Guid(85dba0447f817e84cab660c26893d3fa) Importer(815301076,1909f56bfc062723c751e8b465ee728b)
Start importing Assets/Vinh/iPoly3D/Prototype Textures/Materials/Pink/Pink_6.mat using Guid(85dba0447f817e84cab660c26893d3fa) Importer(815301076,1909f56bfc062723c751e8b465ee728b)  -> (artifact id: 'c6d11ca6d1c509e640cc38d981a7fd71') in 0.030085 seconds 
========================================================================
Received Import Request.
  Time since last request: 10.925861 seconds.
  path: Assets/Vinh/iPoly3D/Prototype Textures/Materials/Red/Red_4.mat
  artifactKey: Guid(45cba46d4b15a3046bc41add2347e4bf) Importer(815301076,1909f56bfc062723c751e8b465ee728b)
Start importing Assets/Vinh/iPoly3D/Prototype Textures/Materials/Red/Red_4.mat using Guid(45cba46d4b15a3046bc41add2347e4bf) Importer(815301076,1909f56bfc062723c751e8b465ee728b)  -> (artifact id: '58fc0b3ab2e253876ccbcb5254952b9b') in 0.016417 seconds 
========================================================================
Received Import Request.
  Time since last request: 0.000024 seconds.
  path: Assets/Vinh/iPoly3D/Prototype Textures/Materials/Red/Red_10.mat
  artifactKey: Guid(6050999adefbe334bba18599a7b05f48) Importer(815301076,1909f56bfc062723c751e8b465ee728b)
Start importing Assets/Vinh/iPoly3D/Prototype Textures/Materials/Red/Red_10.mat using Guid(6050999adefbe334bba18599a7b05f48) Importer(815301076,1909f56bfc062723c751e8b465ee728b)  -> (artifact id: '53e7c83ad22d788e17002b9b07e4f0e7') in 0.024111 seconds 
========================================================================
Received Import Request.
  Time since last request: 6.751345 seconds.
  path: Assets/Vinh/iPoly3D/Prototype Textures/Materials/Yellow/Yellow_4.mat
  artifactKey: Guid(42ad0e05a3f5f0144bb44704b59b0c3b) Importer(815301076,1909f56bfc062723c751e8b465ee728b)
Start importing Assets/Vinh/iPoly3D/Prototype Textures/Materials/Yellow/Yellow_4.mat using Guid(42ad0e05a3f5f0144bb44704b59b0c3b) Importer(815301076,1909f56bfc062723c751e8b465ee728b)  -> (artifact id: 'b02a4dc06e893976c943cb05e4bb9317') in 0.015443 seconds 
========================================================================
Received Import Request.
  Time since last request: 0.000026 seconds.
  path: Assets/Vinh/iPoly3D/Prototype Textures/Materials/Yellow/Yellow_8.mat
  artifactKey: Guid(d6f922be820cbd945b9e2f47319fb466) Importer(815301076,1909f56bfc062723c751e8b465ee728b)
Start importing Assets/Vinh/iPoly3D/Prototype Textures/Materials/Yellow/Yellow_8.mat using Guid(d6f922be820cbd945b9e2f47319fb466) Importer(815301076,1909f56bfc062723c751e8b465ee728b)  -> (artifact id: '44a87b82a334c286d36f8e0c9756199d') in 0.030932 seconds 
========================================================================
Received Import Request.
  Time since last request: 47.272563 seconds.
  path: Assets/Vinh/iPoly3D/Prototype Textures/Materials/Blue/Blue_5.mat
  artifactKey: Guid(492d5fa4108a8b048ba15a6b364ee09c) Importer(815301076,1909f56bfc062723c751e8b465ee728b)
Start importing Assets/Vinh/iPoly3D/Prototype Textures/Materials/Blue/Blue_5.mat using Guid(492d5fa4108a8b048ba15a6b364ee09c) Importer(815301076,1909f56bfc062723c751e8b465ee728b)  -> (artifact id: 'fcafc2b5c3d320b061e1df53037f5a8b') in 0.018524 seconds 
========================================================================
Received Import Request.
  Time since last request: 0.000034 seconds.
  path: Assets/Vinh/iPoly3D/Prototype Textures/Materials/Blue/Blue_7.mat
  artifactKey: Guid(cbf017f6bad132c499e0709e3345d080) Importer(815301076,1909f56bfc062723c751e8b465ee728b)
Start importing Assets/Vinh/iPoly3D/Prototype Textures/Materials/Blue/Blue_7.mat using Guid(cbf017f6bad132c499e0709e3345d080) Importer(815301076,1909f56bfc062723c751e8b465ee728b)  -> (artifact id: '87c84c7de50512a513c526334f4a8e8c') in 0.014359 seconds 
Editor requested this worker to shutdown with reason: Scaling down because of idle timeout
AssetImportWorker is now disconnected from the server
Process exiting
Exiting without the bug reporter. Application will terminate with return code 0