Using pre-set license
Built from '2021.3/staging' branch; Version is '2021.3.16f1 (4016570cf34f) revision 4200023'; Using compiler version '192829333'; Build Type 'Release'
OS: 'Windows 11  (10.0.22621) 64bit Core' Language: 'en' Physical Memory: 16299 MB
BatchMode: 1, IsHumanControllingUs: 0, StartBugReporterOnCrash: 0, Is64bit: 1, IsPro: 1

COMMAND LINE ARGUMENTS:
C:\Program Files\Unity\Hub\Editor\2021.3.16f1\Editor\Unity.exe
-adb2
-batchMode
-noUpm
-name
AssetImportWorker4
-projectPath
V:/RJT 5.0/RJT-A-Parkour-Experience/RJT APE
-logFile
Logs/AssetImportWorker4.log
-srvPort
53621
Successfully changed project path to: V:/RJT 5.0/RJT-A-Parkour-Experience/RJT APE
V:/RJT 5.0/RJT-A-Parkour-Experience/RJT APE
[UnityMemory] Configuration Parameters - Can be set up in boot.config
    "memorysetup-bucket-allocator-granularity=16"
    "memorysetup-bucket-allocator-bucket-count=8"
    "memorysetup-bucket-allocator-block-size=33554432"
    "memorysetup-bucket-allocator-block-count=8"
    "memorysetup-main-allocator-block-size=16777216"
    "memorysetup-thread-allocator-block-size=16777216"
    "memorysetup-gfx-main-allocator-block-size=16777216"
    "memorysetup-gfx-thread-allocator-block-size=16777216"
    "memorysetup-cache-allocator-block-size=4194304"
    "memorysetup-typetree-allocator-block-size=2097152"
    "memorysetup-profiler-bucket-allocator-granularity=16"
    "memorysetup-profiler-bucket-allocator-bucket-count=8"
    "memorysetup-profiler-bucket-allocator-block-size=33554432"
    "memorysetup-profiler-bucket-allocator-block-count=8"
    "memorysetup-profiler-allocator-block-size=16777216"
    "memorysetup-profiler-editor-allocator-block-size=1048576"
    "memorysetup-temp-allocator-size-main=16777216"
    "memorysetup-job-temp-allocator-block-size=2097152"
    "memorysetup-job-temp-allocator-block-size-background=1048576"
    "memorysetup-job-temp-allocator-reduction-small-platforms=262144"
    "memorysetup-temp-allocator-size-background-worker=32768"
    "memorysetup-temp-allocator-size-job-worker=262144"
    "memorysetup-temp-allocator-size-preload-manager=33554432"
    "memorysetup-temp-allocator-size-nav-mesh-worker=65536"
    "memorysetup-temp-allocator-size-audio-worker=65536"
    "memorysetup-temp-allocator-size-cloud-worker=32768"
    "memorysetup-temp-allocator-size-gi-baking-worker=262144"
    "memorysetup-temp-allocator-size-gfx=262144"
Player connection [5244] Host "[IP] 172.18.10.51 [Port] 0 [Flags] 2 [Guid] 2813837499 [EditorId] 2813837499 [Version] 1048832 [Id] WindowsEditor(7,DESKTOP-C8QNRHO) [Debug] 1 [PackageName] WindowsEditor [ProjectName] Editor" joined multi-casting on [225.0.0.222:54997]...

Player connection [5244] Host "[IP] 172.18.10.51 [Port] 0 [Flags] 2 [Guid] 2813837499 [EditorId] 2813837499 [Version] 1048832 [Id] WindowsEditor(7,DESKTOP-C8QNRHO) [Debug] 1 [PackageName] WindowsEditor [ProjectName] Editor" joined alternative multi-casting on [225.0.0.222:34997]...

Refreshing native plugins compatible for Editor in 168.52 ms, found 6 plugins.
Preloading 0 native plugins for Editor in 0.00 ms.
Initialize engine version: 2021.3.16f1 (4016570cf34f)
[Subsystems] Discovering subsystems at path C:/Program Files/Unity/Hub/Editor/2021.3.16f1/Editor/Data/Resources/UnitySubsystems
[Subsystems] Discovering subsystems at path V:/RJT 5.0/RJT-A-Parkour-Experience/RJT APE/Assets
GfxDevice: creating device client; threaded=0; jobified=0
Direct3D:
    Version:  Direct3D 11.0 [level 11.1]
    Renderer: NVIDIA GeForce RTX 3070 (ID=0x2484)
    Vendor:   NVIDIA
    VRAM:     8018 MB
    Driver:   31.0.15.5134
Initialize mono
Mono path[0] = 'C:/Program Files/Unity/Hub/Editor/2021.3.16f1/Editor/Data/Managed'
Mono path[1] = 'C:/Program Files/Unity/Hub/Editor/2021.3.16f1/Editor/Data/MonoBleedingEdge/lib/mono/unityjit-win32'
Mono config path = 'C:/Program Files/Unity/Hub/Editor/2021.3.16f1/Editor/Data/MonoBleedingEdge/etc'
Using monoOptions --debugger-agent=transport=dt_socket,embedding=1,server=y,suspend=n,address=127.0.0.1:56760
Begin MonoManager ReloadAssembly
Registering precompiled unity dll's ...
Register platform support module: C:/Program Files/Unity/Hub/Editor/2021.3.16f1/Editor/Data/PlaybackEngines/WebGLSupport/UnityEditor.WebGL.Extensions.dll
Register platform support module: C:/Program Files/Unity/Hub/Editor/2021.3.16f1/Editor/Data/PlaybackEngines/WindowsStandaloneSupport/UnityEditor.WindowsStandalone.Extensions.dll
Registered in 0.008439 seconds.
Native extension for WindowsStandalone target not found
Native extension for WebGL target not found
Refreshing native plugins compatible for Editor in 138.41 ms, found 6 plugins.
Preloading 0 native plugins for Editor in 0.00 ms.
Mono: successfully reloaded assembly
- Completed reload, in  0.709 seconds
Domain Reload Profiling:
	ReloadAssembly (709ms)
		BeginReloadAssembly (71ms)
			ExecutionOrderSort (0ms)
			DisableScriptedObjects (0ms)
			BackupInstance (0ms)
			ReleaseScriptingObjects (0ms)
			CreateAndSetChildDomain (1ms)
		EndReloadAssembly (514ms)
			LoadAssemblies (68ms)
			RebuildTransferFunctionScriptingTraits (0ms)
			SetupTypeCache (117ms)
			ReleaseScriptCaches (0ms)
			RebuildScriptCaches (29ms)
			SetupLoadedEditorAssemblies (312ms)
				LogAssemblyErrors (0ms)
				InitializePlatformSupportModulesInManaged (11ms)
				SetLoadedEditorAssemblies (0ms)
				RefreshPlugins (139ms)
				BeforeProcessingInitializeOnLoad (1ms)
				ProcessInitializeOnLoadAttributes (124ms)
				ProcessInitializeOnLoadMethodAttributes (37ms)
				AfterProcessingInitializeOnLoad (0ms)
				EditorAssembliesLoaded (0ms)
			ExecutionOrderSort2 (0ms)
			AwakeInstancesAfterBackupRestoration (0ms)
Platform modules already initialized, skipping
Registering precompiled user dll's ...
Registered in 0.011594 seconds.
Begin MonoManager ReloadAssembly
Symbol file LoadedFromMemory doesn't match image V:\RJT 5.0\RJT-A-Parkour-Experience\RJT APE\Library\PackageCache\com.unity.visualscripting@1.7.8\Editor\VisualScripting.Core\Dependencies\DotNetZip\Unity.VisualScripting.IonicZip.dll
Symbol file LoadedFromMemory doesn't match image V:\RJT 5.0\RJT-A-Parkour-Experience\RJT APE\Library\PackageCache\com.unity.visualscripting@1.7.8\Editor\VisualScripting.Core\Dependencies\YamlDotNet\Unity.VisualScripting.YamlDotNet.dll
Native extension for WindowsStandalone target not found
Native extension for WebGL target not found
Refreshing native plugins compatible for Editor in 134.05 ms, found 6 plugins.
Preloading 0 native plugins for Editor in 0.00 ms.
Mono: successfully reloaded assembly
- Completed reload, in  1.507 seconds
Domain Reload Profiling:
	ReloadAssembly (1508ms)
		BeginReloadAssembly (103ms)
			ExecutionOrderSort (0ms)
			DisableScriptedObjects (5ms)
			BackupInstance (0ms)
			ReleaseScriptingObjects (0ms)
			CreateAndSetChildDomain (19ms)
		EndReloadAssembly (1289ms)
			LoadAssemblies (98ms)
			RebuildTransferFunctionScriptingTraits (0ms)
			SetupTypeCache (321ms)
			ReleaseScriptCaches (1ms)
			RebuildScriptCaches (69ms)
			SetupLoadedEditorAssemblies (765ms)
				LogAssemblyErrors (0ms)
				InitializePlatformSupportModulesInManaged (5ms)
				SetLoadedEditorAssemblies (0ms)
				RefreshPlugins (134ms)
				BeforeProcessingInitializeOnLoad (112ms)
				ProcessInitializeOnLoadAttributes (447ms)
				ProcessInitializeOnLoadMethodAttributes (58ms)
				AfterProcessingInitializeOnLoad (8ms)
				EditorAssembliesLoaded (0ms)
			ExecutionOrderSort2 (0ms)
			AwakeInstancesAfterBackupRestoration (5ms)
Platform modules already initialized, skipping
========================================================================
Worker process is ready to serve import requests
Launched and connected shader compiler UnityShaderCompiler.exe after 0.04 seconds
Refreshing native plugins compatible for Editor in 2.13 ms, found 6 plugins.
Preloading 0 native plugins for Editor in 0.00 ms.
Unloading 6318 Unused Serialized files (Serialized files now loaded: 0)
Unloading 101 unused Assets / (0.8 MB). Loaded Objects now: 6720.
Memory consumption went from 245.1 MB to 244.3 MB.
Total: 4.533500 ms (FindLiveObjects: 0.593300 ms CreateObjectMapping: 0.156200 ms MarkObjects: 3.380400 ms  DeleteObjects: 0.402500 ms)

AssetImportParameters requested are different than current active one (requested -> active):
  custom:video-decoder-ogg-theora: a1e56fd34408186e4bbccfd4996cb3dc -> 
  custom:container-muxer-webm: aa71ff27fc2769a1b78a27578f13a17b -> 
  custom:container-demuxer-webm: 4f35f7cbe854078d1ac9338744f61a02 -> 
  custom:video-encoder-webm-vp8: eb34c28f22e8b96e1ab97ce403110664 -> 
  custom:audio-encoder-webm-vorbis: bf7c407c2cedff20999df2af8eb42d56 -> 
  custom:framework-win-MediaFoundation: 216162199b28c13a410421893ffa2e32 -> 
  custom:container-demuxer-ogg: 62fdf1f143b41e24485cea50d1cbac27 -> 
  custom:video-decoder-webm-vp8: 9c59270c3fd7afecdb556c50c9e8de78 -> 
  custom:audio-decoder-ogg-vorbis: bf7c407c2cedff20999df2af8eb42d56 -> 
========================================================================
Received Import Request.
  Time since last request: 28271.834877 seconds.
  path: Assets/Storyboards/Logo 1.png
  artifactKey: Guid(2a31f246224f65543a8d81bdb7182ceb) Importer(815301076,1909f56bfc062723c751e8b465ee728b)
Start importing Assets/Storyboards/Logo 1.png using Guid(2a31f246224f65543a8d81bdb7182ceb) Importer(815301076,1909f56bfc062723c751e8b465ee728b)  -> (artifact id: 'b4367b3dee22f44941c67b423801383f') in 0.080906 seconds 
========================================================================
Received Import Request.
  Time since last request: 12.697893 seconds.
  path: Assets/Storyboards/Logo 1.png
  artifactKey: Guid(2a31f246224f65543a8d81bdb7182ceb) Importer(815301076,1909f56bfc062723c751e8b465ee728b)
Start importing Assets/Storyboards/Logo 1.png using Guid(2a31f246224f65543a8d81bdb7182ceb) Importer(815301076,1909f56bfc062723c751e8b465ee728b)  -> (artifact id: '964a2b753044a411d3531ce0eb0a42b7') in 0.134508 seconds 
========================================================================
Received Import Request.
  Time since last request: 1221.236115 seconds.
  path: Assets/Storyboards/Splash Art.psd
  artifactKey: Guid(4a28d32cfca91ac4589d562546c70c4a) Importer(815301076,1909f56bfc062723c751e8b465ee728b)
Start importing Assets/Storyboards/Splash Art.psd using Guid(4a28d32cfca91ac4589d562546c70c4a) Importer(815301076,1909f56bfc062723c751e8b465ee728b)  -> (artifact id: '6ce4b4d97fea0a3e4ac929bfe509f10f') in 0.020471 seconds 
========================================================================
Received Import Request.
  Time since last request: 48.661490 seconds.
  path: Assets/Storyboards/Splash Art.psd
  artifactKey: Guid(4a28d32cfca91ac4589d562546c70c4a) Importer(815301076,1909f56bfc062723c751e8b465ee728b)
Start importing Assets/Storyboards/Splash Art.psd using Guid(4a28d32cfca91ac4589d562546c70c4a) Importer(815301076,1909f56bfc062723c751e8b465ee728b)  -> (artifact id: '774fe56822e9e1719346b3b6d06650d9') in 0.102027 seconds 
========================================================================
Received Import Request.
  Time since last request: 99.833413 seconds.
  path: Assets/Storyboards/Main Menu.png
  artifactKey: Guid(20affb2789da10d4488b5a7db1d84146) Importer(815301076,1909f56bfc062723c751e8b465ee728b)
Start importing Assets/Storyboards/Main Menu.png using Guid(20affb2789da10d4488b5a7db1d84146) Importer(815301076,1909f56bfc062723c751e8b465ee728b)  -> (artifact id: 'c7aa48fb38e6161c5fb65b5c2b369ae9') in 0.099657 seconds 
========================================================================
Received Import Request.
  Time since last request: 56.632822 seconds.
  path: Assets/Vinh/Scenes/UI Scenes/Shop.unity
  artifactKey: Guid(5642d90a0963f89469c9d63c96e43b50) Importer(815301076,1909f56bfc062723c751e8b465ee728b)
Start importing Assets/Vinh/Scenes/UI Scenes/Shop.unity using Guid(5642d90a0963f89469c9d63c96e43b50) Importer(815301076,1909f56bfc062723c751e8b465ee728b)  -> (artifact id: '69493be38082bc3affecab9b68d40386') in 0.007238 seconds 
========================================================================
Received Import Request.
  Time since last request: 245.604325 seconds.
  path: Assets/Vinh/Scenes/UI Scenes/Social Scene.unity
  artifactKey: Guid(dc3e63701ec23ce4f86a936c27e1a1b0) Importer(815301076,1909f56bfc062723c751e8b465ee728b)
Start importing Assets/Vinh/Scenes/UI Scenes/Social Scene.unity using Guid(dc3e63701ec23ce4f86a936c27e1a1b0) Importer(815301076,1909f56bfc062723c751e8b465ee728b)  -> (artifact id: '297d9d550fc62c304fc45c077a7748be') in 0.007405 seconds 
========================================================================
Received Import Request.
  Time since last request: 4.803930 seconds.
  path: Assets/Vinh/Scenes/UI Scenes/Splash Scene.unity
  artifactKey: Guid(88e105958e2fdc548a62cf58fb8d38b2) Importer(815301076,1909f56bfc062723c751e8b465ee728b)
Start importing Assets/Vinh/Scenes/UI Scenes/Splash Scene.unity using Guid(88e105958e2fdc548a62cf58fb8d38b2) Importer(815301076,1909f56bfc062723c751e8b465ee728b)  -> (artifact id: 'a00c949c4233a8570072b0048c8263fc') in 0.007376 seconds 
========================================================================
Received Import Request.
  Time since last request: 7.314669 seconds.
  path: Assets/Vinh/Scenes/UI Scenes/Settings_FromHome.unity
  artifactKey: Guid(d35046f51465e9941a524147f87c4ac1) Importer(815301076,1909f56bfc062723c751e8b465ee728b)
Start importing Assets/Vinh/Scenes/UI Scenes/Settings_FromHome.unity using Guid(d35046f51465e9941a524147f87c4ac1) Importer(815301076,1909f56bfc062723c751e8b465ee728b)  -> (artifact id: '89bed86522522340f75eda730118e938') in 0.008119 seconds 
