Using pre-set license
Built from '2021.3/staging' branch; Version is '2021.3.16f1 (4016570cf34f) revision 4200023'; Using compiler version '192829333'; Build Type 'Release'
OS: 'Windows 10  (10.0.19045) 64bit Core' Language: 'en' Physical Memory: 16299 MB
BatchMode: 1, IsHumanControllingUs: 0, StartBugReporterOnCrash: 0, Is64bit: 1, IsPro: 1

COMMAND LINE ARGUMENTS:
C:\Program Files\Unity\Hub\Editor\2021.3.16f1\Editor\Unity.exe
-adb2
-batchMode
-noUpm
-name
AssetImportWorker15
-projectPath
V:/RJT-A-Parkour-Experience/RJT-A-Parkour-Experience/RJT APE
-logFile
Logs/AssetImportWorker15.log
-srvPort
57154
Successfully changed project path to: V:/RJT-A-Parkour-Experience/RJT-A-Parkour-Experience/RJT APE
V:/RJT-A-Parkour-Experience/RJT-A-Parkour-Experience/RJT APE
[UnityMemory] Configuration Parameters - Can be set up in boot.config
    "memorysetup-bucket-allocator-granularity=16"
    "memorysetup-bucket-allocator-bucket-count=8"
    "memorysetup-bucket-allocator-block-size=33554432"
    "memorysetup-bucket-allocator-block-count=8"
    "memorysetup-main-allocator-block-size=16777216"
    "memorysetup-thread-allocator-block-size=16777216"
    "memorysetup-gfx-main-allocator-block-size=16777216"
    "memorysetup-gfx-thread-allocator-block-size=16777216"
    "memorysetup-cache-allocator-block-size=4194304"
    "memorysetup-typetree-allocator-block-size=2097152"
    "memorysetup-profiler-bucket-allocator-granularity=16"
    "memorysetup-profiler-bucket-allocator-bucket-count=8"
    "memorysetup-profiler-bucket-allocator-block-size=33554432"
    "memorysetup-profiler-bucket-allocator-block-count=8"
    "memorysetup-profiler-allocator-block-size=16777216"
    "memorysetup-profiler-editor-allocator-block-size=1048576"
    "memorysetup-temp-allocator-size-main=16777216"
    "memorysetup-job-temp-allocator-block-size=2097152"
    "memorysetup-job-temp-allocator-block-size-background=1048576"
    "memorysetup-job-temp-allocator-reduction-small-platforms=262144"
    "memorysetup-temp-allocator-size-background-worker=32768"
    "memorysetup-temp-allocator-size-job-worker=262144"
    "memorysetup-temp-allocator-size-preload-manager=33554432"
    "memorysetup-temp-allocator-size-nav-mesh-worker=65536"
    "memorysetup-temp-allocator-size-audio-worker=65536"
    "memorysetup-temp-allocator-size-cloud-worker=32768"
    "memorysetup-temp-allocator-size-gi-baking-worker=262144"
    "memorysetup-temp-allocator-size-gfx=262144"
Player connection [2120] Host "[IP] 172.18.10.51 [Port] 0 [Flags] 2 [Guid] 1324807686 [EditorId] 1324807686 [Version] 1048832 [Id] WindowsEditor(7,DESKTOP-C8QNRHO) [Debug] 1 [PackageName] WindowsEditor [ProjectName] Editor" joined multi-casting on [225.0.0.222:54997]...

Player connection [2120] Host "[IP] 172.18.10.51 [Port] 0 [Flags] 2 [Guid] 1324807686 [EditorId] 1324807686 [Version] 1048832 [Id] WindowsEditor(7,DESKTOP-C8QNRHO) [Debug] 1 [PackageName] WindowsEditor [ProjectName] Editor" joined alternative multi-casting on [225.0.0.222:34997]...

Refreshing native plugins compatible for Editor in 138.26 ms, found 3 plugins.
Preloading 0 native plugins for Editor in 0.00 ms.
Initialize engine version: 2021.3.16f1 (4016570cf34f)
[Subsystems] Discovering subsystems at path C:/Program Files/Unity/Hub/Editor/2021.3.16f1/Editor/Data/Resources/UnitySubsystems
[Subsystems] Discovering subsystems at path V:/RJT-A-Parkour-Experience/RJT-A-Parkour-Experience/RJT APE/Assets
GfxDevice: creating device client; threaded=0; jobified=0
Direct3D:
    Version:  Direct3D 11.0 [level 11.1]
    Renderer: NVIDIA GeForce RTX 3070 (ID=0x2484)
    Vendor:   NVIDIA
    VRAM:     8018 MB
    Driver:   31.0.15.5123
Initialize mono
Mono path[0] = 'C:/Program Files/Unity/Hub/Editor/2021.3.16f1/Editor/Data/Managed'
Mono path[1] = 'C:/Program Files/Unity/Hub/Editor/2021.3.16f1/Editor/Data/MonoBleedingEdge/lib/mono/unityjit-win32'
Mono config path = 'C:/Program Files/Unity/Hub/Editor/2021.3.16f1/Editor/Data/MonoBleedingEdge/etc'
Using monoOptions --debugger-agent=transport=dt_socket,embedding=1,server=y,suspend=n,address=127.0.0.1:56628
Begin MonoManager ReloadAssembly
Registering precompiled unity dll's ...
Register platform support module: C:/Program Files/Unity/Hub/Editor/2021.3.16f1/Editor/Data/PlaybackEngines/WebGLSupport/UnityEditor.WebGL.Extensions.dll
Register platform support module: C:/Program Files/Unity/Hub/Editor/2021.3.16f1/Editor/Data/PlaybackEngines/WindowsStandaloneSupport/UnityEditor.WindowsStandalone.Extensions.dll
Registered in 0.011646 seconds.
Native extension for WindowsStandalone target not found
Native extension for WebGL target not found
Refreshing native plugins compatible for Editor in 124.36 ms, found 3 plugins.
Preloading 0 native plugins for Editor in 0.00 ms.
Mono: successfully reloaded assembly
- Completed reload, in  0.724 seconds
Domain Reload Profiling:
	ReloadAssembly (724ms)
		BeginReloadAssembly (87ms)
			ExecutionOrderSort (0ms)
			DisableScriptedObjects (0ms)
			BackupInstance (0ms)
			ReleaseScriptingObjects (0ms)
			CreateAndSetChildDomain (1ms)
		EndReloadAssembly (514ms)
			LoadAssemblies (84ms)
			RebuildTransferFunctionScriptingTraits (0ms)
			SetupTypeCache (115ms)
			ReleaseScriptCaches (0ms)
			RebuildScriptCaches (29ms)
			SetupLoadedEditorAssemblies (317ms)
				LogAssemblyErrors (0ms)
				InitializePlatformSupportModulesInManaged (10ms)
				SetLoadedEditorAssemblies (0ms)
				RefreshPlugins (124ms)
				BeforeProcessingInitializeOnLoad (1ms)
				ProcessInitializeOnLoadAttributes (130ms)
				ProcessInitializeOnLoadMethodAttributes (51ms)
				AfterProcessingInitializeOnLoad (0ms)
				EditorAssembliesLoaded (0ms)
			ExecutionOrderSort2 (0ms)
			AwakeInstancesAfterBackupRestoration (0ms)
Platform modules already initialized, skipping
Registering precompiled user dll's ...
Registered in 0.008074 seconds.
Begin MonoManager ReloadAssembly
Symbol file LoadedFromMemory doesn't match image V:\RJT-A-Parkour-Experience\RJT-A-Parkour-Experience\RJT APE\Library\PackageCache\com.unity.visualscripting@1.7.8\Editor\VisualScripting.Core\Dependencies\YamlDotNet\Unity.VisualScripting.YamlDotNet.dll
Symbol file LoadedFromMemory doesn't match image V:\RJT-A-Parkour-Experience\RJT-A-Parkour-Experience\RJT APE\Library\PackageCache\com.unity.visualscripting@1.7.8\Editor\VisualScripting.Core\Dependencies\DotNetZip\Unity.VisualScripting.IonicZip.dll
Native extension for WindowsStandalone target not found
Native extension for WebGL target not found
Refreshing native plugins compatible for Editor in 128.72 ms, found 3 plugins.
Preloading 0 native plugins for Editor in 0.00 ms.
Mono: successfully reloaded assembly
- Completed reload, in  1.405 seconds
Domain Reload Profiling:
	ReloadAssembly (1406ms)
		BeginReloadAssembly (109ms)
			ExecutionOrderSort (0ms)
			DisableScriptedObjects (5ms)
			BackupInstance (0ms)
			ReleaseScriptingObjects (0ms)
			CreateAndSetChildDomain (19ms)
		EndReloadAssembly (1183ms)
			LoadAssemblies (110ms)
			RebuildTransferFunctionScriptingTraits (0ms)
			SetupTypeCache (315ms)
			ReleaseScriptCaches (1ms)
			RebuildScriptCaches (68ms)
			SetupLoadedEditorAssemblies (657ms)
				LogAssemblyErrors (0ms)
				InitializePlatformSupportModulesInManaged (7ms)
				SetLoadedEditorAssemblies (0ms)
				RefreshPlugins (129ms)
				BeforeProcessingInitializeOnLoad (130ms)
				ProcessInitializeOnLoadAttributes (313ms)
				ProcessInitializeOnLoadMethodAttributes (67ms)
				AfterProcessingInitializeOnLoad (12ms)
				EditorAssembliesLoaded (0ms)
			ExecutionOrderSort2 (0ms)
			AwakeInstancesAfterBackupRestoration (6ms)
Platform modules already initialized, skipping
========================================================================
Worker process is ready to serve import requests
Launched and connected shader compiler UnityShaderCompiler.exe after 0.05 seconds
Refreshing native plugins compatible for Editor in 1.13 ms, found 3 plugins.
Preloading 0 native plugins for Editor in 0.00 ms.
Unloading 5726 Unused Serialized files (Serialized files now loaded: 0)
Unloading 61 unused Assets / (1.2 MB). Loaded Objects now: 6166.
Memory consumption went from 227.0 MB to 225.9 MB.
Total: 4.215200 ms (FindLiveObjects: 0.592600 ms CreateObjectMapping: 0.151300 ms MarkObjects: 2.961200 ms  DeleteObjects: 0.508800 ms)

AssetImportParameters requested are different than current active one (requested -> active):
  custom:video-decoder-ogg-theora: a1e56fd34408186e4bbccfd4996cb3dc -> 
  custom:container-muxer-webm: aa71ff27fc2769a1b78a27578f13a17b -> 
  custom:container-demuxer-webm: 4f35f7cbe854078d1ac9338744f61a02 -> 
  custom:video-encoder-webm-vp8: eb34c28f22e8b96e1ab97ce403110664 -> 
  custom:audio-encoder-webm-vorbis: bf7c407c2cedff20999df2af8eb42d56 -> 
  custom:framework-win-MediaFoundation: 216162199b28c13a410421893ffa2e32 -> 
  custom:container-demuxer-ogg: 62fdf1f143b41e24485cea50d1cbac27 -> 
  custom:video-decoder-webm-vp8: 9c59270c3fd7afecdb556c50c9e8de78 -> 
  custom:audio-decoder-ogg-vorbis: bf7c407c2cedff20999df2af8eb42d56 -> 
========================================================================
Received Import Request.
  Time since last request: 784039.669277 seconds.
  path: Assets/Vinh/TabBar.anim
  artifactKey: Guid(346b57d5a4bed774d9ebe7cddf9288d4) Importer(815301076,1909f56bfc062723c751e8b465ee728b)
Start importing Assets/Vinh/TabBar.anim using Guid(346b57d5a4bed774d9ebe7cddf9288d4) Importer(815301076,1909f56bfc062723c751e8b465ee728b)  -> (artifact id: '6b0f64b0036875157f4e46faa4a66581') in 0.047280 seconds 
========================================================================
Received Import Request.
  Time since last request: 158.783346 seconds.
  path: Assets/Vinh/Image.controller
  artifactKey: Guid(b58b136e3b137014a8cb0f8a06a04d31) Importer(815301076,1909f56bfc062723c751e8b465ee728b)
Start importing Assets/Vinh/Image.controller using Guid(b58b136e3b137014a8cb0f8a06a04d31) Importer(815301076,1909f56bfc062723c751e8b465ee728b)  -> (artifact id: 'b3ae09a53a79a7ce762085c21b5322fa') in 0.011134 seconds 
========================================================================
Received Import Request.
  Time since last request: 991.041003 seconds.
  path: Assets/Vinh/Image.controller
  artifactKey: Guid(b58b136e3b137014a8cb0f8a06a04d31) Importer(815301076,1909f56bfc062723c751e8b465ee728b)
Start importing Assets/Vinh/Image.controller using Guid(b58b136e3b137014a8cb0f8a06a04d31) Importer(815301076,1909f56bfc062723c751e8b465ee728b)  -> (artifact id: '3331211cb086f4479590eda6def02fa0') in 0.010583 seconds 
========================================================================
Received Import Request.
  Time since last request: 20.471365 seconds.
  path: Assets/Vinh/SideMenu.controller
  artifactKey: Guid(b58b136e3b137014a8cb0f8a06a04d31) Importer(815301076,1909f56bfc062723c751e8b465ee728b)
Start importing Assets/Vinh/SideMenu.controller using Guid(b58b136e3b137014a8cb0f8a06a04d31) Importer(815301076,1909f56bfc062723c751e8b465ee728b)  -> (artifact id: '40d95e88de65b1b18296715a883d0243') in 0.007878 seconds 
========================================================================
Received Import Request.
  Time since last request: 57.683349 seconds.
  path: Assets/Vinh/Animations
  artifactKey: Guid(de1c2bed9a9258346bf1cbd3bad16cfd) Importer(815301076,1909f56bfc062723c751e8b465ee728b)
Start importing Assets/Vinh/Animations using Guid(de1c2bed9a9258346bf1cbd3bad16cfd) Importer(815301076,1909f56bfc062723c751e8b465ee728b)  -> (artifact id: '95bb22905abda4535e83fafe520a74d5') in 0.007520 seconds 
========================================================================
Received Import Request.
  Time since last request: 11.346424 seconds.
  path: Assets/Vinh/Animations/SideMenu.controller
  artifactKey: Guid(3633233ec4c595b46acd057d1c3f4739) Importer(815301076,1909f56bfc062723c751e8b465ee728b)
Start importing Assets/Vinh/Animations/SideMenu.controller using Guid(3633233ec4c595b46acd057d1c3f4739) Importer(815301076,1909f56bfc062723c751e8b465ee728b)  -> (artifact id: '795918a32c948dca1b9a924181665ae8') in 0.002618 seconds 
========================================================================
Received Import Request.
  Time since last request: 0.409365 seconds.
  path: Assets/Vinh/Animations/SideBar.anim
  artifactKey: Guid(cb0970bbf13975540af6a0dcab85fc74) Importer(815301076,1909f56bfc062723c751e8b465ee728b)
Start importing Assets/Vinh/Animations/SideBar.anim using Guid(cb0970bbf13975540af6a0dcab85fc74) Importer(815301076,1909f56bfc062723c751e8b465ee728b)  -> (artifact id: 'd9bda313e3046840b39dc255c8c7be1e') in 0.008281 seconds 
========================================================================
Received Import Request.
  Time since last request: 152.283721 seconds.
  path: Assets/Vinh/Animations/SideMenu.controller
  artifactKey: Guid(3633233ec4c595b46acd057d1c3f4739) Importer(815301076,1909f56bfc062723c751e8b465ee728b)
Start importing Assets/Vinh/Animations/SideMenu.controller using Guid(3633233ec4c595b46acd057d1c3f4739) Importer(815301076,1909f56bfc062723c751e8b465ee728b)  -> (artifact id: '54f8f569289d223968fc0b140fb3fb16') in 0.003102 seconds 
========================================================================
Received Import Request.
  Time since last request: 135.547773 seconds.
  path: Assets/Vinh/Animations/SideBar.anim
  artifactKey: Guid(cb0970bbf13975540af6a0dcab85fc74) Importer(815301076,1909f56bfc062723c751e8b465ee728b)
Start importing Assets/Vinh/Animations/SideBar.anim using Guid(cb0970bbf13975540af6a0dcab85fc74) Importer(815301076,1909f56bfc062723c751e8b465ee728b)  -> (artifact id: 'f27deaa00d9818333c2d01b5cf3bfa66') in 0.002754 seconds 
========================================================================
Received Import Request.
  Time since last request: 1.494520 seconds.
  path: Assets/Vinh/Animations/Animations.anim
  artifactKey: Guid(fbac8f4569b1ff940bead907ab2ad572) Importer(815301076,1909f56bfc062723c751e8b465ee728b)
Start importing Assets/Vinh/Animations/Animations.anim using Guid(fbac8f4569b1ff940bead907ab2ad572) Importer(815301076,1909f56bfc062723c751e8b465ee728b)  -> (artifact id: '7b752a9b3e4a2f9379491606235368c5') in 0.002687 seconds 
========================================================================
Received Import Request.
  Time since last request: 5.167124 seconds.
  path: Assets/Vinh/Animations/TabBar.anim
  artifactKey: Guid(0c8dea8c4b6ca204ba5aa0d1dafd675d) Importer(815301076,1909f56bfc062723c751e8b465ee728b)
Start importing Assets/Vinh/Animations/TabBar.anim using Guid(0c8dea8c4b6ca204ba5aa0d1dafd675d) Importer(815301076,1909f56bfc062723c751e8b465ee728b)  -> (artifact id: '4ed946beaa2374e69542e5f50de5ce04') in 0.002508 seconds 
========================================================================
Received Import Request.
  Time since last request: 353.985164 seconds.
  path: Assets/Vinh/Animations/SideMenu.controller
  artifactKey: Guid(3633233ec4c595b46acd057d1c3f4739) Importer(815301076,1909f56bfc062723c751e8b465ee728b)
Start importing Assets/Vinh/Animations/SideMenu.controller using Guid(3633233ec4c595b46acd057d1c3f4739) Importer(815301076,1909f56bfc062723c751e8b465ee728b)  -> (artifact id: 'cc088e27a692897e99fdeb6799222f3e') in 0.003501 seconds 
========================================================================
Received Import Request.
  Time since last request: 126.859831 seconds.
  path: Assets/Vinh/Animations/SideBar.anim
  artifactKey: Guid(cb0970bbf13975540af6a0dcab85fc74) Importer(815301076,1909f56bfc062723c751e8b465ee728b)
Start importing Assets/Vinh/Animations/SideBar.anim using Guid(cb0970bbf13975540af6a0dcab85fc74) Importer(815301076,1909f56bfc062723c751e8b465ee728b)  -> (artifact id: 'b8e036cc66d58a49254bf298990ae314') in 0.002731 seconds 
========================================================================
Received Import Request.
  Time since last request: 54.257568 seconds.
  path: Assets/Vinh/Animations/SideMenu.controller
  artifactKey: Guid(3633233ec4c595b46acd057d1c3f4739) Importer(815301076,1909f56bfc062723c751e8b465ee728b)
Start importing Assets/Vinh/Animations/SideMenu.controller using Guid(3633233ec4c595b46acd057d1c3f4739) Importer(815301076,1909f56bfc062723c751e8b465ee728b)  -> (artifact id: '7b63b2a1dda45453196b9f89c50e70b7') in 0.002976 seconds 
========================================================================
Received Import Request.
  Time since last request: 18.202539 seconds.
  path: Assets/Vinh/Animations/Animations.anim
  artifactKey: Guid(fbac8f4569b1ff940bead907ab2ad572) Importer(815301076,1909f56bfc062723c751e8b465ee728b)
Start importing Assets/Vinh/Animations/Animations.anim using Guid(fbac8f4569b1ff940bead907ab2ad572) Importer(815301076,1909f56bfc062723c751e8b465ee728b)  -> (artifact id: '699e7c1795a02075b9a71baf377beb62') in 0.002740 seconds 
========================================================================
Received Import Request.
  Time since last request: 195.239620 seconds.
  path: Assets/Vinh/Animations/SideMenu.controller
  artifactKey: Guid(3633233ec4c595b46acd057d1c3f4739) Importer(815301076,1909f56bfc062723c751e8b465ee728b)
Start importing Assets/Vinh/Animations/SideMenu.controller using Guid(3633233ec4c595b46acd057d1c3f4739) Importer(815301076,1909f56bfc062723c751e8b465ee728b)  -> (artifact id: '5695d71202ee4fdfb7f1d2a16bfc6117') in 0.003714 seconds 
========================================================================
Received Import Request.
  Time since last request: 0.544451 seconds.
  path: Assets/Vinh/Animations/SideMenuOpen.anim
  artifactKey: Guid(b746ac68ba8e5fb47b2abc988e397deb) Importer(815301076,1909f56bfc062723c751e8b465ee728b)
Start importing Assets/Vinh/Animations/SideMenuOpen.anim using Guid(b746ac68ba8e5fb47b2abc988e397deb) Importer(815301076,1909f56bfc062723c751e8b465ee728b)  -> (artifact id: '81a13205c2c1f4f37466e6033d49d686') in 0.008139 seconds 
========================================================================
Received Import Request.
  Time since last request: 450.558819 seconds.
  path: Assets/Vinh/Animations/SideMenuOpen.anim
  artifactKey: Guid(b746ac68ba8e5fb47b2abc988e397deb) Importer(815301076,1909f56bfc062723c751e8b465ee728b)
Start importing Assets/Vinh/Animations/SideMenuOpen.anim using Guid(b746ac68ba8e5fb47b2abc988e397deb) Importer(815301076,1909f56bfc062723c751e8b465ee728b)  -> (artifact id: 'a2dbc15ac4c3dd83f093cb043e5ef6cf') in 0.003625 seconds 
========================================================================
Received Import Request.
  Time since last request: 0.510247 seconds.
  path: Assets/Vinh/Animations/SideMenu.controller
  artifactKey: Guid(3633233ec4c595b46acd057d1c3f4739) Importer(815301076,1909f56bfc062723c751e8b465ee728b)
Start importing Assets/Vinh/Animations/SideMenu.controller using Guid(3633233ec4c595b46acd057d1c3f4739) Importer(815301076,1909f56bfc062723c751e8b465ee728b)  -> (artifact id: '5b49db781774d02c3e96d4cacdfe7e94') in 0.003190 seconds 
========================================================================
Received Import Request.
  Time since last request: 1548.446884 seconds.
  path: Assets/Vinh/Scenes/UI Scenes/Customization Scene.unity
  artifactKey: Guid(d62b295d6c74ae448baea81ac76489dc) Importer(815301076,1909f56bfc062723c751e8b465ee728b)
Start importing Assets/Vinh/Scenes/UI Scenes/Customization Scene.unity using Guid(d62b295d6c74ae448baea81ac76489dc) Importer(815301076,1909f56bfc062723c751e8b465ee728b)  -> (artifact id: '9e17bfa99fee2277969238a826a04aad') in 0.007736 seconds 
========================================================================
Received Import Request.
  Time since last request: 1267.846468 seconds.
  path: Assets/Vinh/Scenes/UI Scenes/Customization Scene.unity
  artifactKey: Guid(d62b295d6c74ae448baea81ac76489dc) Importer(815301076,1909f56bfc062723c751e8b465ee728b)
Start importing Assets/Vinh/Scenes/UI Scenes/Customization Scene.unity using Guid(d62b295d6c74ae448baea81ac76489dc) Importer(815301076,1909f56bfc062723c751e8b465ee728b)  -> (artifact id: 'c9a6c5e7bbfcae03c1c35b3e3c2de231') in 0.002267 seconds 
========================================================================
Received Import Request.
  Time since last request: 19.461907 seconds.
  path: Assets/Vinh/Scenes/UI Scenes/Progress Scene.unity
  artifactKey: Guid(6ecd83f60b265cd45bf47302bc53a423) Importer(815301076,1909f56bfc062723c751e8b465ee728b)
Start importing Assets/Vinh/Scenes/UI Scenes/Progress Scene.unity using Guid(6ecd83f60b265cd45bf47302bc53a423) Importer(815301076,1909f56bfc062723c751e8b465ee728b)  -> (artifact id: '2ec35ba642549c42a78a07e7f76235fb') in 0.007429 seconds 
========================================================================
Received Import Request.
  Time since last request: 12.597469 seconds.
  path: Assets/Vinh/Scenes/UI Scenes/Social Scene.unity
  artifactKey: Guid(dc3e63701ec23ce4f86a936c27e1a1b0) Importer(815301076,1909f56bfc062723c751e8b465ee728b)
Start importing Assets/Vinh/Scenes/UI Scenes/Social Scene.unity using Guid(dc3e63701ec23ce4f86a936c27e1a1b0) Importer(815301076,1909f56bfc062723c751e8b465ee728b)  -> (artifact id: '0015bd92068783a068139a8440bc351b') in 0.009398 seconds 
========================================================================
Received Import Request.
  Time since last request: 1.751572 seconds.
  path: Assets/Vinh/Scenes/UI Scenes/UI Test Scene.unity
  artifactKey: Guid(3b1d129bbdd9a0d429578e3a24d86452) Importer(815301076,1909f56bfc062723c751e8b465ee728b)
Start importing Assets/Vinh/Scenes/UI Scenes/UI Test Scene.unity using Guid(3b1d129bbdd9a0d429578e3a24d86452) Importer(815301076,1909f56bfc062723c751e8b465ee728b)  -> (artifact id: 'cf25bee818b8f7846942f508d5fa9821') in 0.007734 seconds 
